{"meta": {"format": 3, "version": "7.15.0", "timestamp": "2026-07-16T07:58:36.736223", "branch_coverage": false, "show_contexts": false}, "files": {"etl/__init__.py": {"executed_lines": [], "summary": {"covered_lines": 0, "num_statements": 0, "percent_covered": 100.0, "percent_covered_display": "100", "missing_lines": 0, "excluded_lines": 0, "percent_statements_covered": 100.0, "percent_statements_covered_display": "100"}, "missing_lines": [], "excluded_lines": [], "functions": {"": {"executed_lines": [], "summary": {"covered_lines": 0, "num_statements": 0, "percent_covered": 100.0, "percent_covered_display": "100", "missing_lines": 0, "excluded_lines": 0, "percent_statements_covered": 100.0, "percent_statements_covered_display": "100"}, "missing_lines": [], "excluded_lines": [], "start_line": 1}}, "classes": {"": {"executed_lines": [], "summary": {"covered_lines": 0, "num_statements": 0, "percent_covered": 100.0, "percent_covered_display": "100", "missing_lines": 0, "excluded_lines": 0, "percent_statements_covered": 100.0, "percent_statements_covered_display": "100"}, "missing_lines": [], "excluded_lines": [], "start_line": 1}}}, "etl/chunker/__init__.py": {"executed_lines": [], "summary": {"covered_lines": 0, "num_statements": 0, "percent_covered": 100.0, "percent_covered_display": "100", "missing_lines": 0, "excluded_lines": 0, "percent_statements_covered": 100.0, "percent_statements_covered_display": "100"}, "missing_lines": [], "excluded_lines": [], "functions": {"": {"executed_lines": [], "summary": {"covered_lines": 0, "num_statements": 0, "percent_covered": 100.0, "percent_covered_display": "100", "missing_lines": 0, "excluded_lines": 0, "percent_statements_covered": 100.0, "percent_statements_covered_display": "100"}, "missing_lines": [], "excluded_lines": [], "start_line": 1}}, "classes": {"": {"executed_lines": [], "summary": {"covered_lines": 0, "num_statements": 0, "percent_covered": 100.0, "percent_covered_display": "100", "missing_lines": 0, "excluded_lines": 0, "percent_statements_covered": 100.0, "percent_statements_covered_display": "100"}, "missing_lines": [], "excluded_lines": [], "start_line": 1}}}, "etl/chunker/code_chunker.py": {"executed_lines": [4, 5, 6, 7, 9, 11, 12, 15, 16, 20, 21, 22, 25, 26, 27, 28, 32, 34, 35, 37, 38, 43, 44, 46, 47, 48, 49, 50, 51, 52, 53, 54, 65, 68, 83, 85, 86, 88, 89, 91, 102, 103, 104, 105, 106, 111, 112, 114, 115, 117, 118, 119, 121, 122, 131, 134, 136, 137, 139, 141, 145, 146, 147, 148, 149, 159, 160, 161, 163, 167, 168, 169, 170, 171, 172, 177, 179, 180, 181, 183, 186, 193, 194, 196, 197, 198, 199, 200, 201, 202, 204, 205], "summary": {"covered_lines": 92, "num_statements": 108, "percent_covered": 85.18518518518519, "percent_covered_display": "85", "missing_lines": 16, "excluded_lines": 0, "percent_statements_covered": 85.18518518518519, "percent_statements_covered_display": "85"}, "missing_lines": [29, 39, 40, 41, 70, 71, 75, 76, 77, 78, 79, 80, 150, 151, 156, 157], "excluded_lines": [], "functions": {"_extract_python_docstring": {"executed_lines": [26, 27, 28], "summary": {"covered_lines": 3, "num_statements": 4, "percent_covered": 75.0, "percent_covered_display": "75", "missing_lines": 1, "excluded_lines": 0, "percent_statements_covered": 75.0, "percent_statements_covered_display": "75"}, "missing_lines": [29], "excluded_lines": [], "start_line": 25}, "chunk_python": {"executed_lines": [34, 35, 37, 38, 43, 44, 46, 47, 48, 49, 50, 51, 52, 53, 54, 65], "summary": {"covered_lines": 16, "num_statements": 19, "percent_covered": 84.21052631578948, "percent_covered_display": "84", "missing_lines": 3, "excluded_lines": 0, "percent_statements_covered": 84.21052631578948, "percent_statements_covered_display": "84"}, "missing_lines": [39, 40, 41], "excluded_lines": [], "start_line": 32}, "_chunk_python_regex": {"executed_lines": [], "summary": {"covered_lines": 0, "num_statements": 8, "percent_covered": 0.0, "percent_covered_display": "0", "missing_lines": 8, "excluded_lines": 0, "percent_statements_covered": 0.0, "percent_statements_covered_display": "0"}, "missing_lines": [70, 71, 75, 76, 77, 78, 79, 80], "excluded_lines": [], "start_line": 68}, "chunk_javascript": {"executed_lines": [85, 86, 88, 89, 91, 102, 103, 104, 105, 106, 111, 112, 114, 115, 117, 118, 119, 121, 122, 131], "summary": {"covered_lines": 20, "num_statements": 20, "percent_covered": 100.0, "percent_covered_display": "100", "missing_lines": 0, "excluded_lines": 0, "percent_statements_covered": 100.0, "percent_statements_covered_display": "100"}, "missing_lines": [], "excluded_lines": [], "start_line": 83}, "chunk_java": {"executed_lines": [136, 137, 139, 141, 145, 146, 147, 148, 149, 159, 160, 161, 163, 167, 168, 169, 170, 171, 172, 177, 179, 180, 181, 183], "summary": {"covered_lines": 24, "num_statements": 28, "percent_covered": 85.71428571428571, "percent_covered_display": "86", "missing_lines": 4, "excluded_lines": 0, "percent_statements_covered": 85.71428571428571, "percent_statements_covered_display": "86"}, "missing_lines": [150, 151, 156, 157], "excluded_lines": [], "start_line": 134}, "chunk_code": {"executed_lines": [193, 194, 196, 197, 198, 199, 200, 201, 202, 204, 205], "summary": {"covered_lines": 11, "num_statements": 11, "percent_covered": 100.0, "percent_covered_display": "100", "missing_lines": 0, "excluded_lines": 0, "percent_statements_covered": 100.0, "percent_statements_covered_display": "100"}, "missing_lines": [], "excluded_lines": [], "start_line": 186}, "": {"executed_lines": [4, 5, 6, 7, 9, 11, 12, 15, 16, 20, 21, 22, 25, 32, 68, 83, 134, 186], "summary": {"covered_lines": 18, "num_statements": 18, "percent_covered": 100.0, "percent_covered_display": "100", "missing_lines": 0, "excluded_lines": 0, "percent_statements_covered": 100.0, "percent_statements_covered_display": "100"}, "missing_lines": [], "excluded_lines": [], "start_line": 1}}, "classes": {"CodeChunk": {"executed_lines": [], "summary": {"covered_lines": 0, "num_statements": 0, "percent_covered": 100.0, "percent_covered_display": "100", "missing_lines": 0, "excluded_lines": 0, "percent_statements_covered": 100.0, "percent_statements_covered_display": "100"}, "missing_lines": [], "excluded_lines": [], "start_line": 16}, "": {"executed_lines": [4, 5, 6, 7, 9, 11, 12, 15, 16, 20, 21, 22, 25, 26, 27, 28, 32, 34, 35, 37, 38, 43, 44, 46, 47, 48, 49, 50, 51, 52, 53, 54, 65, 68, 83, 85, 86, 88, 89, 91, 102, 103, 104, 105, 106, 111, 112, 114, 115, 117, 118, 119, 121, 122, 131, 134, 136, 137, 139, 141, 145, 146, 147, 148, 149, 159, 160, 161, 163, 167, 168, 169, 170, 171, 172, 177, 179, 180, 181, 183, 186, 193, 194, 196, 197, 198, 199, 200, 201, 202, 204, 205], "summary": {"covered_lines": 92, "num_statements": 108, "percent_covered": 85.18518518518519, "percent_covered_display": "85", "missing_lines": 16, "excluded_lines": 0, "percent_statements_covered": 85.18518518518519, "percent_statements_covered_display": "85"}, "missing_lines": [29, 39, 40, 41, 70, 71, 75, 76, 77, 78, 79, 80, 150, 151, 156, 157], "excluded_lines": [], "start_line": 1}}}, "etl/chunker/hash_versioning.py": {"executed_lines": [12, 13, 14, 15, 16, 17, 18, 20, 21, 23, 27, 28, 31, 37, 49, 50, 53, 61, 67, 68, 69, 70, 71, 72, 73, 75, 77, 78, 79, 80, 82, 83, 84, 86, 88, 89, 90, 91, 93, 96, 104, 113, 114, 115, 117, 129, 130, 132, 133, 134, 137, 138, 139, 142, 143, 144, 145, 148, 154, 156, 158, 160, 161, 162, 163, 164, 167, 168, 170, 172, 173, 174, 176, 178, 179, 180, 181, 182, 184, 187, 188, 193, 195, 197, 203, 204, 205, 206, 209, 211, 212, 213, 215, 217, 218, 219, 220, 221, 222, 224, 226, 227, 233, 234, 241, 243, 245, 246, 247, 253, 254, 261, 266, 268, 269, 270, 272, 273, 275, 278, 279, 280, 281, 282, 286, 292, 293], "summary": {"covered_lines": 127, "num_statements": 156, "percent_covered": 81.41025641025641, "percent_covered_display": "81", "missing_lines": 29, "excluded_lines": 15, "percent_statements_covered": 81.41025641025641, "percent_statements_covered_display": "81"}, "missing_lines": [105, 106, 107, 108, 109, 110, 149, 151, 207, 208, 228, 229, 230, 231, 235, 236, 237, 238, 239, 240, 248, 249, 250, 251, 255, 256, 257, 258, 259], "excluded_lines": [24, 25, 296, 298, 303, 304, 309, 310, 313, 317, 318, 321, 322, 325, 326], "functions": {"compute_chunk_hash": {"executed_lines": [37, 49, 50], "summary": {"covered_lines": 3, "num_statements": 3, "percent_covered": 100.0, "percent_covered_display": "100", "missing_lines": 0, "excluded_lines": 0, "percent_statements_covered": 100.0, "percent_statements_covered_display": "100"}, "missing_lines": [], "excluded_lines": [], "start_line": 31}, "ChunkVersionStore.__init__": {"executed_lines": [67, 68, 69, 70, 71, 72, 73], "summary": {"covered_lines": 7, "num_statements": 7, "percent_covered": 100.0, "percent_covered_display": "100", "missing_lines": 0, "excluded_lines": 0, "percent_statements_covered": 100.0, "percent_statements_covered_display": "100"}, "missing_lines": [], "excluded_lines": [], "start_line": 61}, "ChunkVersionStore._load_wal": {"executed_lines": [77, 78, 79, 80], "summary": {"covered_lines": 4, "num_statements": 4, "percent_covered": 100.0, "percent_covered_display": "100", "missing_lines": 0, "excluded_lines": 0, "percent_statements_covered": 100.0, "percent_statements_covered_display": "100"}, "missing_lines": [], "excluded_lines": [], "start_line": 75}, "ChunkVersionStore._save_wal": {"executed_lines": [83, 84], "summary": {"covered_lines": 2, "num_statements": 2, "percent_covered": 100.0, "percent_covered_display": "100", "missing_lines": 0, "excluded_lines": 0, "percent_statements_covered": 100.0, "percent_statements_covered_display": "100"}, "missing_lines": [], "excluded_lines": [], "start_line": 82}, "ChunkVersionStore.get_last_hash": {"executed_lines": [88, 89, 90, 91], "summary": {"covered_lines": 4, "num_statements": 4, "percent_covered": 100.0, "percent_covered_display": "100", "missing_lines": 0, "excluded_lines": 0, "percent_statements_covered": 100.0, "percent_statements_covered_display": "100"}, "missing_lines": [], "excluded_lines": [], "start_line": 86}, "ChunkVersionStore._append_to_cold_storage": {"executed_lines": [96, 104, 113, 114, 115], "summary": {"covered_lines": 5, "num_statements": 11, "percent_covered": 45.45454545454545, "percent_covered_display": "45", "missing_lines": 6, "excluded_lines": 0, "percent_statements_covered": 45.45454545454545, "percent_statements_covered_display": "45"}, "missing_lines": [105, 106, 107, 108, 109, 110], "excluded_lines": [], "start_line": 93}, "ChunkVersionStore.update_document_chunks": {"executed_lines": [129, 130, 132, 133, 134, 137, 138, 139, 142, 143, 144, 145, 148, 154, 156, 158, 160, 161, 162, 163, 164, 167, 168], "summary": {"covered_lines": 23, "num_statements": 25, "percent_covered": 92.0, "percent_covered_display": "92", "missing_lines": 2, "excluded_lines": 0, "percent_statements_covered": 92.0, "percent_statements_covered_display": "92"}, "missing_lines": [149, 151], "excluded_lines": [], "start_line": 117}, "ChunkVersionStore._save_chunks_to_hot": {"executed_lines": [172, 173, 174], "summary": {"covered_lines": 3, "num_statements": 3, "percent_covered": 100.0, "percent_covered_display": "100", "missing_lines": 0, "excluded_lines": 0, "percent_statements_covered": 100.0, "percent_statements_covered_display": "100"}, "missing_lines": [], "excluded_lines": [], "start_line": 170}, "ChunkVersionStore._load_hot_chunks": {"executed_lines": [178, 179, 180, 181, 182], "summary": {"covered_lines": 5, "num_statements": 5, "percent_covered": 100.0, "percent_covered_display": "100", "missing_lines": 0, "excluded_lines": 0, "percent_statements_covered": 100.0, "percent_statements_covered_display": "100"}, "missing_lines": [], "excluded_lines": [], "start_line": 176}, "ChunkVersionStore._update_wal": {"executed_lines": [187, 188, 193], "summary": {"covered_lines": 3, "num_statements": 3, "percent_covered": 100.0, "percent_covered_display": "100", "missing_lines": 0, "excluded_lines": 0, "percent_statements_covered": 100.0, "percent_statements_covered_display": "100"}, "missing_lines": [], "excluded_lines": [], "start_line": 184}, "ChunkVersionStore._log_deletion": {"executed_lines": [197, 203, 204, 205, 206, 209, 211, 212, 213], "summary": {"covered_lines": 9, "num_statements": 11, "percent_covered": 81.81818181818181, "percent_covered_display": "82", "missing_lines": 2, "excluded_lines": 0, "percent_statements_covered": 81.81818181818181, "percent_statements_covered_display": "82"}, "missing_lines": [207, 208], "excluded_lines": [], "start_line": 195}, "ChunkVersionStore.get_all_current_chunks": {"executed_lines": [217, 218, 219, 220, 221, 222], "summary": {"covered_lines": 6, "num_statements": 6, "percent_covered": 100.0, "percent_covered_display": "100", "missing_lines": 0, "excluded_lines": 0, "percent_statements_covered": 100.0, "percent_statements_covered_display": "100"}, "missing_lines": [], "excluded_lines": [], "start_line": 215}, "ChunkVersionStore.get_chunk_history": {"executed_lines": [226, 227, 233, 234, 241], "summary": {"covered_lines": 5, "num_statements": 15, "percent_covered": 33.333333333333336, "percent_covered_display": "33", "missing_lines": 10, "excluded_lines": 0, "percent_statements_covered": 33.333333333333336, "percent_statements_covered_display": "33"}, "missing_lines": [228, 229, 230, 231, 235, 236, 237, 238, 239, 240], "excluded_lines": [], "start_line": 224}, "ChunkVersionStore.cleanup_old_versions": {"executed_lines": [245, 246, 247, 253, 254], "summary": {"covered_lines": 5, "num_statements": 14, "percent_covered": 35.714285714285715, "percent_covered_display": "36", "missing_lines": 9, "excluded_lines": 0, "percent_statements_covered": 35.714285714285715, "percent_statements_covered_display": "36"}, "missing_lines": [248, 249, 250, 251, 255, 256, 257, 258, 259], "excluded_lines": [], "start_line": 243}, "ChunkVersionStore.reset": {"executed_lines": [266, 268, 269, 270, 272, 273, 275, 278, 279, 280, 281, 282], "summary": {"covered_lines": 12, "num_statements": 12, "percent_covered": 100.0, "percent_covered_display": "100", "missing_lines": 0, "excluded_lines": 0, "percent_statements_covered": 100.0, "percent_statements_covered_display": "100"}, "missing_lines": [], "excluded_lines": [], "start_line": 261}, "get_incremental_chunks": {"executed_lines": [292, 293], "summary": {"covered_lines": 2, "num_statements": 2, "percent_covered": 100.0, "percent_covered_display": "100", "missing_lines": 0, "excluded_lines": 0, "percent_statements_covered": 100.0, "percent_statements_covered_display": "100"}, "missing_lines": [], "excluded_lines": [], "start_line": 286}, "": {"executed_lines": [12, 13, 14, 15, 16, 17, 18, 20, 21, 23, 27, 28, 31, 53, 61, 75, 82, 86, 93, 117, 170, 176, 184, 195, 215, 224, 243, 261, 286], "summary": {"covered_lines": 29, "num_statements": 29, "percent_covered": 100.0, "percent_covered_display": "100", "missing_lines": 0, "excluded_lines": 15, "percent_statements_covered": 100.0, "percent_statements_covered_display": "100"}, "missing_lines": [], "excluded_lines": [24, 25, 296, 298, 303, 304, 309, 310, 313, 317, 318, 321, 322, 325, 326], "start_line": 1}}, "classes": {"ChunkVersionStore": {"executed_lines": [67, 68, 69, 70, 71, 72, 73, 77, 78, 79, 80, 83, 84, 88, 89, 90, 91, 96, 104, 113, 114, 115, 129, 130, 132, 133, 134, 137, 138, 139, 142, 143, 144, 145, 148, 154, 156, 158, 160, 161, 162, 163, 164, 167, 168, 172, 173, 174, 178, 179, 180, 181, 182, 187, 188, 193, 197, 203, 204, 205, 206, 209, 211, 212, 213, 217, 218, 219, 220, 221, 222, 226, 227, 233, 234, 241, 245, 246, 247, 253, 254, 266, 268, 269, 270, 272, 273, 275, 278, 279, 280, 281, 282], "summary": {"covered_lines": 93, "num_statements": 122, "percent_covered": 76.22950819672131, "percent_covered_display": "76", "missing_lines": 29, "excluded_lines": 0, "percent_statements_covered": 76.22950819672131, "percent_statements_covered_display": "76"}, "missing_lines": [105, 106, 107, 108, 109, 110, 149, 151, 207, 208, 228, 229, 230, 231, 235, 236, 237, 238, 239, 240, 248, 249, 250, 251, 255, 256, 257, 258, 259], "excluded_lines": [], "start_line": 53}, "": {"executed_lines": [12, 13, 14, 15, 16, 17, 18, 20, 21, 23, 27, 28, 31, 37, 49, 50, 53, 61, 75, 82, 86, 93, 117, 170, 176, 184, 195, 215, 224, 243, 261, 286, 292, 293], "summary": {"covered_lines": 34, "num_statements": 34, "percent_covered": 100.0, "percent_covered_display": "100", "missing_lines": 0, "excluded_lines": 15, "percent_statements_covered": 100.0, "percent_statements_covered_display": "100"}, "missing_lines": [], "excluded_lines": [24, 25, 296, 298, 303, 304, 309, 310, 313, 317, 318, 321, 322, 325, 326], "start_line": 1}}}, "etl/chunker/semantic_chunker.py": {"executed_lines": [8, 9, 10, 11, 12, 13, 14, 17, 18, 21, 22, 27, 28, 30, 34, 35, 38, 39, 44, 45, 46, 47, 48, 49, 50, 51, 52, 53, 54, 55, 56, 57, 58, 61, 67, 76, 77, 78, 80, 82, 84, 89, 91, 92, 93, 94, 95, 96, 98, 99, 100, 101, 103, 104, 105, 106, 108, 110, 111, 113, 115, 116, 117, 118, 119, 120, 121, 125, 126, 127, 129, 130, 131, 133, 134, 135, 136, 138, 145, 147, 148, 150, 153, 154, 156, 157, 158, 162, 169, 170, 171, 172, 173, 174, 176, 177, 178, 179, 181, 182, 184, 185, 186, 187, 188, 190, 191, 193, 194, 195, 196, 197, 199, 201, 202, 204, 206, 208, 209, 211, 212, 223, 225, 227, 228, 229, 230, 231, 232, 234, 235, 236, 238, 239, 240, 241, 242, 245, 250, 251, 252, 253, 254, 255, 257, 258, 259, 260, 261, 262, 263, 265, 268, 269, 270, 271, 272, 273, 274, 275, 277, 279, 280, 281, 282, 283, 285, 287, 288, 289, 290, 292, 295, 297, 298, 299, 300, 301, 303, 340, 345, 346, 347, 349, 357, 358, 359, 361, 364, 366, 367, 368, 369, 372, 373, 374, 375, 376, 378, 388, 389, 390, 393, 394, 395, 396, 400, 401, 403, 404, 407, 408, 410, 412, 413, 414, 415, 416, 417, 418, 419, 420, 421, 424, 425, 426, 427, 428, 429, 430, 431, 432, 433, 449, 450, 453, 467, 479, 559, 597, 636, 651, 674, 708, 710, 711, 712, 714, 715, 716, 717, 718, 719], "summary": {"covered_lines": 253, "num_statements": 385, "percent_covered": 65.71428571428571, "percent_covered_display": "66", "missing_lines": 132, "excluded_lines": 20, "percent_statements_covered": 65.71428571428571, "percent_statements_covered_display": "66"}, "missing_lines": [90, 151, 160, 180, 207, 305, 306, 307, 308, 310, 318, 321, 322, 324, 326, 327, 328, 333, 335, 336, 337, 379, 380, 381, 382, 383, 384, 385, 398, 402, 474, 475, 476, 477, 484, 485, 486, 488, 489, 490, 493, 494, 495, 506, 508, 509, 510, 511, 512, 513, 514, 515, 516, 526, 527, 528, 529, 530, 531, 532, 533, 541, 544, 545, 554, 555, 557, 561, 562, 564, 565, 567, 569, 570, 571, 572, 573, 576, 577, 578, 579, 580, 583, 584, 585, 586, 588, 589, 590, 592, 593, 595, 599, 600, 601, 602, 603, 606, 607, 609, 610, 611, 612, 620, 622, 624, 625, 634, 638, 639, 641, 642, 643, 644, 645, 646, 647, 649, 661, 664, 667, 670, 672, 682, 683, 685, 686, 688, 689, 690, 702, 704], "excluded_lines": [19, 20, 23, 24, 31, 32, 334, 722, 724, 731, 732, 733, 734, 735, 736, 737, 738, 739, 740, 741], "functions": {"SemanticChunker.__init__": {"executed_lines": [76, 77, 78], "summary": {"covered_lines": 3, "num_statements": 3, "percent_covered": 100.0, "percent_covered_display": "100", "missing_lines": 0, "excluded_lines": 0, "percent_statements_covered": 100.0, "percent_statements_covered_display": "100"}, "missing_lines": [], "excluded_lines": [], "start_line": 67}, "SemanticChunker._estimate_tokens": {"executed_lines": [82], "summary": {"covered_lines": 1, "num_statements": 1, "percent_covered": 100.0, "percent_covered_display": "100", "missing_lines": 0, "excluded_lines": 0, "percent_statements_covered": 100.0, "percent_statements_covered_display": "100"}, "missing_lines": [], "excluded_lines": [], "start_line": 80}, "SemanticChunker._split_by_headings": {"executed_lines": [89, 91, 92, 93, 94, 95, 96, 98, 99, 100, 101, 103, 104, 105, 106], "summary": {"covered_lines": 15, "num_statements": 16, "percent_covered": 93.75, "percent_covered_display": "94", "missing_lines": 1, "excluded_lines": 0, "percent_statements_covered": 93.75, "percent_statements_covered_display": "94"}, "missing_lines": [90], "excluded_lines": [], "start_line": 84}, "SemanticChunker._split_by_paragraphs": {"executed_lines": [110, 111], "summary": {"covered_lines": 2, "num_statements": 2, "percent_covered": 100.0, "percent_covered_display": "100", "missing_lines": 0, "excluded_lines": 0, "percent_statements_covered": 100.0, "percent_statements_covered_display": "100"}, "missing_lines": [], "excluded_lines": [], "start_line": 108}, "SemanticChunker._merge_short_chunks": {"executed_lines": [115, 116, 117, 118, 119, 120, 121, 125, 126, 127, 129, 130, 131, 133, 134, 135, 136], "summary": {"covered_lines": 17, "num_statements": 17, "percent_covered": 100.0, "percent_covered_display": "100", "missing_lines": 0, "excluded_lines": 0, "percent_statements_covered": 100.0, "percent_statements_covered_display": "100"}, "missing_lines": [], "excluded_lines": [], "start_line": 113}, "SemanticChunker._prepend_context": {"executed_lines": [145, 147, 148, 150, 153, 154, 156, 157, 158], "summary": {"covered_lines": 9, "num_statements": 11, "percent_covered": 81.81818181818181, "percent_covered_display": "82", "missing_lines": 2, "excluded_lines": 0, "percent_statements_covered": 81.81818181818181, "percent_statements_covered_display": "82"}, "missing_lines": [151, 160], "excluded_lines": [], "start_line": 138}, "SemanticChunker.chunk_html": {"executed_lines": [169, 170, 171, 172, 173, 174, 176, 177, 178, 179, 181, 182, 184, 185, 186, 187, 188, 190, 191, 193, 194, 195, 196, 197, 199, 201, 202], "summary": {"covered_lines": 27, "num_statements": 28, "percent_covered": 96.42857142857143, "percent_covered_display": "96", "missing_lines": 1, "excluded_lines": 0, "percent_statements_covered": 96.42857142857143, "percent_statements_covered_display": "96"}, "missing_lines": [180], "excluded_lines": [], "start_line": 162}, "SemanticChunker.chunk_markdown": {"executed_lines": [206, 208, 209], "summary": {"covered_lines": 3, "num_statements": 4, "percent_covered": 75.0, "percent_covered_display": "75", "missing_lines": 1, "excluded_lines": 0, "percent_statements_covered": 75.0, "percent_statements_covered_display": "75"}, "missing_lines": [207], "excluded_lines": [], "start_line": 204}, "SemanticChunker._create_chunk": {"executed_lines": [212, 223], "summary": {"covered_lines": 2, "num_statements": 2, "percent_covered": 100.0, "percent_covered_display": "100", "missing_lines": 0, "excluded_lines": 0, "percent_statements_covered": 100.0, "percent_statements_covered_display": "100"}, "missing_lines": [], "excluded_lines": [], "start_line": 211}, "SemanticChunker._apply_overlap": {"executed_lines": [227, 228, 229, 230, 231, 232, 234, 235, 236, 238, 239, 240, 241, 242], "summary": {"covered_lines": 14, "num_statements": 14, "percent_covered": 100.0, "percent_covered_display": "100", "missing_lines": 0, "excluded_lines": 0, "percent_statements_covered": 100.0, "percent_statements_covered_display": "100"}, "missing_lines": [], "excluded_lines": [], "start_line": 225}, "MetadataEnricher.__init__": {"executed_lines": [251, 252, 253, 254, 255, 257, 258, 259, 260, 261, 262, 263], "summary": {"covered_lines": 12, "num_statements": 12, "percent_covered": 100.0, "percent_covered_display": "100", "missing_lines": 0, "excluded_lines": 0, "percent_statements_covered": 100.0, "percent_statements_covered_display": "100"}, "missing_lines": [], "excluded_lines": [], "start_line": 250}, "MetadataEnricher.extract_keywords_tfidf": {"executed_lines": [268, 269, 270, 271, 272, 273, 274, 275], "summary": {"covered_lines": 8, "num_statements": 8, "percent_covered": 100.0, "percent_covered_display": "100", "missing_lines": 0, "excluded_lines": 0, "percent_statements_covered": 100.0, "percent_statements_covered_display": "100"}, "missing_lines": [], "excluded_lines": [], "start_line": 265}, "MetadataEnricher.extract_entities_spacy": {"executed_lines": [279, 280, 281, 282, 283], "summary": {"covered_lines": 5, "num_statements": 5, "percent_covered": 100.0, "percent_covered_display": "100", "missing_lines": 0, "excluded_lines": 0, "percent_statements_covered": 100.0, "percent_statements_covered_display": "100"}, "missing_lines": [], "excluded_lines": [], "start_line": 277}, "MetadataEnricher.generate_summary": {"executed_lines": [287, 288, 289, 290], "summary": {"covered_lines": 4, "num_statements": 4, "percent_covered": 100.0, "percent_covered_display": "100", "missing_lines": 0, "excluded_lines": 0, "percent_statements_covered": 100.0, "percent_statements_covered_display": "100"}, "missing_lines": [], "excluded_lines": [], "start_line": 285}, "MetadataEnricher.generate_hypothetical_questions": {"executed_lines": [295, 297, 298, 299, 300, 301], "summary": {"covered_lines": 6, "num_statements": 6, "percent_covered": 100.0, "percent_covered_display": "100", "missing_lines": 0, "excluded_lines": 0, "percent_statements_covered": 100.0, "percent_statements_covered_display": "100"}, "missing_lines": [], "excluded_lines": [], "start_line": 292}, "MetadataEnricher.enrich_with_slm": {"executed_lines": [], "summary": {"covered_lines": 0, "num_statements": 16, "percent_covered": 0.0, "percent_covered_display": "0", "missing_lines": 16, "excluded_lines": 1, "percent_statements_covered": 0.0, "percent_statements_covered_display": "0"}, "missing_lines": [305, 306, 307, 308, 310, 318, 321, 322, 324, 326, 327, 328, 333, 335, 336, 337], "excluded_lines": [334], "start_line": 303}, "MDKeyChunker.__init__": {"executed_lines": [346, 347], "summary": {"covered_lines": 2, "num_statements": 2, "percent_covered": 100.0, "percent_covered_display": "100", "missing_lines": 0, "excluded_lines": 0, "percent_statements_covered": 100.0, "percent_statements_covered_display": "100"}, "missing_lines": [], "excluded_lines": [], "start_line": 345}, "MDKeyChunker.process_document": {"executed_lines": [357, 358, 359, 361, 364, 366, 367, 368, 369, 372, 373, 374, 375, 376, 378, 388, 389, 390, 393, 394, 395, 396, 400, 401, 403, 404, 407, 408], "summary": {"covered_lines": 28, "num_statements": 37, "percent_covered": 75.67567567567568, "percent_covered_display": "76", "missing_lines": 9, "excluded_lines": 0, "percent_statements_covered": 75.67567567567568, "percent_statements_covered_display": "76"}, "missing_lines": [379, 380, 381, 382, 383, 384, 385, 398, 402], "excluded_lines": [], "start_line": 349}, "MDKeyChunker._pack_by_semantic_key": {"executed_lines": [412, 413, 414, 415, 416, 417, 418, 419, 420, 421, 424, 425, 426, 427, 428, 429, 430, 431, 432, 433, 449, 450], "summary": {"covered_lines": 22, "num_statements": 22, "percent_covered": 100.0, "percent_covered_display": "100", "missing_lines": 0, "excluded_lines": 0, "percent_statements_covered": 100.0, "percent_statements_covered_display": "100"}, "missing_lines": [], "excluded_lines": [], "start_line": 410}, "AdaptiveChunker.__init__": {"executed_lines": [], "summary": {"covered_lines": 0, "num_statements": 4, "percent_covered": 0.0, "percent_covered_display": "0", "missing_lines": 4, "excluded_lines": 0, "percent_statements_covered": 0.0, "percent_statements_covered_display": "0"}, "missing_lines": [474, 475, 476, 477], "excluded_lines": [], "start_line": 467}, "AdaptiveChunker._detect_structure": {"executed_lines": [], "summary": {"covered_lines": 0, "num_statements": 33, "percent_covered": 0.0, "percent_covered_display": "0", "missing_lines": 33, "excluded_lines": 0, "percent_statements_covered": 0.0, "percent_statements_covered_display": "0"}, "missing_lines": [484, 485, 486, 488, 489, 490, 493, 494, 495, 506, 508, 509, 510, 511, 512, 513, 514, 515, 516, 526, 527, 528, 529, 530, 531, 532, 533, 541, 544, 545, 554, 555, 557], "excluded_lines": [], "start_line": 479}, "AdaptiveChunker._merge_small_elements": {"executed_lines": [], "summary": {"covered_lines": 0, "num_statements": 25, "percent_covered": 0.0, "percent_covered_display": "0", "missing_lines": 25, "excluded_lines": 0, "percent_statements_covered": 0.0, "percent_statements_covered_display": "0"}, "missing_lines": [561, 562, 564, 565, 567, 569, 570, 571, 572, 573, 576, 577, 578, 579, 580, 583, 584, 585, 586, 588, 589, 590, 592, 593, 595], "excluded_lines": [], "start_line": 559}, "AdaptiveChunker._split_large_chunks": {"executed_lines": [], "summary": {"covered_lines": 0, "num_statements": 16, "percent_covered": 0.0, "percent_covered_display": "0", "missing_lines": 16, "excluded_lines": 0, "percent_statements_covered": 0.0, "percent_statements_covered_display": "0"}, "missing_lines": [599, 600, 601, 602, 603, 606, 607, 609, 610, 611, 612, 620, 622, 624, 625, 634], "excluded_lines": [], "start_line": 597}, "AdaptiveChunker._apply_overlap": {"executed_lines": [], "summary": {"covered_lines": 0, "num_statements": 10, "percent_covered": 0.0, "percent_covered_display": "0", "missing_lines": 10, "excluded_lines": 0, "percent_statements_covered": 0.0, "percent_statements_covered_display": "0"}, "missing_lines": [638, 639, 641, 642, 643, 644, 645, 646, 647, 649], "excluded_lines": [], "start_line": 636}, "AdaptiveChunker.chunk": {"executed_lines": [], "summary": {"covered_lines": 0, "num_statements": 5, "percent_covered": 0.0, "percent_covered_display": "0", "missing_lines": 5, "excluded_lines": 0, "percent_statements_covered": 0.0, "percent_statements_covered_display": "0"}, "missing_lines": [661, 664, 667, 670, 672], "excluded_lines": [], "start_line": 651}, "AdaptiveChunker.chunk_markdown": {"executed_lines": [], "summary": {"covered_lines": 0, "num_statements": 9, "percent_covered": 0.0, "percent_covered_display": "0", "missing_lines": 9, "excluded_lines": 0, "percent_statements_covered": 0.0, "percent_statements_covered_display": "0"}, "missing_lines": [682, 683, 685, 686, 688, 689, 690, 702, 704], "excluded_lines": [], "start_line": 674}, "save_chunks_to_json": {"executed_lines": [710, 711, 712, 714, 715, 716, 717, 718, 719], "summary": {"covered_lines": 9, "num_statements": 9, "percent_covered": 100.0, "percent_covered_display": "100", "missing_lines": 0, "excluded_lines": 0, "percent_statements_covered": 100.0, "percent_statements_covered_display": "100"}, "missing_lines": [], "excluded_lines": [], "start_line": 708}, "": {"executed_lines": [8, 9, 10, 11, 12, 13, 14, 17, 18, 21, 22, 27, 28, 30, 34, 35, 38, 39, 44, 45, 46, 47, 48, 49, 50, 51, 52, 53, 54, 55, 56, 57, 58, 61, 67, 80, 84, 108, 113, 138, 162, 204, 211, 225, 245, 250, 265, 277, 285, 292, 303, 340, 345, 349, 410, 453, 467, 479, 559, 597, 636, 651, 674, 708], "summary": {"covered_lines": 64, "num_statements": 64, "percent_covered": 100.0, "percent_covered_display": "100", "missing_lines": 0, "excluded_lines": 19, "percent_statements_covered": 100.0, "percent_statements_covered_display": "100"}, "missing_lines": [], "excluded_lines": [19, 20, 23, 24, 31, 32, 722, 724, 731, 732, 733, 734, 735, 736, 737, 738, 739, 740, 741], "start_line": 1}}, "classes": {"Chunk": {"executed_lines": [], "summary": {"covered_lines": 0, "num_statements": 0, "percent_covered": 100.0, "percent_covered_display": "100", "missing_lines": 0, "excluded_lines": 0, "percent_statements_covered": 100.0, "percent_statements_covered_display": "100"}, "missing_lines": [], "excluded_lines": [], "start_line": 39}, "SemanticChunker": {"executed_lines": [76, 77, 78, 82, 89, 91, 92, 93, 94, 95, 96, 98, 99, 100, 101, 103, 104, 105, 106, 110, 111, 115, 116, 117, 118, 119, 120, 121, 125, 126, 127, 129, 130, 131, 133, 134, 135, 136, 145, 147, 148, 150, 153, 154, 156, 157, 158, 169, 170, 171, 172, 173, 174, 176, 177, 178, 179, 181, 182, 184, 185, 186, 187, 188, 190, 191, 193, 194, 195, 196, 197, 199, 201, 202, 206, 208, 209, 212, 223, 227, 228, 229, 230, 231, 232, 234, 235, 236, 238, 239, 240, 241, 242], "summary": {"covered_lines": 93, "num_statements": 98, "percent_covered": 94.89795918367346, "percent_covered_display": "95", "missing_lines": 5, "excluded_lines": 0, "percent_statements_covered": 94.89795918367346, "percent_statements_covered_display": "95"}, "missing_lines": [90, 151, 160, 180, 207], "excluded_lines": [], "start_line": 61}, "MetadataEnricher": {"executed_lines": [251, 252, 253, 254, 255, 257, 258, 259, 260, 261, 262, 263, 268, 269, 270, 271, 272, 273, 274, 275, 279, 280, 281, 282, 283, 287, 288, 289, 290, 295, 297, 298, 299, 300, 301], "summary": {"covered_lines": 35, "num_statements": 51, "percent_covered": 68.62745098039215, "percent_covered_display": "69", "missing_lines": 16, "excluded_lines": 1, "percent_statements_covered": 68.62745098039215, "percent_statements_covered_display": "69"}, "missing_lines": [305, 306, 307, 308, 310, 318, 321, 322, 324, 326, 327, 328, 333, 335, 336, 337], "excluded_lines": [334], "start_line": 245}, "MDKeyChunker": {"executed_lines": [346, 347, 357, 358, 359, 361, 364, 366, 367, 368, 369, 372, 373, 374, 375, 376, 378, 388, 389, 390, 393, 394, 395, 396, 400, 401, 403, 404, 407, 408, 412, 413, 414, 415, 416, 417, 418, 419, 420, 421, 424, 425, 426, 427, 428, 429, 430, 431, 432, 433, 449, 450], "summary": {"covered_lines": 52, "num_statements": 61, "percent_covered": 85.24590163934427, "percent_covered_display": "85", "missing_lines": 9, "excluded_lines": 0, "percent_statements_covered": 85.24590163934427, "percent_statements_covered_display": "85"}, "missing_lines": [379, 380, 381, 382, 383, 384, 385, 398, 402], "excluded_lines": [], "start_line": 340}, "AdaptiveChunker": {"executed_lines": [], "summary": {"covered_lines": 0, "num_statements": 102, "percent_covered": 0.0, "percent_covered_display": "0", "missing_lines": 102, "excluded_lines": 0, "percent_statements_covered": 0.0, "percent_statements_covered_display": "0"}, "missing_lines": [474, 475, 476, 477, 484, 485, 486, 488, 489, 490, 493, 494, 495, 506, 508, 509, 510, 511, 512, 513, 514, 515, 516, 526, 527, 528, 529, 530, 531, 532, 533, 541, 544, 545, 554, 555, 557, 561, 562, 564, 565, 567, 569, 570, 571, 572, 573, 576, 577, 578, 579, 580, 583, 584, 585, 586, 588, 589, 590, 592, 593, 595, 599, 600, 601, 602, 603, 606, 607, 609, 610, 611, 612, 620, 622, 624, 625, 634, 638, 639, 641, 642, 643, 644, 645, 646, 647, 649, 661, 664, 667, 670, 672, 682, 683, 685, 686, 688, 689, 690, 702, 704], "excluded_lines": [], "start_line": 453}, "": {"executed_lines": [8, 9, 10, 11, 12, 13, 14, 17, 18, 21, 22, 27, 28, 30, 34, 35, 38, 39, 44, 45, 46, 47, 48, 49, 50, 51, 52, 53, 54, 55, 56, 57, 58, 61, 67, 80, 84, 108, 113, 138, 162, 204, 211, 225, 245, 250, 265, 277, 285, 292, 303, 340, 345, 349, 410, 453, 467, 479, 559, 597, 636, 651, 674, 708, 710, 711, 712, 714, 715, 716, 717, 718, 719], "summary": {"covered_lines": 73, "num_statements": 73, "percent_covered": 100.0, "percent_covered_display": "100", "missing_lines": 0, "excluded_lines": 19, "percent_statements_covered": 100.0, "percent_statements_covered_display": "100"}, "missing_lines": [], "excluded_lines": [19, 20, 23, 24, 31, 32, 722, 724, 731, 732, 733, 734, 735, 736, 737, 738, 739, 740, 741], "start_line": 1}}}, "etl/chunker/table_extractor.py": {"executed_lines": [4, 5, 6, 8, 9, 11, 16, 18, 21, 22, 25, 28, 33, 34, 36, 37, 42, 43, 44, 45, 46, 47, 49, 50, 52, 53, 54, 55, 56, 58, 59, 60, 61, 63, 64, 65, 66, 67, 68, 70, 71, 73, 75, 78, 80, 81, 83, 84, 86, 89, 90, 91, 93, 94, 96, 97, 98, 100, 102, 104, 105, 106, 108, 111, 116, 123, 124, 125, 126, 127, 128, 129, 130, 131, 133], "summary": {"covered_lines": 75, "num_statements": 80, "percent_covered": 93.75, "percent_covered_display": "94", "missing_lines": 5, "excluded_lines": 3, "percent_statements_covered": 93.75, "percent_statements_covered_display": "94"}, "missing_lines": [38, 39, 40, 62, 87], "excluded_lines": [12, 13, 14], "functions": {"extract_tables_from_html": {"executed_lines": [33, 34, 36, 37, 42, 43, 44, 45, 46, 47, 49, 50, 52, 53, 54, 55, 56, 58, 59, 60, 61, 63, 64, 65, 66, 67, 68, 70, 71, 73, 75], "summary": {"covered_lines": 31, "num_statements": 35, "percent_covered": 88.57142857142857, "percent_covered_display": "89", "missing_lines": 4, "excluded_lines": 0, "percent_statements_covered": 88.57142857142857, "percent_statements_covered_display": "89"}, "missing_lines": [38, 39, 40, 62], "excluded_lines": [], "start_line": 28}, "table_to_markdown": {"executed_lines": [80, 81, 83, 84, 86, 89, 90, 91, 93, 96, 97, 98, 100, 102, 104, 105, 106, 108], "summary": {"covered_lines": 18, "num_statements": 19, "percent_covered": 94.73684210526316, "percent_covered_display": "95", "missing_lines": 1, "excluded_lines": 0, "percent_statements_covered": 94.73684210526316, "percent_statements_covered_display": "95"}, "missing_lines": [87], "excluded_lines": [], "start_line": 78}, "table_to_markdown._clean_cell": {"executed_lines": [94], "summary": {"covered_lines": 1, "num_statements": 1, "percent_covered": 100.0, "percent_covered_display": "100", "missing_lines": 0, "excluded_lines": 0, "percent_statements_covered": 100.0, "percent_statements_covered_display": "100"}, "missing_lines": [], "excluded_lines": [], "start_line": 93}, "table_to_json": {"executed_lines": [116, 123, 124, 125, 126, 127, 128, 129, 130, 131, 133], "summary": {"covered_lines": 11, "num_statements": 11, "percent_covered": 100.0, "percent_covered_display": "100", "missing_lines": 0, "excluded_lines": 0, "percent_statements_covered": 100.0, "percent_statements_covered_display": "100"}, "missing_lines": [], "excluded_lines": [], "start_line": 111}, "": {"executed_lines": [4, 5, 6, 8, 9, 11, 16, 18, 21, 22, 25, 28, 78, 111], "summary": {"covered_lines": 14, "num_statements": 14, "percent_covered": 100.0, "percent_covered_display": "100", "missing_lines": 0, "excluded_lines": 3, "percent_statements_covered": 100.0, "percent_statements_covered_display": "100"}, "missing_lines": [], "excluded_lines": [12, 13, 14], "start_line": 1}}, "classes": {"TableData": {"executed_lines": [], "summary": {"covered_lines": 0, "num_statements": 0, "percent_covered": 100.0, "percent_covered_display": "100", "missing_lines": 0, "excluded_lines": 0, "percent_statements_covered": 100.0, "percent_statements_covered_display": "100"}, "missing_lines": [], "excluded_lines": [], "start_line": 22}, "": {"executed_lines": [4, 5, 6, 8, 9, 11, 16, 18, 21, 22, 25, 28, 33, 34, 36, 37, 42, 43, 44, 45, 46, 47, 49, 50, 52, 53, 54, 55, 56, 58, 59, 60, 61, 63, 64, 65, 66, 67, 68, 70, 71, 73, 75, 78, 80, 81, 83, 84, 86, 89, 90, 91, 93, 94, 96, 97, 98, 100, 102, 104, 105, 106, 108, 111, 116, 123, 124, 125, 126, 127, 128, 129, 130, 131, 133], "summary": {"covered_lines": 75, "num_statements": 80, "percent_covered": 93.75, "percent_covered_display": "94", "missing_lines": 5, "excluded_lines": 3, "percent_statements_covered": 93.75, "percent_statements_covered_display": "94"}, "missing_lines": [38, 39, 40, 62, 87], "excluded_lines": [12, 13, 14], "start_line": 1}}}, "etl/config/__init__.py": {"executed_lines": [], "summary": {"covered_lines": 0, "num_statements": 0, "percent_covered": 100.0, "percent_covered_display": "100", "missing_lines": 0, "excluded_lines": 0, "percent_statements_covered": 100.0, "percent_statements_covered_display": "100"}, "missing_lines": [], "excluded_lines": [], "functions": {"": {"executed_lines": [], "summary": {"covered_lines": 0, "num_statements": 0, "percent_covered": 100.0, "percent_covered_display": "100", "missing_lines": 0, "excluded_lines": 0, "percent_statements_covered": 100.0, "percent_statements_covered_display": "100"}, "missing_lines": [], "excluded_lines": [], "start_line": 1}}, "classes": {"": {"executed_lines": [], "summary": {"covered_lines": 0, "num_statements": 0, "percent_covered": 100.0, "percent_covered_display": "100", "missing_lines": 0, "excluded_lines": 0, "percent_statements_covered": 100.0, "percent_statements_covered_display": "100"}, "missing_lines": [], "excluded_lines": [], "start_line": 1}}}, "etl/extractors/__init__.py": {"executed_lines": [4, 6], "summary": {"covered_lines": 2, "num_statements": 2, "percent_covered": 100.0, "percent_covered_display": "100", "missing_lines": 0, "excluded_lines": 0, "percent_statements_covered": 100.0, "percent_statements_covered_display": "100"}, "missing_lines": [], "excluded_lines": [], "functions": {"": {"executed_lines": [4, 6], "summary": {"covered_lines": 2, "num_statements": 2, "percent_covered": 100.0, "percent_covered_display": "100", "missing_lines": 0, "excluded_lines": 0, "percent_statements_covered": 100.0, "percent_statements_covered_display": "100"}, "missing_lines": [], "excluded_lines": [], "start_line": 1}}, "classes": {"": {"executed_lines": [4, 6], "summary": {"covered_lines": 2, "num_statements": 2, "percent_covered": 100.0, "percent_covered_display": "100", "missing_lines": 0, "excluded_lines": 0, "percent_statements_covered": 100.0, "percent_statements_covered_display": "100"}, "missing_lines": [], "excluded_lines": [], "start_line": 1}}}, "etl/extractors/base.py": {"executed_lines": [], "summary": {"covered_lines": 0, "num_statements": 2, "percent_covered": 0.0, "percent_covered_display": "0", "missing_lines": 2, "excluded_lines": 0, "percent_statements_covered": 0.0, "percent_statements_covered_display": "0"}, "missing_lines": [4, 6], "excluded_lines": [], "functions": {"": {"executed_lines": [], "summary": {"covered_lines": 0, "num_statements": 2, "percent_covered": 0.0, "percent_covered_display": "0", "missing_lines": 2, "excluded_lines": 0, "percent_statements_covered": 0.0, "percent_statements_covered_display": "0"}, "missing_lines": [4, 6], "excluded_lines": [], "start_line": 1}}, "classes": {"": {"executed_lines": [], "summary": {"covered_lines": 0, "num_statements": 2, "percent_covered": 0.0, "percent_covered_display": "0", "missing_lines": 2, "excluded_lines": 0, "percent_statements_covered": 0.0, "percent_statements_covered_display": "0"}, "missing_lines": [4, 6], "excluded_lines": [], "start_line": 1}}}, "etl/extractors/base_extractor.py": {"executed_lines": [3, 4, 5, 6, 7, 8, 11, 12, 16, 17, 18, 19, 20, 23, 24, 30, 31, 32, 33, 34, 36, 37, 38, 41, 44, 45, 47, 48, 51, 52, 55, 56, 59, 61, 63, 65, 66, 67], "summary": {"covered_lines": 38, "num_statements": 38, "percent_covered": 100.0, "percent_covered_display": "100", "missing_lines": 0, "excluded_lines": 0, "percent_statements_covered": 100.0, "percent_statements_covered_display": "100"}, "missing_lines": [], "excluded_lines": [], "functions": {"ExtractedDocument.__post_init__": {"executed_lines": [37, 38], "summary": {"covered_lines": 2, "num_statements": 2, "percent_covered": 100.0, "percent_covered_display": "100", "missing_lines": 0, "excluded_lines": 0, "percent_statements_covered": 100.0, "percent_statements_covered_display": "100"}, "missing_lines": [], "excluded_lines": [], "start_line": 36}, "BaseExtractor.__init__": {"executed_lines": [45], "summary": {"covered_lines": 1, "num_statements": 1, "percent_covered": 100.0, "percent_covered_display": "100", "missing_lines": 0, "excluded_lines": 0, "percent_statements_covered": 100.0, "percent_statements_covered_display": "100"}, "missing_lines": [], "excluded_lines": [], "start_line": 44}, "BaseExtractor.extract": {"executed_lines": [], "summary": {"covered_lines": 0, "num_statements": 0, "percent_covered": 100.0, "percent_covered_display": "100", "missing_lines": 0, "excluded_lines": 0, "percent_statements_covered": 100.0, "percent_statements_covered_display": "100"}, "missing_lines": [], "excluded_lines": [], "start_line": 48}, "BaseExtractor.validate_connection": {"executed_lines": [], "summary": {"covered_lines": 0, "num_statements": 0, "percent_covered": 100.0, "percent_covered_display": "100", "missing_lines": 0, "excluded_lines": 0, "percent_statements_covered": 100.0, "percent_statements_covered_display": "100"}, "missing_lines": [], "excluded_lines": [], "start_line": 52}, "BaseExtractor.should_process": {"executed_lines": [], "summary": {"covered_lines": 0, "num_statements": 0, "percent_covered": 100.0, "percent_covered_display": "100", "missing_lines": 0, "excluded_lines": 0, "percent_statements_covered": 100.0, "percent_statements_covered_display": "100"}, "missing_lines": [], "excluded_lines": [], "start_line": 56}, "BaseExtractor.compute_hash": {"executed_lines": [61], "summary": {"covered_lines": 1, "num_statements": 1, "percent_covered": 100.0, "percent_covered_display": "100", "missing_lines": 0, "excluded_lines": 0, "percent_statements_covered": 100.0, "percent_statements_covered_display": "100"}, "missing_lines": [], "excluded_lines": [], "start_line": 59}, "BaseExtractor._truncate_text": {"executed_lines": [65, 66, 67], "summary": {"covered_lines": 3, "num_statements": 3, "percent_covered": 100.0, "percent_covered_display": "100", "missing_lines": 0, "excluded_lines": 0, "percent_statements_covered": 100.0, "percent_statements_covered_display": "100"}, "missing_lines": [], "excluded_lines": [], "start_line": 63}, "": {"executed_lines": [3, 4, 5, 6, 7, 8, 11, 12, 16, 17, 18, 19, 20, 23, 24, 30, 31, 32, 33, 34, 36, 41, 44, 47, 48, 51, 52, 55, 56, 59, 63], "summary": {"covered_lines": 31, "num_statements": 31, "percent_covered": 100.0, "percent_covered_display": "100", "missing_lines": 0, "excluded_lines": 0, "percent_statements_covered": 100.0, "percent_statements_covered_display": "100"}, "missing_lines": [], "excluded_lines": [], "start_line": 1}}, "classes": {"ExtractorConfig": {"executed_lines": [], "summary": {"covered_lines": 0, "num_statements": 0, "percent_covered": 100.0, "percent_covered_display": "100", "missing_lines": 0, "excluded_lines": 0, "percent_statements_covered": 100.0, "percent_statements_covered_display": "100"}, "missing_lines": [], "excluded_lines": [], "start_line": 12}, "ExtractedDocument": {"executed_lines": [37, 38], "summary": {"covered_lines": 2, "num_statements": 2, "percent_covered": 100.0, "percent_covered_display": "100", "missing_lines": 0, "excluded_lines": 0, "percent_statements_covered": 100.0, "percent_statements_covered_display": "100"}, "missing_lines": [], "excluded_lines": [], "start_line": 24}, "BaseExtractor": {"executed_lines": [45, 61, 65, 66, 67], "summary": {"covered_lines": 5, "num_statements": 5, "percent_covered": 100.0, "percent_covered_display": "100", "missing_lines": 0, "excluded_lines": 0, "percent_statements_covered": 100.0, "percent_statements_covered_display": "100"}, "missing_lines": [], "excluded_lines": [], "start_line": 41}, "": {"executed_lines": [3, 4, 5, 6, 7, 8, 11, 12, 16, 17, 18, 19, 20, 23, 24, 30, 31, 32, 33, 34, 36, 41, 44, 47, 48, 51, 52, 55, 56, 59, 63], "summary": {"covered_lines": 31, "num_statements": 31, "percent_covered": 100.0, "percent_covered_display": "100", "missing_lines": 0, "excluded_lines": 0, "percent_statements_covered": 100.0, "percent_statements_covered_display": "100"}, "missing_lines": [], "excluded_lines": [], "start_line": 1}}}, "etl/extractors/book_extractor.py": {"executed_lines": [3, 4, 5, 6, 7, 9, 11, 12, 15, 18, 19, 20, 22, 23, 24, 25, 27, 29, 30, 33, 37, 38, 39, 40, 41, 43, 44, 48, 49, 50, 52, 53, 55, 57, 60, 61, 62, 63, 64, 72, 73, 77, 79, 80, 85, 86, 87, 88, 90, 91, 92, 94, 95, 96, 100, 101, 103, 116, 117, 126, 127, 145, 147, 149, 151, 152, 157, 158, 159, 160, 162, 163, 164, 165, 167, 169, 170, 171, 172, 188, 190, 192, 194, 195, 200, 201, 202, 204, 205, 206, 208, 209, 210, 211, 213, 214, 215, 218, 220, 223, 225, 226, 228, 229, 231, 232, 234, 237, 238, 239, 254, 256, 258, 260, 261, 262, 264, 265, 266, 267, 268, 271, 273, 274, 275, 276, 277, 278, 279, 282, 284, 285, 287, 288, 290, 291, 292, 293, 303, 304, 306, 307, 309, 310, 312, 313, 315, 316, 317, 318, 319, 320, 321, 322, 324, 326, 327, 329, 337, 338, 340, 341, 342, 344, 345, 346, 347, 348, 349, 350, 352], "summary": {"covered_lines": 171, "num_statements": 194, "percent_covered": 88.14432989690722, "percent_covered_display": "88", "missing_lines": 23, "excluded_lines": 19, "percent_statements_covered": 88.14432989690722, "percent_statements_covered_display": "88"}, "missing_lines": [31, 32, 34, 35, 58, 65, 66, 67, 68, 70, 74, 75, 97, 98, 104, 105, 106, 107, 216, 224, 235, 269, 280], "excluded_lines": [81, 82, 83, 153, 154, 155, 196, 197, 198, 270, 281, 294, 295, 296, 297, 298, 299, 300, 301], "functions": {"BookExtractor.__init__": {"executed_lines": [23, 24, 25], "summary": {"covered_lines": 3, "num_statements": 3, "percent_covered": 100.0, "percent_covered_display": "100", "missing_lines": 0, "excluded_lines": 0, "percent_statements_covered": 100.0, "percent_statements_covered_display": "100"}, "missing_lines": [], "excluded_lines": [], "start_line": 22}, "BookExtractor.validate_connection": {"executed_lines": [29, 30, 33, 37, 38, 39, 40, 41, 43, 44, 48, 49, 50, 52, 53], "summary": {"covered_lines": 15, "num_statements": 19, "percent_covered": 78.94736842105263, "percent_covered_display": "79", "missing_lines": 4, "excluded_lines": 0, "percent_statements_covered": 78.94736842105263, "percent_statements_covered_display": "79"}, "missing_lines": [31, 32, 34, 35], "excluded_lines": [], "start_line": 27}, "BookExtractor.extract": {"executed_lines": [57, 60, 61, 62, 63, 64, 72, 73], "summary": {"covered_lines": 8, "num_statements": 16, "percent_covered": 50.0, "percent_covered_display": "50", "missing_lines": 8, "excluded_lines": 0, "percent_statements_covered": 50.0, "percent_statements_covered_display": "50"}, "missing_lines": [58, 65, 66, 67, 68, 70, 74, 75], "excluded_lines": [], "start_line": 55}, "BookExtractor._extract_epub": {"executed_lines": [79, 80, 85, 86, 87, 88, 90, 91, 92, 94, 95, 96, 100, 101, 103, 116, 117, 126, 127, 145, 147], "summary": {"covered_lines": 21, "num_statements": 27, "percent_covered": 77.77777777777777, "percent_covered_display": "78", "missing_lines": 6, "excluded_lines": 3, "percent_statements_covered": 77.77777777777777, "percent_statements_covered_display": "78"}, "missing_lines": [97, 98, 104, 105, 106, 107], "excluded_lines": [81, 82, 83], "start_line": 77}, "BookExtractor._extract_pdf": {"executed_lines": [151, 152, 157, 158, 159, 160, 162, 163, 164, 165, 167, 169, 170, 171, 172, 188, 190], "summary": {"covered_lines": 17, "num_statements": 17, "percent_covered": 100.0, "percent_covered_display": "100", "missing_lines": 0, "excluded_lines": 3, "percent_statements_covered": 100.0, "percent_statements_covered_display": "100"}, "missing_lines": [], "excluded_lines": [153, 154, 155], "start_line": 149}, "BookExtractor._extract_docx": {"executed_lines": [194, 195, 200, 201, 202, 204, 205, 206, 208, 209, 210, 211, 213, 214, 215, 218, 220, 223, 225, 226, 228, 229, 231, 232, 234, 237, 238, 239, 254, 256], "summary": {"covered_lines": 30, "num_statements": 33, "percent_covered": 90.9090909090909, "percent_covered_display": "91", "missing_lines": 3, "excluded_lines": 3, "percent_statements_covered": 90.9090909090909, "percent_statements_covered_display": "91"}, "missing_lines": [216, 224, 235], "excluded_lines": [196, 197, 198], "start_line": 192}, "BookExtractor.should_process": {"executed_lines": [260, 261, 262], "summary": {"covered_lines": 3, "num_statements": 3, "percent_covered": 100.0, "percent_covered_display": "100", "missing_lines": 0, "excluded_lines": 0, "percent_statements_covered": 100.0, "percent_statements_covered_display": "100"}, "missing_lines": [], "excluded_lines": [], "start_line": 258}, "BookExtractor._get_epub_metadata": {"executed_lines": [266, 267, 268, 271], "summary": {"covered_lines": 4, "num_statements": 5, "percent_covered": 80.0, "percent_covered_display": "80", "missing_lines": 1, "excluded_lines": 1, "percent_statements_covered": 80.0, "percent_statements_covered_display": "80"}, "missing_lines": [269], "excluded_lines": [270], "start_line": 265}, "BookExtractor._get_epub_identifier": {"executed_lines": [275, 276, 277, 278, 279, 282], "summary": {"covered_lines": 6, "num_statements": 7, "percent_covered": 85.71428571428571, "percent_covered_display": "86", "missing_lines": 1, "excluded_lines": 1, "percent_statements_covered": 85.71428571428571, "percent_statements_covered_display": "86"}, "missing_lines": [280], "excluded_lines": [281], "start_line": 274}, "BookExtractor._clean_html": {"executed_lines": [287, 288, 290, 291, 292, 293, 303, 304], "summary": {"covered_lines": 8, "num_statements": 8, "percent_covered": 100.0, "percent_covered_display": "100", "missing_lines": 0, "excluded_lines": 8, "percent_statements_covered": 100.0, "percent_statements_covered_display": "100"}, "missing_lines": [], "excluded_lines": [294, 295, 296, 297, 298, 299, 300, 301], "start_line": 285}, "BookExtractor._extract_headings": {"executed_lines": [309, 310, 312, 313, 315, 316, 317, 318, 319, 320, 321, 322, 324], "summary": {"covered_lines": 13, "num_statements": 13, "percent_covered": 100.0, "percent_covered_display": "100", "missing_lines": 0, "excluded_lines": 0, "percent_statements_covered": 100.0, "percent_statements_covered_display": "100"}, "missing_lines": [], "excluded_lines": [], "start_line": 307}, "BookExtractor._split_into_sections": {"executed_lines": [329, 337, 338, 340, 341, 342, 344, 345, 346, 347, 348, 349, 350, 352], "summary": {"covered_lines": 14, "num_statements": 14, "percent_covered": 100.0, "percent_covered_display": "100", "missing_lines": 0, "excluded_lines": 0, "percent_statements_covered": 100.0, "percent_statements_covered_display": "100"}, "missing_lines": [], "excluded_lines": [], "start_line": 327}, "": {"executed_lines": [3, 4, 5, 6, 7, 9, 11, 12, 15, 18, 19, 20, 22, 27, 55, 77, 149, 192, 258, 264, 265, 273, 274, 284, 285, 306, 307, 326, 327], "summary": {"covered_lines": 29, "num_statements": 29, "percent_covered": 100.0, "percent_covered_display": "100", "missing_lines": 0, "excluded_lines": 0, "percent_statements_covered": 100.0, "percent_statements_covered_display": "100"}, "missing_lines": [], "excluded_lines": [], "start_line": 1}}, "classes": {"BookExtractor": {"executed_lines": [23, 24, 25, 29, 30, 33, 37, 38, 39, 40, 41, 43, 44, 48, 49, 50, 52, 53, 57, 60, 61, 62, 63, 64, 72, 73, 79, 80, 85, 86, 87, 88, 90, 91, 92, 94, 95, 96, 100, 101, 103, 116, 117, 126, 127, 145, 147, 151, 152, 157, 158, 159, 160, 162, 163, 164, 165, 167, 169, 170, 171, 172, 188, 190, 194, 195, 200, 201, 202, 204, 205, 206, 208, 209, 210, 211, 213, 214, 215, 218, 220, 223, 225, 226, 228, 229, 231, 232, 234, 237, 238, 239, 254, 256, 260, 261, 262, 266, 267, 268, 271, 275, 276, 277, 278, 279, 282, 287, 288, 290, 291, 292, 293, 303, 304, 309, 310, 312, 313, 315, 316, 317, 318, 319, 320, 321, 322, 324, 329, 337, 338, 340, 341, 342, 344, 345, 346, 347, 348, 349, 350, 352], "summary": {"covered_lines": 142, "num_statements": 165, "percent_covered": 86.06060606060606, "percent_covered_display": "86", "missing_lines": 23, "excluded_lines": 19, "percent_statements_covered": 86.06060606060606, "percent_statements_covered_display": "86"}, "missing_lines": [31, 32, 34, 35, 58, 65, 66, 67, 68, 70, 74, 75, 97, 98, 104, 105, 106, 107, 216, 224, 235, 269, 280], "excluded_lines": [81, 82, 83, 153, 154, 155, 196, 197, 198, 270, 281, 294, 295, 296, 297, 298, 299, 300, 301], "start_line": 15}, "": {"executed_lines": [3, 4, 5, 6, 7, 9, 11, 12, 15, 18, 19, 20, 22, 27, 55, 77, 149, 192, 258, 264, 265, 273, 274, 284, 285, 306, 307, 326, 327], "summary": {"covered_lines": 29, "num_statements": 29, "percent_covered": 100.0, "percent_covered_display": "100", "missing_lines": 0, "excluded_lines": 0, "percent_statements_covered": 100.0, "percent_statements_covered_display": "100"}, "missing_lines": [], "excluded_lines": [], "start_line": 1}}}, "etl/extractors/chat_extractor.py": {"executed_lines": [3, 4, 5, 6, 7, 8, 10, 12, 13, 16, 19, 20, 21, 22, 24, 25, 26, 27, 29, 31, 32, 35, 39, 40, 41, 43, 44, 48, 49, 50, 52, 53, 55, 57, 60, 61, 62, 63, 65, 66, 67, 68, 72, 74, 75, 77, 78, 79, 93, 95, 96, 98, 99, 100, 101, 102, 103, 104, 105, 106, 107, 108, 109, 114, 116, 118, 119, 121, 122, 125, 126, 127, 128, 129, 131, 133, 134, 136, 137, 140, 141, 142, 143, 144, 146, 153, 155, 156, 157, 158, 160, 161, 162, 163, 164, 167, 169, 171, 176, 178, 179, 180, 181, 182, 183, 208, 210, 213, 214, 215, 216, 218, 219, 221, 222, 223, 224, 225, 227, 228, 234, 235, 237, 243, 252, 261, 271, 278, 279, 280, 281, 283, 284, 285, 287, 307, 309, 310, 311, 327, 329, 330, 332, 333, 335, 336, 337, 339, 340, 341, 342, 343, 345, 347, 348, 350, 351, 352, 353, 354, 355, 356, 358, 360, 361, 362, 364, 365, 367, 368, 369, 371, 372, 373, 374, 375, 380, 381, 383, 385, 386, 388], "summary": {"covered_lines": 182, "num_statements": 250, "percent_covered": 72.8, "percent_covered_display": "73", "missing_lines": 68, "excluded_lines": 2, "percent_statements_covered": 72.8, "percent_statements_covered_display": "73"}, "missing_lines": [33, 34, 36, 37, 58, 69, 70, 80, 81, 82, 83, 84, 85, 86, 89, 90, 91, 111, 112, 113, 123, 138, 148, 149, 150, 151, 159, 165, 166, 185, 186, 187, 188, 190, 191, 192, 193, 194, 195, 196, 197, 198, 199, 201, 203, 204, 206, 211, 217, 226, 229, 230, 231, 233, 238, 239, 241, 263, 264, 265, 266, 267, 268, 269, 376, 377, 382, 384], "excluded_lines": [87, 378], "functions": {"ChatExtractor.__init__": {"executed_lines": [25, 26, 27], "summary": {"covered_lines": 3, "num_statements": 3, "percent_covered": 100.0, "percent_covered_display": "100", "missing_lines": 0, "excluded_lines": 0, "percent_statements_covered": 100.0, "percent_statements_covered_display": "100"}, "missing_lines": [], "excluded_lines": [], "start_line": 24}, "ChatExtractor.validate_connection": {"executed_lines": [31, 32, 35, 39, 40, 41, 43, 44, 48, 49, 50, 52, 53], "summary": {"covered_lines": 13, "num_statements": 17, "percent_covered": 76.47058823529412, "percent_covered_display": "76", "missing_lines": 4, "excluded_lines": 0, "percent_statements_covered": 76.47058823529412, "percent_statements_covered_display": "76"}, "missing_lines": [33, 34, 36, 37], "excluded_lines": [], "start_line": 29}, "ChatExtractor.extract": {"executed_lines": [57, 60, 61, 62, 63, 65, 66, 67, 68], "summary": {"covered_lines": 9, "num_statements": 12, "percent_covered": 75.0, "percent_covered_display": "75", "missing_lines": 3, "excluded_lines": 0, "percent_statements_covered": 75.0, "percent_statements_covered_display": "75"}, "missing_lines": [58, 69, 70], "excluded_lines": [], "start_line": 55}, "ChatExtractor._parse_file": {"executed_lines": [74, 75, 77, 78, 79], "summary": {"covered_lines": 5, "num_statements": 15, "percent_covered": 33.333333333333336, "percent_covered_display": "33", "missing_lines": 10, "excluded_lines": 1, "percent_statements_covered": 33.333333333333336, "percent_statements_covered_display": "33"}, "missing_lines": [80, 81, 82, 83, 84, 85, 86, 89, 90, 91], "excluded_lines": [87], "start_line": 72}, "ChatExtractor._parse_deepseek": {"executed_lines": [95, 96, 98, 99, 100, 101, 102, 103, 104, 105, 106, 107, 108, 109, 114], "summary": {"covered_lines": 15, "num_statements": 18, "percent_covered": 83.33333333333333, "percent_covered_display": "83", "missing_lines": 3, "excluded_lines": 0, "percent_statements_covered": 83.33333333333333, "percent_statements_covered_display": "83"}, "missing_lines": [111, 112, 113], "excluded_lines": [], "start_line": 93}, "ChatExtractor._parse_chatgpt": {"executed_lines": [118, 119, 121, 122, 125, 126, 127, 128, 129], "summary": {"covered_lines": 9, "num_statements": 10, "percent_covered": 90.0, "percent_covered_display": "90", "missing_lines": 1, "excluded_lines": 0, "percent_statements_covered": 90.0, "percent_statements_covered_display": "90"}, "missing_lines": [123], "excluded_lines": [], "start_line": 116}, "ChatExtractor._parse_claude": {"executed_lines": [133, 134, 136, 137, 140, 141, 142, 143, 144], "summary": {"covered_lines": 9, "num_statements": 10, "percent_covered": 90.0, "percent_covered_display": "90", "missing_lines": 1, "excluded_lines": 0, "percent_statements_covered": 90.0, "percent_statements_covered_display": "90"}, "missing_lines": [138], "excluded_lines": [], "start_line": 131}, "ChatExtractor._parse_generic_json": {"executed_lines": [], "summary": {"covered_lines": 0, "num_statements": 4, "percent_covered": 0.0, "percent_covered_display": "0", "missing_lines": 4, "excluded_lines": 0, "percent_statements_covered": 0.0, "percent_statements_covered_display": "0"}, "missing_lines": [148, 149, 150, 151], "excluded_lines": [], "start_line": 146}, "ChatExtractor._parse_jsonl": {"executed_lines": [155, 156, 157, 158, 160, 161, 162, 163, 164, 167], "summary": {"covered_lines": 10, "num_statements": 13, "percent_covered": 76.92307692307692, "percent_covered_display": "77", "missing_lines": 3, "excluded_lines": 0, "percent_statements_covered": 76.92307692307692, "percent_statements_covered_display": "77"}, "missing_lines": [159, 165, 166], "excluded_lines": [], "start_line": 153}, "ChatExtractor._parse_generic_text": {"executed_lines": [171, 176, 178, 179, 180, 181, 182, 183], "summary": {"covered_lines": 8, "num_statements": 26, "percent_covered": 30.76923076923077, "percent_covered_display": "31", "missing_lines": 18, "excluded_lines": 0, "percent_statements_covered": 30.76923076923077, "percent_statements_covered_display": "31"}, "missing_lines": [185, 186, 187, 188, 190, 191, 192, 193, 194, 195, 196, 197, 198, 199, 201, 203, 204, 206], "excluded_lines": [], "start_line": 169}, "ChatExtractor._normalize_conversation": {"executed_lines": [210, 213, 214, 215, 216, 218, 219, 221, 222, 223, 224, 225, 227, 228, 234, 235, 237, 243, 252], "summary": {"covered_lines": 19, "num_statements": 29, "percent_covered": 65.51724137931035, "percent_covered_display": "66", "missing_lines": 10, "excluded_lines": 0, "percent_statements_covered": 65.51724137931035, "percent_statements_covered_display": "66"}, "missing_lines": [211, 217, 226, 229, 230, 231, 233, 238, 239, 241], "excluded_lines": [], "start_line": 208}, "ChatExtractor._extract_from_mapping": {"executed_lines": [], "summary": {"covered_lines": 0, "num_statements": 7, "percent_covered": 0.0, "percent_covered_display": "0", "missing_lines": 7, "excluded_lines": 0, "percent_statements_covered": 0.0, "percent_statements_covered_display": "0"}, "missing_lines": [263, 264, 265, 266, 267, 268, 269], "excluded_lines": [], "start_line": 261}, "ChatExtractor._conversation_to_documents": {"executed_lines": [278, 279, 280, 281, 283, 284, 285, 287, 307, 309, 310, 311, 327], "summary": {"covered_lines": 13, "num_statements": 13, "percent_covered": 100.0, "percent_covered_display": "100", "missing_lines": 0, "excluded_lines": 0, "percent_statements_covered": 100.0, "percent_statements_covered_display": "100"}, "missing_lines": [], "excluded_lines": [], "start_line": 271}, "ChatExtractor._extract_qa_pairs": {"executed_lines": [332, 333, 335, 336, 337, 339, 340, 341, 342, 343, 345], "summary": {"covered_lines": 11, "num_statements": 11, "percent_covered": 100.0, "percent_covered_display": "100", "missing_lines": 0, "excluded_lines": 0, "percent_statements_covered": 100.0, "percent_statements_covered_display": "100"}, "missing_lines": [], "excluded_lines": [], "start_line": 330}, "ChatExtractor._extract_code_blocks": {"executed_lines": [350, 351, 352, 353, 354, 355, 356], "summary": {"covered_lines": 7, "num_statements": 7, "percent_covered": 100.0, "percent_covered_display": "100", "missing_lines": 0, "excluded_lines": 0, "percent_statements_covered": 100.0, "percent_statements_covered_display": "100"}, "missing_lines": [], "excluded_lines": [], "start_line": 348}, "ChatExtractor.should_process": {"executed_lines": [360, 361, 362], "summary": {"covered_lines": 3, "num_statements": 3, "percent_covered": 100.0, "percent_covered_display": "100", "missing_lines": 0, "excluded_lines": 0, "percent_statements_covered": 100.0, "percent_statements_covered_display": "100"}, "missing_lines": [], "excluded_lines": [], "start_line": 358}, "ChatExtractor._detect_format": {"executed_lines": [367, 368, 369, 371, 372, 373, 374, 375, 380, 381, 383, 385, 386, 388], "summary": {"covered_lines": 14, "num_statements": 18, "percent_covered": 77.77777777777777, "percent_covered_display": "78", "missing_lines": 4, "excluded_lines": 1, "percent_statements_covered": 77.77777777777777, "percent_statements_covered_display": "78"}, "missing_lines": [376, 377, 382, 384], "excluded_lines": [378], "start_line": 365}, "": {"executed_lines": [3, 4, 5, 6, 7, 8, 10, 12, 13, 16, 19, 20, 21, 22, 24, 29, 55, 72, 93, 116, 131, 146, 153, 169, 208, 261, 271, 329, 330, 347, 348, 358, 364, 365], "summary": {"covered_lines": 34, "num_statements": 34, "percent_covered": 100.0, "percent_covered_display": "100", "missing_lines": 0, "excluded_lines": 0, "percent_statements_covered": 100.0, "percent_statements_covered_display": "100"}, "missing_lines": [], "excluded_lines": [], "start_line": 1}}, "classes": {"ChatExtractor": {"executed_lines": [25, 26, 27, 31, 32, 35, 39, 40, 41, 43, 44, 48, 49, 50, 52, 53, 57, 60, 61, 62, 63, 65, 66, 67, 68, 74, 75, 77, 78, 79, 95, 96, 98, 99, 100, 101, 102, 103, 104, 105, 106, 107, 108, 109, 114, 118, 119, 121, 122, 125, 126, 127, 128, 129, 133, 134, 136, 137, 140, 141, 142, 143, 144, 155, 156, 157, 158, 160, 161, 162, 163, 164, 167, 171, 176, 178, 179, 180, 181, 182, 183, 210, 213, 214, 215, 216, 218, 219, 221, 222, 223, 224, 225, 227, 228, 234, 235, 237, 243, 252, 278, 279, 280, 281, 283, 284, 285, 287, 307, 309, 310, 311, 327, 332, 333, 335, 336, 337, 339, 340, 341, 342, 343, 345, 350, 351, 352, 353, 354, 355, 356, 360, 361, 362, 367, 368, 369, 371, 372, 373, 374, 375, 380, 381, 383, 385, 386, 388], "summary": {"covered_lines": 148, "num_statements": 216, "percent_covered": 68.51851851851852, "percent_covered_display": "69", "missing_lines": 68, "excluded_lines": 2, "percent_statements_covered": 68.51851851851852, "percent_statements_covered_display": "69"}, "missing_lines": [33, 34, 36, 37, 58, 69, 70, 80, 81, 82, 83, 84, 85, 86, 89, 90, 91, 111, 112, 113, 123, 138, 148, 149, 150, 151, 159, 165, 166, 185, 186, 187, 188, 190, 191, 192, 193, 194, 195, 196, 197, 198, 199, 201, 203, 204, 206, 211, 217, 226, 229, 230, 231, 233, 238, 239, 241, 263, 264, 265, 266, 267, 268, 269, 376, 377, 382, 384], "excluded_lines": [87, 378], "start_line": 16}, "": {"executed_lines": [3, 4, 5, 6, 7, 8, 10, 12, 13, 16, 19, 20, 21, 22, 24, 29, 55, 72, 93, 116, 131, 146, 153, 169, 208, 261, 271, 329, 330, 347, 348, 358, 364, 365], "summary": {"covered_lines": 34, "num_statements": 34, "percent_covered": 100.0, "percent_covered_display": "100", "missing_lines": 0, "excluded_lines": 0, "percent_statements_covered": 100.0, "percent_statements_covered_display": "100"}, "missing_lines": [], "excluded_lines": [], "start_line": 1}}}, "etl/extractors/confluence.py": {"executed_lines": [14, 15, 16, 17, 18, 19, 20, 21, 22, 24, 25, 26, 27, 30, 33, 34, 37, 38, 56, 57, 58, 59, 60, 61, 62, 63, 65, 66, 67, 68, 69, 70, 71, 72, 73, 76, 77, 78, 80, 83, 84, 85, 88, 91, 92, 93, 94, 96, 98, 100, 101, 103, 105, 127, 129, 130, 131, 132, 133, 134, 135, 136, 138, 139, 140, 142, 178, 204, 206, 207, 208, 209, 210, 211, 213, 219, 225, 264, 266, 267, 268, 269, 270, 271, 272, 274, 275, 277, 280, 281, 282, 283, 284, 286, 288, 289, 290, 291, 293, 306, 431, 433, 434, 435, 436, 437, 438, 439, 440, 441, 442, 443, 444, 445, 446, 448, 449, 450, 455], "summary": {"covered_lines": 119, "num_statements": 277, "percent_covered": 42.96028880866426, "percent_covered_display": "43", "missing_lines": 158, "excluded_lines": 4, "percent_statements_covered": 42.96028880866426, "percent_statements_covered_display": "43"}, "missing_lines": [86, 107, 108, 109, 110, 111, 116, 117, 118, 119, 121, 122, 123, 124, 125, 144, 145, 146, 148, 149, 150, 151, 152, 153, 154, 155, 156, 157, 158, 159, 160, 161, 162, 163, 164, 166, 167, 168, 169, 170, 171, 172, 173, 175, 176, 183, 184, 185, 190, 191, 192, 193, 194, 195, 198, 199, 200, 202, 215, 216, 217, 221, 222, 223, 227, 228, 229, 230, 231, 232, 233, 234, 235, 236, 237, 238, 239, 240, 241, 242, 243, 244, 245, 246, 247, 249, 250, 251, 252, 253, 254, 255, 256, 258, 259, 260, 261, 262, 295, 296, 298, 299, 301, 302, 303, 304, 315, 316, 317, 318, 319, 320, 323, 324, 330, 333, 334, 335, 336, 346, 347, 348, 349, 350, 360, 361, 362, 363, 364, 365, 366, 367, 368, 376, 377, 378, 379, 383, 384, 385, 386, 387, 388, 389, 390, 391, 392, 393, 394, 398, 399, 402, 405, 406, 408, 429, 451, 452], "excluded_lines": [458, 460, 472, 473], "functions": {"ConfluenceExtractor.__init__": {"executed_lines": [56, 57, 58, 59, 60, 61, 62, 63, 65, 66, 67, 68, 69, 70, 71, 72, 73, 76, 77, 78, 80, 83, 84, 85, 88, 91, 92, 93, 94, 96, 98, 100, 101, 103], "summary": {"covered_lines": 34, "num_statements": 35, "percent_covered": 97.14285714285714, "percent_covered_display": "97", "missing_lines": 1, "excluded_lines": 0, "percent_statements_covered": 97.14285714285714, "percent_statements_covered_display": "97"}, "missing_lines": [86], "excluded_lines": [], "start_line": 38}, "ConfluenceExtractor.test_connection": {"executed_lines": [], "summary": {"covered_lines": 0, "num_statements": 14, "percent_covered": 0.0, "percent_covered_display": "0", "missing_lines": 14, "excluded_lines": 0, "percent_statements_covered": 0.0, "percent_statements_covered_display": "0"}, "missing_lines": [107, 108, 109, 110, 111, 116, 117, 118, 119, 121, 122, 123, 124, 125], "excluded_lines": [], "start_line": 105}, "ConfluenceExtractor._load_wal": {"executed_lines": [129, 130, 131, 132, 133, 134, 135, 136], "summary": {"covered_lines": 8, "num_statements": 8, "percent_covered": 100.0, "percent_covered_display": "100", "missing_lines": 0, "excluded_lines": 0, "percent_statements_covered": 100.0, "percent_statements_covered_display": "100"}, "missing_lines": [], "excluded_lines": [], "start_line": 127}, "ConfluenceExtractor._save_wal": {"executed_lines": [139, 140], "summary": {"covered_lines": 2, "num_statements": 2, "percent_covered": 100.0, "percent_covered_display": "100", "missing_lines": 0, "excluded_lines": 0, "percent_statements_covered": 100.0, "percent_statements_covered_display": "100"}, "missing_lines": [], "excluded_lines": [], "start_line": 138}, "ConfluenceExtractor._request": {"executed_lines": [], "summary": {"covered_lines": 0, "num_statements": 30, "percent_covered": 0.0, "percent_covered_display": "0", "missing_lines": 30, "excluded_lines": 0, "percent_statements_covered": 0.0, "percent_statements_covered_display": "0"}, "missing_lines": [144, 145, 146, 148, 149, 150, 151, 152, 153, 154, 155, 156, 157, 158, 159, 160, 161, 162, 163, 164, 166, 167, 168, 169, 170, 171, 172, 173, 175, 176], "excluded_lines": [], "start_line": 142}, "ConfluenceExtractor._get_all_pages": {"executed_lines": [], "summary": {"covered_lines": 0, "num_statements": 13, "percent_covered": 0.0, "percent_covered_display": "0", "missing_lines": 13, "excluded_lines": 0, "percent_statements_covered": 0.0, "percent_statements_covered_display": "0"}, "missing_lines": [183, 184, 185, 190, 191, 192, 193, 194, 195, 198, 199, 200, 202], "excluded_lines": [], "start_line": 178}, "ConfluenceExtractor._get_page_versions": {"executed_lines": [206, 207, 208, 209, 210, 211], "summary": {"covered_lines": 6, "num_statements": 6, "percent_covered": 100.0, "percent_covered_display": "100", "missing_lines": 0, "excluded_lines": 0, "percent_statements_covered": 100.0, "percent_statements_covered_display": "100"}, "missing_lines": [], "excluded_lines": [], "start_line": 204}, "ConfluenceExtractor._get_comments": {"executed_lines": [], "summary": {"covered_lines": 0, "num_statements": 3, "percent_covered": 0.0, "percent_covered_display": "0", "missing_lines": 3, "excluded_lines": 0, "percent_statements_covered": 0.0, "percent_statements_covered_display": "0"}, "missing_lines": [215, 216, 217], "excluded_lines": [], "start_line": 213}, "ConfluenceExtractor._get_attachments_metadata": {"executed_lines": [], "summary": {"covered_lines": 0, "num_statements": 3, "percent_covered": 0.0, "percent_covered_display": "0", "missing_lines": 3, "excluded_lines": 0, "percent_statements_covered": 0.0, "percent_statements_covered_display": "0"}, "missing_lines": [221, 222, 223], "excluded_lines": [], "start_line": 219}, "ConfluenceExtractor._download_attachment": {"executed_lines": [], "summary": {"covered_lines": 0, "num_statements": 34, "percent_covered": 0.0, "percent_covered_display": "0", "missing_lines": 34, "excluded_lines": 0, "percent_statements_covered": 0.0, "percent_statements_covered_display": "0"}, "missing_lines": [227, 228, 229, 230, 231, 232, 233, 234, 235, 236, 237, 238, 239, 240, 241, 242, 243, 244, 245, 246, 247, 249, 250, 251, 252, 253, 254, 255, 256, 258, 259, 260, 261, 262], "excluded_lines": [], "start_line": 225}, "ConfluenceExtractor._extract_links_from_html": {"executed_lines": [266, 267, 268, 269, 270, 271, 272, 274, 275], "summary": {"covered_lines": 9, "num_statements": 9, "percent_covered": 100.0, "percent_covered_display": "100", "missing_lines": 0, "excluded_lines": 0, "percent_statements_covered": 100.0, "percent_statements_covered_display": "100"}, "missing_lines": [], "excluded_lines": [], "start_line": 264}, "ConfluenceExtractor._calculate_page_hash": {"executed_lines": [280, 281, 282, 283, 284], "summary": {"covered_lines": 5, "num_statements": 5, "percent_covered": 100.0, "percent_covered_display": "100", "missing_lines": 0, "excluded_lines": 0, "percent_statements_covered": 100.0, "percent_statements_covered_display": "100"}, "missing_lines": [], "excluded_lines": [], "start_line": 277}, "ConfluenceExtractor._should_process_page": {"executed_lines": [288, 289, 290, 291], "summary": {"covered_lines": 4, "num_statements": 4, "percent_covered": 100.0, "percent_covered_display": "100", "missing_lines": 0, "excluded_lines": 0, "percent_statements_covered": 100.0, "percent_statements_covered_display": "100"}, "missing_lines": [], "excluded_lines": [], "start_line": 286}, "ConfluenceExtractor._save_page_data": {"executed_lines": [], "summary": {"covered_lines": 0, "num_statements": 8, "percent_covered": 0.0, "percent_covered_display": "0", "missing_lines": 8, "excluded_lines": 0, "percent_statements_covered": 0.0, "percent_statements_covered_display": "0"}, "missing_lines": [295, 296, 298, 299, 301, 302, 303, 304], "excluded_lines": [], "start_line": 293}, "ConfluenceExtractor.extract_page": {"executed_lines": [], "summary": {"covered_lines": 0, "num_statements": 50, "percent_covered": 0.0, "percent_covered_display": "0", "missing_lines": 50, "excluded_lines": 0, "percent_statements_covered": 0.0, "percent_statements_covered_display": "0"}, "missing_lines": [315, 316, 317, 318, 319, 320, 323, 324, 330, 333, 334, 335, 336, 346, 347, 348, 349, 350, 360, 361, 362, 363, 364, 365, 366, 367, 368, 376, 377, 378, 379, 383, 384, 385, 386, 387, 388, 389, 390, 391, 392, 393, 394, 398, 399, 402, 405, 406, 408, 429], "excluded_lines": [], "start_line": 306}, "ConfluenceExtractor.run": {"executed_lines": [433, 434, 435, 436, 437, 438, 439, 440, 441, 442, 443, 444, 445, 446, 448, 449, 450, 455], "summary": {"covered_lines": 18, "num_statements": 20, "percent_covered": 90.0, "percent_covered_display": "90", "missing_lines": 2, "excluded_lines": 0, "percent_statements_covered": 90.0, "percent_statements_covered_display": "90"}, "missing_lines": [451, 452], "excluded_lines": [], "start_line": 431}, "": {"executed_lines": [14, 15, 16, 17, 18, 19, 20, 21, 22, 24, 25, 26, 27, 30, 33, 34, 37, 38, 105, 127, 138, 142, 178, 204, 213, 219, 225, 264, 277, 286, 293, 306, 431], "summary": {"covered_lines": 33, "num_statements": 33, "percent_covered": 100.0, "percent_covered_display": "100", "missing_lines": 0, "excluded_lines": 4, "percent_statements_covered": 100.0, "percent_statements_covered_display": "100"}, "missing_lines": [], "excluded_lines": [458, 460, 472, 473], "start_line": 1}}, "classes": {"ConfluenceExtractor": {"executed_lines": [56, 57, 58, 59, 60, 61, 62, 63, 65, 66, 67, 68, 69, 70, 71, 72, 73, 76, 77, 78, 80, 83, 84, 85, 88, 91, 92, 93, 94, 96, 98, 100, 101, 103, 129, 130, 131, 132, 133, 134, 135, 136, 139, 140, 206, 207, 208, 209, 210, 211, 266, 267, 268, 269, 270, 271, 272, 274, 275, 280, 281, 282, 283, 284, 288, 289, 290, 291, 433, 434, 435, 436, 437, 438, 439, 440, 441, 442, 443, 444, 445, 446, 448, 449, 450, 455], "summary": {"covered_lines": 86, "num_statements": 244, "percent_covered": 35.24590163934426, "percent_covered_display": "35", "missing_lines": 158, "excluded_lines": 0, "percent_statements_covered": 35.24590163934426, "percent_statements_covered_display": "35"}, "missing_lines": [86, 107, 108, 109, 110, 111, 116, 117, 118, 119, 121, 122, 123, 124, 125, 144, 145, 146, 148, 149, 150, 151, 152, 153, 154, 155, 156, 157, 158, 159, 160, 161, 162, 163, 164, 166, 167, 168, 169, 170, 171, 172, 173, 175, 176, 183, 184, 185, 190, 191, 192, 193, 194, 195, 198, 199, 200, 202, 215, 216, 217, 221, 222, 223, 227, 228, 229, 230, 231, 232, 233, 234, 235, 236, 237, 238, 239, 240, 241, 242, 243, 244, 245, 246, 247, 249, 250, 251, 252, 253, 254, 255, 256, 258, 259, 260, 261, 262, 295, 296, 298, 299, 301, 302, 303, 304, 315, 316, 317, 318, 319, 320, 323, 324, 330, 333, 334, 335, 336, 346, 347, 348, 349, 350, 360, 361, 362, 363, 364, 365, 366, 367, 368, 376, 377, 378, 379, 383, 384, 385, 386, 387, 388, 389, 390, 391, 392, 393, 394, 398, 399, 402, 405, 406, 408, 429, 451, 452], "excluded_lines": [], "start_line": 37}, "": {"executed_lines": [14, 15, 16, 17, 18, 19, 20, 21, 22, 24, 25, 26, 27, 30, 33, 34, 37, 38, 105, 127, 138, 142, 178, 204, 213, 219, 225, 264, 277, 286, 293, 306, 431], "summary": {"covered_lines": 33, "num_statements": 33, "percent_covered": 100.0, "percent_covered_display": "100", "missing_lines": 0, "excluded_lines": 4, "percent_statements_covered": 100.0, "percent_statements_covered_display": "100"}, "missing_lines": [], "excluded_lines": [458, 460, 472, 473], "start_line": 1}}}, "etl/extractors/doc_extractor.py": {"executed_lines": [3, 4, 5, 6, 8, 10, 11, 14, 17, 18, 19, 21, 23, 24, 25, 26, 28, 30, 31, 32, 33, 34, 35, 36, 38, 39, 40, 42, 43, 47, 48, 49, 51, 52, 54, 56, 59, 60, 61, 62, 63, 64, 65, 66, 69, 71, 72, 76, 78, 79, 81, 82, 83, 85, 86, 87, 88, 90, 91, 93, 94, 95, 97, 98, 100, 121, 123, 125, 127, 128, 130, 131, 132, 134, 135, 136, 138, 141, 142, 143, 145, 163, 165, 167, 169, 170, 172, 173, 174, 176, 177, 178, 180, 183, 184, 185, 187, 205, 207, 209, 211, 212, 214, 226, 246, 247, 249, 250, 251, 252, 253, 254, 255, 256, 258, 259, 261, 262, 263, 264, 265, 266, 267, 268, 269, 270, 271, 272, 273, 274, 275, 277, 278, 284, 286, 287, 289, 290, 291, 293, 294, 296, 297, 299, 302, 303, 304, 306, 307, 309, 310, 311, 312, 314, 315, 316, 318, 319, 321, 322, 323, 324, 326, 328, 329, 330, 332, 333, 335, 336, 337, 341, 343, 344, 346, 347, 348, 349, 350, 351, 358, 362, 364, 366, 367, 369, 370, 372, 373, 375, 376, 377, 380, 382, 383, 385, 386, 387, 390, 392, 393, 395, 396, 397, 398, 399, 400, 401, 402, 403, 405, 406, 408, 409, 410, 411, 412, 413, 414, 415, 416, 417, 418, 419, 420, 422], "summary": {"covered_lines": 226, "num_statements": 258, "percent_covered": 87.59689922480621, "percent_covered_display": "88", "missing_lines": 32, "excluded_lines": 0, "percent_statements_covered": 87.59689922480621, "percent_statements_covered_display": "88"}, "missing_lines": [57, 67, 73, 74, 139, 181, 279, 280, 281, 282, 300, 313, 325, 327, 338, 339, 340, 352, 353, 354, 356, 359, 360, 361, 363, 378, 379, 388, 389, 424, 425, 426], "excluded_lines": [], "functions": {"DocExtractor.__init__": {"executed_lines": [24, 25, 26], "summary": {"covered_lines": 3, "num_statements": 3, "percent_covered": 100.0, "percent_covered_display": "100", "missing_lines": 0, "excluded_lines": 0, "percent_statements_covered": 100.0, "percent_statements_covered_display": "100"}, "missing_lines": [], "excluded_lines": [], "start_line": 23}, "DocExtractor.validate_connection": {"executed_lines": [30, 31, 32, 33, 34, 35, 36, 38, 39, 40, 42, 43, 47, 48, 49, 51, 52], "summary": {"covered_lines": 17, "num_statements": 17, "percent_covered": 100.0, "percent_covered_display": "100", "missing_lines": 0, "excluded_lines": 0, "percent_statements_covered": 100.0, "percent_statements_covered_display": "100"}, "m
[...]
5, 118, 119, 122, 131, 149, 151, 153, 154, 160, 166, 175, 186, 190, 194, 198, 204, 229, 235, 290, 353, 367, 384, 406, 415, 428, 432, 455, 534, 536], "summary": {"covered_lines": 62, "num_statements": 62, "percent_covered": 100.0, "percent_covered_display": "100", "missing_lines": 0, "excluded_lines": 0, "percent_statements_covered": 100.0, "percent_statements_covered_display": "100"}, "missing_lines": [], "excluded_lines": [], "start_line": 1}}}, "proxy/app/tools/sdk.py": {"executed_lines": [9, 11, 12, 13, 14, 15, 16, 18, 26, 35, 38, 40, 41, 42, 43, 44, 45, 48, 54, 55, 58, 59, 60, 61, 63, 64, 65, 69, 72, 74, 75, 76, 77, 78, 79, 80, 81, 84, 86, 87, 88, 89, 90, 94, 96, 97, 98, 99, 100, 103, 105, 106, 111, 124, 125, 126, 130, 131, 133, 134, 137, 139, 140, 142, 143, 144, 146, 148, 149, 150, 152, 153, 155, 156, 157, 158, 159, 161, 163, 164, 166, 173, 174, 180, 181, 182, 183, 185, 186, 188, 189, 191, 192, 194, 195, 197, 198, 201, 228, 229, 230, 231, 232, 234, 236, 237, 238, 239, 244, 245, 248, 250, 253, 254, 255, 257, 258, 261, 268, 270, 286, 288, 290, 293, 312, 313, 314, 315, 316, 317, 318, 319, 320, 321, 322, 324, 325, 326, 328, 338, 339, 350, 352, 353, 354, 356, 357, 358, 360, 361, 362, 364, 365, 366, 368, 369, 370, 372, 376, 377, 378, 380, 381], "summary": {"covered_lines": 163, "num_statements": 180, "percent_covered": 90.55555555555556, "percent_covered_display": "91", "missing_lines": 17, "excluded_lines": 0, "percent_statements_covered": 90.55555555555556, "percent_statements_covered_display": "91"}, "missing_lines": [66, 67, 68, 91, 107, 108, 127, 128, 135, 240, 241, 242, 246, 251, 259, 373, 374], "excluded_lines": [], "functions": {"_unwrap_annotated": {"executed_lines": [40, 41, 42, 43, 44, 45], "summary": {"covered_lines": 6, "num_statements": 6, "percent_covered": 100.0, "percent_covered_display": "100", "missing_lines": 0, "excluded_lines": 0, "percent_statements_covered": 100.0, "percent_statements_covered_display": "100"}, "missing_lines": [], "excluded_lines": [], "start_line": 38}, "_resolve_type": {"executed_lines": [54, 55, 58, 59, 60, 61, 63, 64, 65, 69], "summary": {"covered_lines": 10, "num_statements": 13, "percent_covered": 76.92307692307692, "percent_covered_display": "77", "missing_lines": 3, "excluded_lines": 0, "percent_statements_covered": 76.92307692307692, "percent_statements_covered_display": "77"}, "missing_lines": [66, 67, 68], "excluded_lines": [], "start_line": 48}, "_extract_annotated_description": {"executed_lines": [74, 75, 76, 77, 78, 79, 80, 81], "summary": {"covered_lines": 8, "num_statements": 8, "percent_covered": 100.0, "percent_covered_display": "100", "missing_lines": 0, "excluded_lines": 0, "percent_statements_covered": 100.0, "percent_statements_covered_display": "100"}, "missing_lines": [], "excluded_lines": [], "start_line": 72}, "_extract_items_type": {"executed_lines": [86, 87, 88, 89, 90], "summary": {"covered_lines": 5, "num_statements": 6, "percent_covered": 83.33333333333333, "percent_covered_display": "83", "missing_lines": 1, "excluded_lines": 0, "percent_statements_covered": 83.33333333333333, "percent_statements_covered_display": "83"}, "missing_lines": [91], "excluded_lines": [], "start_line": 84}, "_is_optional": {"executed_lines": [96, 97, 98, 99, 100], "summary": {"covered_lines": 5, "num_statements": 5, "percent_covered": 100.0, "percent_covered_display": "100", "missing_lines": 0, "excluded_lines": 0, "percent_statements_covered": 100.0, "percent_statements_covered_display": "100"}, "missing_lines": [], "excluded_lines": [], "start_line": 94}, "_is_tool_context": {"executed_lines": [105, 106], "summary": {"covered_lines": 2, "num_statements": 4, "percent_covered": 50.0, "percent_covered_display": "50", "missing_lines": 2, "excluded_lines": 0, "percent_statements_covered": 50.0, "percent_statements_covered_display": "50"}, "missing_lines": [107, 108], "excluded_lines": [], "start_line": 103}, "json_schema_from_func": {"executed_lines": [124, 125, 126, 130, 131, 133, 134, 137, 139, 140, 142, 143, 144, 146, 148, 149, 150, 152, 153, 155, 156, 157, 158, 159, 161, 163, 164, 166], "summary": {"covered_lines": 28, "num_statements": 31, "percent_covered": 90.3225806451613, "percent_covered_display": "90", "missing_lines": 3, "excluded_lines": 0, "percent_statements_covered": 90.3225806451613, "percent_statements_covered_display": "90"}, "missing_lines": [127, 128, 135], "excluded_lines": [], "start_line": 111}, "ToolContext.get_state": {"executed_lines": [189], "summary": {"covered_lines": 1, "num_statements": 1, "percent_covered": 100.0, "percent_covered_display": "100", "missing_lines": 0, "excluded_lines": 0, "percent_statements_covered": 100.0, "percent_statements_covered_display": "100"}, "missing_lines": [], "excluded_lines": [], "start_line": 188}, "ToolContext.set_state": {"executed_lines": [192], "summary": {"covered_lines": 1, "num_statements": 1, "percent_covered": 100.0, "percent_covered_display": "100", "missing_lines": 0, "excluded_lines": 0, "percent_statements_covered": 100.0, "percent_statements_covered_display": "100"}, "missing_lines": [], "excluded_lines": [], "start_line": 191}, "ToolContext.stream_partial": {"executed_lines": [195], "summary": {"covered_lines": 1, "num_statements": 1, "percent_covered": 100.0, "percent_covered_display": "100", "missing_lines": 0, "excluded_lines": 0, "percent_statements_covered": 100.0, "percent_statements_covered_display": "100"}, "missing_lines": [], "excluded_lines": [], "start_line": 194}, "ToolContext.get_stream_parts": {"executed_lines": [198], "summary": {"covered_lines": 1, "num_statements": 1, "percent_covered": 100.0, "percent_covered_display": "100", "missing_lines": 0, "excluded_lines": 0, "percent_statements_covered": 100.0, "percent_statements_covered_display": "100"}, "missing_lines": [], "excluded_lines": [], "start_line": 197}, "tool": {"executed_lines": [228, 290], "summary": {"covered_lines": 2, "num_statements": 2, "percent_covered": 100.0, "percent_covered_display": "100", "missing_lines": 0, "excluded_lines": 0, "percent_statements_covered": 100.0, "percent_statements_covered_display": "100"}, "missing_lines": [], "excluded_lines": [], "start_line": 201}, "tool.decorator": {"executed_lines": [229, 230, 231, 232, 234, 236, 237, 238, 239, 244, 245, 248, 250, 253, 254, 255, 257, 258, 261, 268, 270, 286, 288], "summary": {"covered_lines": 23, "num_statements": 29, "percent_covered": 79.3103448275862, "percent_covered_display": "79", "missing_lines": 6, "excluded_lines": 0, "percent_statements_covered": 79.3103448275862, "percent_statements_covered_display": "79"}, "missing_lines": [240, 241, 242, 246, 251, 259], "excluded_lines": [], "start_line": 228}, "ToolBuilder.__init__": {"executed_lines": [313, 314, 315, 316, 317, 318, 319, 320, 321, 322], "summary": {"covered_lines": 10, "num_statements": 10, "percent_covered": 100.0, "percent_covered_display": "100", "missing_lines": 0, "excluded_lines": 0, "percent_statements_covered": 100.0, "percent_statements_covered_display": "100"}, "missing_lines": [], "excluded_lines": [], "start_line": 312}, "ToolBuilder.with_description": {"executed_lines": [325, 326], "summary": {"covered_lines": 2, "num_statements": 2, "percent_covered": 100.0, "percent_covered_display": "100", "missing_lines": 0, "excluded_lines": 0, "percent_statements_covered": 100.0, "percent_statements_covered_display": "100"}, "missing_lines": [], "excluded_lines": [], "start_line": 324}, "ToolBuilder.with_param": {"executed_lines": [338, 339, 350], "summary": {"covered_lines": 3, "num_statements": 3, "percent_covered": 100.0, "percent_covered_display": "100", "missing_lines": 0, "excluded_lines": 0, "percent_statements_covered": 100.0, "percent_statements_covered_display": "100"}, "missing_lines": [], "excluded_lines": [], "start_line": 328}, "ToolBuilder.with_handler": {"executed_lines": [353, 354], "summary": {"covered_lines": 2, "num_statements": 2, "percent_covered": 100.0, "percent_covered_display": "100", "missing_lines": 0, "excluded_lines": 0, "percent_statements_covered": 100.0, "percent_statements_covered_display": "100"}, "missing_lines": [], "excluded_lines": [], "start_line": 352}, "ToolBuilder.with_async_handler": {"executed_lines": [357, 358], "summary": {"covered_lines": 2, "num_statements": 2, "percent_covered": 100.0, "percent_covered_display": "100", "missing_lines": 0, "excluded_lines": 0, "percent_statements_covered": 100.0, "percent_statements_covered_display": "100"}, "missing_lines": [], "excluded_lines": [], "start_line": 356}, "ToolBuilder.with_category": {"executed_lines": [361, 362], "summary": {"covered_lines": 2, "num_statements": 2, "percent_covered": 100.0, "percent_covered_display": "100", "missing_lines": 0, "excluded_lines": 0, "percent_statements_covered": 100.0, "percent_statements_covered_display": "100"}, "missing_lines": [], "excluded_lines": [], "start_line": 360}, "ToolBuilder.with_tags": {"executed_lines": [365, 366], "summary": {"covered_lines": 2, "num_statements": 2, "percent_covered": 100.0, "percent_covered_display": "100", "missing_lines": 0, "excluded_lines": 0, "percent_statements_covered": 100.0, "percent_statements_covered_display": "100"}, "missing_lines": [], "excluded_lines": [], "start_line": 364}, "ToolBuilder.with_timeout": {"executed_lines": [369, 370], "summary": {"covered_lines": 2, "num_statements": 2, "percent_covered": 100.0, "percent_covered_display": "100", "missing_lines": 0, "excluded_lines": 0, "percent_statements_covered": 100.0, "percent_statements_covered_display": "100"}, "missing_lines": [], "excluded_lines": [], "start_line": 368}, "ToolBuilder.with_retry_policy": {"executed_lines": [], "summary": {"covered_lines": 0, "num_statements": 2, "percent_covered": 0.0, "percent_covered_display": "0", "missing_lines": 2, "excluded_lines": 0, "percent_statements_covered": 0.0, "percent_statements_covered_display": "0"}, "missing_lines": [373, 374], "excluded_lines": [], "start_line": 372}, "ToolBuilder.with_visibility": {"executed_lines": [377, 378], "summary": {"covered_lines": 2, "num_statements": 2, "percent_covered": 100.0, "percent_covered_display": "100", "missing_lines": 0, "excluded_lines": 0, "percent_statements_covered": 100.0, "percent_statements_covered_display": "100"}, "missing_lines": [], "excluded_lines": [], "start_line": 376}, "ToolBuilder.build": {"executed_lines": [381], "summary": {"covered_lines": 1, "num_statements": 1, "percent_covered": 100.0, "percent_covered_display": "100", "missing_lines": 0, "excluded_lines": 0, "percent_statements_covered": 100.0, "percent_statements_covered_display": "100"}, "missing_lines": [], "excluded_lines": [], "start_line": 380}, "": {"executed_lines": [9, 11, 12, 13, 14, 15, 16, 18, 26, 35, 38, 48, 72, 84, 94, 103, 111, 173, 174, 180, 181, 182, 183, 185, 186, 188, 191, 194, 197, 201, 293, 312, 324, 328, 352, 356, 360, 364, 368, 372, 376, 380], "summary": {"covered_lines": 42, "num_statements": 42, "percent_covered": 100.0, "percent_covered_display": "100", "missing_lines": 0, "excluded_lines": 0, "percent_statements_covered": 100.0, "percent_statements_covered_display": "100"}, "missing_lines": [], "excluded_lines": [], "start_line": 1}}, "classes": {"ToolContext": {"executed_lines": [189, 192, 195, 198], "summary": {"covered_lines": 4, "num_statements": 4, "percent_covered": 100.0, "percent_covered_display": "100", "missing_lines": 0, "excluded_lines": 0, "percent_statements_covered": 100.0, "percent_statements_covered_display": "100"}, "missing_lines": [], "excluded_lines": [], "start_line": 174}, "ToolBuilder": {"executed_lines": [313, 314, 315, 316, 317, 318, 319, 320, 321, 322, 325, 326, 338, 339, 350, 353, 354, 357, 358, 361, 362, 365, 366, 369, 370, 377, 378, 381], "summary": {"covered_lines": 28, "num_statements": 30, "percent_covered": 93.33333333333333, "percent_covered_display": "93", "missing_lines": 2, "excluded_lines": 0, "percent_statements_covered": 93.33333333333333, "percent_statements_covered_display": "93"}, "missing_lines": [373, 374], "excluded_lines": [], "start_line": 293}, "": {"executed_lines": [9, 11, 12, 13, 14, 15, 16, 18, 26, 35, 38, 40, 41, 42, 43, 44, 45, 48, 54, 55, 58, 59, 60, 61, 63, 64, 65, 69, 72, 74, 75, 76, 77, 78, 79, 80, 81, 84, 86, 87, 88, 89, 90, 94, 96, 97, 98, 99, 100, 103, 105, 106, 111, 124, 125, 126, 130, 131, 133, 134, 137, 139, 140, 142, 143, 144, 146, 148, 149, 150, 152, 153, 155, 156, 157, 158, 159, 161, 163, 164, 166, 173, 174, 180, 181, 182, 183, 185, 186, 188, 191, 194, 197, 201, 228, 229, 230, 231, 232, 234, 236, 237, 238, 239, 244, 245, 248, 250, 253, 254, 255, 257, 258, 261, 268, 270, 286, 288, 290, 293, 312, 324, 328, 352, 356, 360, 364, 368, 372, 376, 380], "summary": {"covered_lines": 131, "num_statements": 146, "percent_covered": 89.72602739726027, "percent_covered_display": "90", "missing_lines": 15, "excluded_lines": 0, "percent_statements_covered": 89.72602739726027, "percent_statements_covered_display": "90"}, "missing_lines": [66, 67, 68, 91, 107, 108, 127, 128, 135, 240, 241, 242, 246, 251, 259], "excluded_lines": [], "start_line": 1}}}, "proxy/app/tools/security.py": {"executed_lines": [12, 14, 15, 16, 18, 19, 21, 27, 30, 31, 39, 56, 58, 70, 77, 78, 79, 81, 88, 90, 98, 99, 100, 101, 102, 103, 111, 125, 127, 128, 129, 131, 132, 133, 134, 135, 137, 138, 139, 140, 141, 142, 143, 144, 150, 159, 161, 162, 164, 165, 166, 168, 169, 171, 173, 179, 180, 182, 183, 186, 187, 189, 190, 192, 193, 194, 196, 200, 204, 205, 207, 208, 209, 211, 212, 213, 214, 220, 228], "summary": {"covered_lines": 79, "num_statements": 91, "percent_covered": 86.81318681318682, "percent_covered_display": "87", "missing_lines": 12, "excluded_lines": 0, "percent_statements_covered": 86.81318681318682, "percent_statements_covered_display": "87"}, "missing_lines": [184, 188, 197, 198, 201, 202, 206, 210, 215, 217, 218, 229], "excluded_lines": [], "functions": {"_strip_control": {"executed_lines": [31], "summary": {"covered_lines": 1, "num_statements": 1, "percent_covered": 100.0, "percent_covered_display": "100", "missing_lines": 0, "excluded_lines": 0, "percent_statements_covered": 100.0, "percent_statements_covered_display": "100"}, "missing_lines": [], "excluded_lines": [], "start_line": 30}, "ToolVisibilityFilter.check_visibility": {"executed_lines": [77, 78, 79], "summary": {"covered_lines": 3, "num_statements": 3, "percent_covered": 100.0, "percent_covered_display": "100", "missing_lines": 0, "excluded_lines": 0, "percent_statements_covered": 100.0, "percent_statements_covered_display": "100"}, "missing_lines": [], "excluded_lines": [], "start_line": 70}, "ToolVisibilityFilter.filter": {"executed_lines": [88], "summary": {"covered_lines": 1, "num_statements": 1, "percent_covered": 100.0, "percent_covered_display": "100", "missing_lines": 0, "excluded_lines": 0, "percent_statements_covered": 100.0, "percent_statements_covered_display": "100"}, "missing_lines": [], "excluded_lines": [], "start_line": 81}, "ToolVisibilityFilter.filter_by_name": {"executed_lines": [98, 99, 100, 101, 102, 103], "summary": {"covered_lines": 6, "num_statements": 6, "percent_covered": 100.0, "percent_covered_display": "100", "missing_lines": 0, "excluded_lines": 0, "percent_statements_covered": 100.0, "percent_statements_covered_display": "100"}, "missing_lines": [], "excluded_lines": [], "start_line": 90}, "ToolInputSanitizer.sanitize": {"executed_lines": [127, 128, 129], "summary": {"covered_lines": 3, "num_statements": 3, "percent_covered": 100.0, "percent_covered_display": "100", "missing_lines": 0, "excluded_lines": 0, "percent_statements_covered": 100.0, "percent_statements_covered_display": "100"}, "missing_lines": [], "excluded_lines": [], "start_line": 125}, "ToolInputSanitizer._sanitize_dict": {"executed_lines": [132, 133, 134, 135], "summary": {"covered_lines": 4, "num_statements": 4, "percent_covered": 100.0, "percent_covered_display": "100", "missing_lines": 0, "excluded_lines": 0, "percent_statements_covered": 100.0, "percent_statements_covered_display": "100"}, "missing_lines": [], "excluded_lines": [], "start_line": 131}, "ToolInputSanitizer._sanitize_value": {"executed_lines": [138, 139, 140, 141, 142, 143, 144], "summary": {"covered_lines": 7, "num_statements": 7, "percent_covered": 100.0, "percent_covered_display": "100", "missing_lines": 0, "excluded_lines": 0, "percent_statements_covered": 100.0, "percent_statements_covered_display": "100"}, "missing_lines": [], "excluded_lines": [], "start_line": 137}, "ToolInputSanitizer.validate": {"executed_lines": [159, 161, 162, 164, 165, 166, 168, 169, 171, 173], "summary": {"covered_lines": 10, "num_statements": 10, "percent_covered": 100.0, "percent_covered_display": "100", "missing_lines": 0, "excluded_lines": 0, "percent_statements_covered": 100.0, "percent_statements_covered_display": "100"}, "missing_lines": [], "excluded_lines": [], "start_line": 150}, "ToolInputSanitizer._validate_type": {"executed_lines": [180, 182, 183, 186, 187, 189, 190, 192, 193, 194, 196, 200, 204, 205, 207, 208, 209, 211, 212, 213, 214, 220], "summary": {"covered_lines": 22, "num_statements": 33, "percent_covered": 66.66666666666667, "percent_covered_display": "67", "missing_lines": 11, "excluded_lines": 0, "percent_statements_covered": 66.66666666666667, "percent_statements_covered_display": "67"}, "missing_lines": [184, 188, 197, 198, 201, 202, 206, 210, 215, 217, 218], "excluded_lines": [], "start_line": 179}, "_resolve_string_type": {"executed_lines": [], "summary": {"covered_lines": 0, "num_statements": 1, "percent_covered": 0.0, "percent_covered_display": "0", "missing_lines": 1, "excluded_lines": 0, "percent_statements_covered": 0.0, "percent_statements_covered_display": "0"}, "missing_lines": [229], "excluded_lines": [], "start_line": 228}, "": {"executed_lines": [12, 14, 15, 16, 18, 19, 21, 27, 30, 39, 56, 58, 70, 81, 90, 111, 125, 131, 137, 150, 179, 228], "summary": {"covered_lines": 22, "num_statements": 22, "percent_covered": 100.0, "percent_covered_display": "100", "missing_lines": 0, "excluded_lines": 0, "percent_statements_covered": 100.0, "percent_statements_covered_display": "100"}, "missing_lines": [], "excluded_lines": [], "start_line": 1}}, "classes": {"ToolVisibilityFilter": {"executed_lines": [77, 78, 79, 88, 98, 99, 100, 101, 102, 103], "summary": {"covered_lines": 10, "num_statements": 10, "percent_covered": 100.0, "percent_covered_display": "100", "missing_lines": 0, "excluded_lines": 0, "percent_statements_covered": 100.0, "percent_statements_covered_display": "100"}, "missing_lines": [], "excluded_lines": [], "start_line": 39}, "ToolInputSanitizer": {"executed_lines": [127, 128, 129, 132, 133, 134, 135, 138, 139, 140, 141, 142, 143, 144, 159, 161, 162, 164, 165, 166, 168, 169, 171, 173, 180, 182, 183, 186, 187, 189, 190, 192, 193, 194, 196, 200, 204, 205, 207, 208, 209, 211, 212, 213, 214, 220], "summary": {"covered_lines": 46, "num_statements": 57, "percent_covered": 80.70175438596492, "percent_covered_display": "81", "missing_lines": 11, "excluded_lines": 0, "percent_statements_covered": 80.70175438596492, "percent_statements_covered_display": "81"}, "missing_lines": [184, 188, 197, 198, 201, 202, 206, 210, 215, 217, 218], "excluded_lines": [], "start_line": 111}, "": {"executed_lines": [12, 14, 15, 16, 18, 19, 21, 27, 30, 31, 39, 56, 58, 70, 81, 90, 111, 125, 131, 137, 150, 179, 228], "summary": {"covered_lines": 23, "num_statements": 24, "percent_covered": 95.83333333333333, "percent_covered_display": "96", "missing_lines": 1, "excluded_lines": 0, "percent_statements_covered": 95.83333333333333, "percent_statements_covered_display": "96"}, "missing_lines": [229], "excluded_lines": [], "start_line": 1}}}}, "totals": {"covered_lines": 12253, "num_statements": 15637, "percent_covered": 78.35902027243077, "percent_covered_display": "78", "missing_lines": 3384, "excluded_lines": 597, "percent_statements_covered": 78.35902027243077, "percent_statements_covered_display": "78"}}