{"meta": {"format": 3, "version": "7.15.0", "timestamp": "2026-07-16T11:04:18.903501", "branch_coverage": false, "show_contexts": false}, "files": {"etl/__init__.py": {"executed_lines": [], "summary": {"covered_lines": 0, "num_statements": 0, "percent_covered": 100.0, "percent_covered_display": "100", "missing_lines": 0, "excluded_lines": 0, "percent_statements_covered": 100.0, "percent_statements_covered_display": "100"}, "missing_lines": [], "excluded_lines": [], "functions": {"": {"executed_lines": [], "summary": {"covered_lines": 0, "num_statements": 0, "percent_covered": 100.0, "percent_covered_display": "100", "missing_lines": 0, "excluded_lines": 0, "percent_statements_covered": 100.0, "percent_statements_covered_display": "100"}, "missing_lines": [], "excluded_lines": [], "start_line": 1}}, "classes": {"": {"executed_lines": [], "summary": {"covered_lines": 0, "num_statements": 0, "percent_covered": 100.0, "percent_covered_display": "100", "missing_lines": 0, "excluded_lines": 0, "percent_statements_covered": 100.0, "percent_statements_covered_display": "100"}, "missing_lines": [], "excluded_lines": [], "start_line": 1}}}, "etl/chunker/__init__.py": {"executed_lines": [], "summary": {"covered_lines": 0, "num_statements": 0, "percent_covered": 100.0, "percent_covered_display": "100", "missing_lines": 0, "excluded_lines": 0, "percent_statements_covered": 100.0, "percent_statements_covered_display": "100"}, "missing_lines": [], "excluded_lines": [], "functions": {"": {"executed_lines": [], "summary": {"covered_lines": 0, "num_statements": 0, "percent_covered": 100.0, "percent_covered_display": "100", "missing_lines": 0, "excluded_lines": 0, "percent_statements_covered": 100.0, "percent_statements_covered_display": "100"}, "missing_lines": [], "excluded_lines": [], "start_line": 1}}, "classes": {"": {"executed_lines": [], "summary": {"covered_lines": 0, "num_statements": 0, "percent_covered": 100.0, "percent_covered_display": "100", "missing_lines": 0, "excluded_lines": 0, "percent_statements_covered": 100.0, "percent_statements_covered_display": "100"}, "missing_lines": [], "excluded_lines": [], "start_line": 1}}}, "etl/chunker/code_chunker.py": {"executed_lines": [4, 5, 6, 7, 9, 11, 12, 15, 16, 20, 21, 22, 25, 26, 27, 28, 32, 34, 35, 37, 38, 43, 44, 46, 47, 48, 49, 50, 51, 52, 53, 54, 65, 68, 83, 85, 86, 88, 89, 91, 102, 103, 104, 105, 106, 111, 112, 114, 115, 117, 118, 119, 121, 122, 131, 134, 136, 137, 139, 141, 145, 146, 147, 148, 149, 159, 160, 161, 163, 167, 168, 169, 170, 171, 172, 177, 179, 180, 181, 183, 186, 193, 194, 196, 197, 198, 199, 200, 201, 202, 203, 204], "summary": {"covered_lines": 92, "num_statements": 108, "percent_covered": 85.18518518518519, "percent_covered_display": "85", "missing_lines": 16, "excluded_lines": 0, "percent_statements_covered": 85.18518518518519, "percent_statements_covered_display": "85"}, "missing_lines": [29, 39, 40, 41, 70, 71, 75, 76, 77, 78, 79, 80, 150, 151, 156, 157], "excluded_lines": [], "functions": {"_extract_python_docstring": {"executed_lines": [26, 27, 28], "summary": {"covered_lines": 3, "num_statements": 4, "percent_covered": 75.0, "percent_covered_display": "75", "missing_lines": 1, "excluded_lines": 0, "percent_statements_covered": 75.0, "percent_statements_covered_display": "75"}, "missing_lines": [29], "excluded_lines": [], "start_line": 25}, "chunk_python": {"executed_lines": [34, 35, 37, 38, 43, 44, 46, 47, 48, 49, 50, 51, 52, 53, 54, 65], "summary": {"covered_lines": 16, "num_statements": 19, "percent_covered": 84.21052631578948, "percent_covered_display": "84", "missing_lines": 3, "excluded_lines": 0, "percent_statements_covered": 84.21052631578948, "percent_statements_covered_display": "84"}, "missing_lines": [39, 40, 41], "excluded_lines": [], "start_line": 32}, "_chunk_python_regex": {"executed_lines": [], "summary": {"covered_lines": 0, "num_statements": 8, "percent_covered": 0.0, "percent_covered_display": "0", "missing_lines": 8, "excluded_lines": 0, "percent_statements_covered": 0.0, "percent_statements_covered_display": "0"}, "missing_lines": [70, 71, 75, 76, 77, 78, 79, 80], "excluded_lines": [], "start_line": 68}, "chunk_javascript": {"executed_lines": [85, 86, 88, 89, 91, 102, 103, 104, 105, 106, 111, 112, 114, 115, 117, 118, 119, 121, 122, 131], "summary": {"covered_lines": 20, "num_statements": 20, "percent_covered": 100.0, "percent_covered_display": "100", "missing_lines": 0, "excluded_lines": 0, "percent_statements_covered": 100.0, "percent_statements_covered_display": "100"}, "missing_lines": [], "excluded_lines": [], "start_line": 83}, "chunk_java": {"executed_lines": [136, 137, 139, 141, 145, 146, 147, 148, 149, 159, 160, 161, 163, 167, 168, 169, 170, 171, 172, 177, 179, 180, 181, 183], "summary": {"covered_lines": 24, "num_statements": 28, "percent_covered": 85.71428571428571, "percent_covered_display": "86", "missing_lines": 4, "excluded_lines": 0, "percent_statements_covered": 85.71428571428571, "percent_statements_covered_display": "86"}, "missing_lines": [150, 151, 156, 157], "excluded_lines": [], "start_line": 134}, "chunk_code": {"executed_lines": [193, 194, 196, 197, 198, 199, 200, 201, 202, 203, 204], "summary": {"covered_lines": 11, "num_statements": 11, "percent_covered": 100.0, "percent_covered_display": "100", "missing_lines": 0, "excluded_lines": 0, "percent_statements_covered": 100.0, "percent_statements_covered_display": "100"}, "missing_lines": [], "excluded_lines": [], "start_line": 186}, "": {"executed_lines": [4, 5, 6, 7, 9, 11, 12, 15, 16, 20, 21, 22, 25, 32, 68, 83, 134, 186], "summary": {"covered_lines": 18, "num_statements": 18, "percent_covered": 100.0, "percent_covered_display": "100", "missing_lines": 0, "excluded_lines": 0, "percent_statements_covered": 100.0, "percent_statements_covered_display": "100"}, "missing_lines": [], "excluded_lines": [], "start_line": 1}}, "classes": {"CodeChunk": {"executed_lines": [], "summary": {"covered_lines": 0, "num_statements": 0, "percent_covered": 100.0, "percent_covered_display": "100", "missing_lines": 0, "excluded_lines": 0, "percent_statements_covered": 100.0, "percent_statements_covered_display": "100"}, "missing_lines": [], "excluded_lines": [], "start_line": 16}, "": {"executed_lines": [4, 5, 6, 7, 9, 11, 12, 15, 16, 20, 21, 22, 25, 26, 27, 28, 32, 34, 35, 37, 38, 43, 44, 46, 47, 48, 49, 50, 51, 52, 53, 54, 65, 68, 83, 85, 86, 88, 89, 91, 102, 103, 104, 105, 106, 111, 112, 114, 115, 117, 118, 119, 121, 122, 131, 134, 136, 137, 139, 141, 145, 146, 147, 148, 149, 159, 160, 161, 163, 167, 168, 169, 170, 171, 172, 177, 179, 180, 181, 183, 186, 193, 194, 196, 197, 198, 199, 200, 201, 202, 203, 204], "summary": {"covered_lines": 92, "num_statements": 108, "percent_covered": 85.18518518518519, "percent_covered_display": "85", "missing_lines": 16, "excluded_lines": 0, "percent_statements_covered": 85.18518518518519, "percent_statements_covered_display": "85"}, "missing_lines": [29, 39, 40, 41, 70, 71, 75, 76, 77, 78, 79, 80, 150, 151, 156, 157], "excluded_lines": [], "start_line": 1}}}, "etl/chunker/hash_versioning.py": {"executed_lines": [11, 12, 13, 14, 15, 16, 17, 19, 20, 22, 26, 27, 30, 35, 47, 48, 51, 58, 63, 64, 65, 66, 67, 68, 69, 71, 73, 74, 75, 76, 78, 79, 80, 82, 84, 85, 86, 87, 89, 92, 100, 109, 110, 111, 113, 124, 125, 127, 128, 129, 132, 133, 134, 137, 138, 139, 140, 142, 148, 150, 152, 154, 155, 156, 157, 158, 161, 162, 164, 166, 167, 168, 170, 172, 173, 174, 175, 176, 178, 181, 182, 187, 189, 191, 197, 198, 199, 200, 203, 205, 206, 207, 209, 211, 212, 213, 214, 215, 216, 218, 220, 221, 227, 228, 235, 237, 239, 240, 241, 247, 248, 255, 259, 261, 262, 263, 265, 266, 268, 271, 272, 273, 274, 275, 279, 285, 286], "summary": {"covered_lines": 127, "num_statements": 156, "percent_covered": 81.41025641025641, "percent_covered_display": "81", "missing_lines": 29, "excluded_lines": 15, "percent_statements_covered": 81.41025641025641, "percent_statements_covered_display": "81"}, "missing_lines": [101, 102, 103, 104, 105, 106, 143, 145, 201, 202, 222, 223, 224, 225, 229, 230, 231, 232, 233, 234, 242, 243, 244, 245, 249, 250, 251, 252, 253], "excluded_lines": [23, 24, 289, 291, 298, 299, 304, 305, 308, 312, 313, 316, 317, 320, 321], "functions": {"compute_chunk_hash": {"executed_lines": [35, 47, 48], "summary": {"covered_lines": 3, "num_statements": 3, "percent_covered": 100.0, "percent_covered_display": "100", "missing_lines": 0, "excluded_lines": 0, "percent_statements_covered": 100.0, "percent_statements_covered_display": "100"}, "missing_lines": [], "excluded_lines": [], "start_line": 30}, "ChunkVersionStore.__init__": {"executed_lines": [63, 64, 65, 66, 67, 68, 69], "summary": {"covered_lines": 7, "num_statements": 7, "percent_covered": 100.0, "percent_covered_display": "100", "missing_lines": 0, "excluded_lines": 0, "percent_statements_covered": 100.0, "percent_statements_covered_display": "100"}, "missing_lines": [], "excluded_lines": [], "start_line": 58}, "ChunkVersionStore._load_wal": {"executed_lines": [73, 74, 75, 76], "summary": {"covered_lines": 4, "num_statements": 4, "percent_covered": 100.0, "percent_covered_display": "100", "missing_lines": 0, "excluded_lines": 0, "percent_statements_covered": 100.0, "percent_statements_covered_display": "100"}, "missing_lines": [], "excluded_lines": [], "start_line": 71}, "ChunkVersionStore._save_wal": {"executed_lines": [79, 80], "summary": {"covered_lines": 2, "num_statements": 2, "percent_covered": 100.0, "percent_covered_display": "100", "missing_lines": 0, "excluded_lines": 0, "percent_statements_covered": 100.0, "percent_statements_covered_display": "100"}, "missing_lines": [], "excluded_lines": [], "start_line": 78}, "ChunkVersionStore.get_last_hash": {"executed_lines": [84, 85, 86, 87], "summary": {"covered_lines": 4, "num_statements": 4, "percent_covered": 100.0, "percent_covered_display": "100", "missing_lines": 0, "excluded_lines": 0, "percent_statements_covered": 100.0, "percent_statements_covered_display": "100"}, "missing_lines": [], "excluded_lines": [], "start_line": 82}, "ChunkVersionStore._append_to_cold_storage": {"executed_lines": [92, 100, 109, 110, 111], "summary": {"covered_lines": 5, "num_statements": 11, "percent_covered": 45.45454545454545, "percent_covered_display": "45", "missing_lines": 6, "excluded_lines": 0, "percent_statements_covered": 45.45454545454545, "percent_statements_covered_display": "45"}, "missing_lines": [101, 102, 103, 104, 105, 106], "excluded_lines": [], "start_line": 89}, "ChunkVersionStore.update_document_chunks": {"executed_lines": [124, 125, 127, 128, 129, 132, 133, 134, 137, 138, 139, 140, 142, 148, 150, 152, 154, 155, 156, 157, 158, 161, 162], "summary": {"covered_lines": 23, "num_statements": 25, "percent_covered": 92.0, "percent_covered_display": "92", "missing_lines": 2, "excluded_lines": 0, "percent_statements_covered": 92.0, "percent_statements_covered_display": "92"}, "missing_lines": [143, 145], "excluded_lines": [], "start_line": 113}, "ChunkVersionStore._save_chunks_to_hot": {"executed_lines": [166, 167, 168], "summary": {"covered_lines": 3, "num_statements": 3, "percent_covered": 100.0, "percent_covered_display": "100", "missing_lines": 0, "excluded_lines": 0, "percent_statements_covered": 100.0, "percent_statements_covered_display": "100"}, "missing_lines": [], "excluded_lines": [], "start_line": 164}, "ChunkVersionStore._load_hot_chunks": {"executed_lines": [172, 173, 174, 175, 176], "summary": {"covered_lines": 5, "num_statements": 5, "percent_covered": 100.0, "percent_covered_display": "100", "missing_lines": 0, "excluded_lines": 0, "percent_statements_covered": 100.0, "percent_statements_covered_display": "100"}, "missing_lines": [], "excluded_lines": [], "start_line": 170}, "ChunkVersionStore._update_wal": {"executed_lines": [181, 182, 187], "summary": {"covered_lines": 3, "num_statements": 3, "percent_covered": 100.0, "percent_covered_display": "100", "missing_lines": 0, "excluded_lines": 0, "percent_statements_covered": 100.0, "percent_statements_covered_display": "100"}, "missing_lines": [], "excluded_lines": [], "start_line": 178}, "ChunkVersionStore._log_deletion": {"executed_lines": [191, 197, 198, 199, 200, 203, 205, 206, 207], "summary": {"covered_lines": 9, "num_statements": 11, "percent_covered": 81.81818181818181, "percent_covered_display": "82", "missing_lines": 2, "excluded_lines": 0, "percent_statements_covered": 81.81818181818181, "percent_statements_covered_display": "82"}, "missing_lines": [201, 202], "excluded_lines": [], "start_line": 189}, "ChunkVersionStore.get_all_current_chunks": {"executed_lines": [211, 212, 213, 214, 215, 216], "summary": {"covered_lines": 6, "num_statements": 6, "percent_covered": 100.0, "percent_covered_display": "100", "missing_lines": 0, "excluded_lines": 0, "percent_statements_covered": 100.0, "percent_statements_covered_display": "100"}, "missing_lines": [], "excluded_lines": [], "start_line": 209}, "ChunkVersionStore.get_chunk_history": {"executed_lines": [220, 221, 227, 228, 235], "summary": {"covered_lines": 5, "num_statements": 15, "percent_covered": 33.333333333333336, "percent_covered_display": "33", "missing_lines": 10, "excluded_lines": 0, "percent_statements_covered": 33.333333333333336, "percent_statements_covered_display": "33"}, "missing_lines": [222, 223, 224, 225, 229, 230, 231, 232, 233, 234], "excluded_lines": [], "start_line": 218}, "ChunkVersionStore.cleanup_old_versions": {"executed_lines": [239, 240, 241, 247, 248], "summary": {"covered_lines": 5, "num_statements": 14, "percent_covered": 35.714285714285715, "percent_covered_display": "36", "missing_lines": 9, "excluded_lines": 0, "percent_statements_covered": 35.714285714285715, "percent_statements_covered_display": "36"}, "missing_lines": [242, 243, 244, 245, 249, 250, 251, 252, 253], "excluded_lines": [], "start_line": 237}, "ChunkVersionStore.reset": {"executed_lines": [259, 261, 262, 263, 265, 266, 268, 271, 272, 273, 274, 275], "summary": {"covered_lines": 12, "num_statements": 12, "percent_covered": 100.0, "percent_covered_display": "100", "missing_lines": 0, "excluded_lines": 0, "percent_statements_covered": 100.0, "percent_statements_covered_display": "100"}, "missing_lines": [], "excluded_lines": [], "start_line": 255}, "get_incremental_chunks": {"executed_lines": [285, 286], "summary": {"covered_lines": 2, "num_statements": 2, "percent_covered": 100.0, "percent_covered_display": "100", "missing_lines": 0, "excluded_lines": 0, "percent_statements_covered": 100.0, "percent_statements_covered_display": "100"}, "missing_lines": [], "excluded_lines": [], "start_line": 279}, "": {"executed_lines": [11, 12, 13, 14, 15, 16, 17, 19, 20, 22, 26, 27, 30, 51, 58, 71, 78, 82, 89, 113, 164, 170, 178, 189, 209, 218, 237, 255, 279], "summary": {"covered_lines": 29, "num_statements": 29, "percent_covered": 100.0, "percent_covered_display": "100", "missing_lines": 0, "excluded_lines": 15, "percent_statements_covered": 100.0, "percent_statements_covered_display": "100"}, "missing_lines": [], "excluded_lines": [23, 24, 289, 291, 298, 299, 304, 305, 308, 312, 313, 316, 317, 320, 321], "start_line": 1}}, "classes": {"ChunkVersionStore": {"executed_lines": [63, 64, 65, 66, 67, 68, 69, 73, 74, 75, 76, 79, 80, 84, 85, 86, 87, 92, 100, 109, 110, 111, 124, 125, 127, 128, 129, 132, 133, 134, 137, 138, 139, 140, 142, 148, 150, 152, 154, 155, 156, 157, 158, 161, 162, 166, 167, 168, 172, 173, 174, 175, 176, 181, 182, 187, 191, 197, 198, 199, 200, 203, 205, 206, 207, 211, 212, 213, 214, 215, 216, 220, 221, 227, 228, 235, 239, 240, 241, 247, 248, 259, 261, 262, 263, 265, 266, 268, 271, 272, 273, 274, 275], "summary": {"covered_lines": 93, "num_statements": 122, "percent_covered": 76.22950819672131, "percent_covered_display": "76", "missing_lines": 29, "excluded_lines": 0, "percent_statements_covered": 76.22950819672131, "percent_statements_covered_display": "76"}, "missing_lines": [101, 102, 103, 104, 105, 106, 143, 145, 201, 202, 222, 223, 224, 225, 229, 230, 231, 232, 233, 234, 242, 243, 244, 245, 249, 250, 251, 252, 253], "excluded_lines": [], "start_line": 51}, "": {"executed_lines": [11, 12, 13, 14, 15, 16, 17, 19, 20, 22, 26, 27, 30, 35, 47, 48, 51, 58, 71, 78, 82, 89, 113, 164, 170, 178, 189, 209, 218, 237, 255, 279, 285, 286], "summary": {"covered_lines": 34, "num_statements": 34, "percent_covered": 100.0, "percent_covered_display": "100", "missing_lines": 0, "excluded_lines": 15, "percent_statements_covered": 100.0, "percent_statements_covered_display": "100"}, "missing_lines": [], "excluded_lines": [23, 24, 289, 291, 298, 299, 304, 305, 308, 312, 313, 316, 317, 320, 321], "start_line": 1}}}, "etl/chunker/semantic_chunker.py": {"executed_lines": [7, 8, 9, 10, 11, 12, 13, 16, 17, 20, 21, 26, 27, 29, 33, 34, 37, 38, 43, 44, 45, 46, 47, 48, 49, 50, 51, 52, 53, 54, 55, 56, 57, 60, 65, 73, 74, 75, 77, 79, 81, 85, 87, 88, 89, 90, 91, 92, 94, 95, 96, 97, 99, 100, 101, 102, 104, 106, 107, 109, 111, 112, 113, 114, 115, 116, 117, 121, 122, 123, 125, 126, 127, 129, 130, 131, 132, 134, 140, 142, 143, 145, 148, 149, 151, 152, 153, 157, 163, 164, 165, 166, 167, 168, 170, 171, 172, 173, 175, 176, 178, 179, 180, 181, 182, 183, 184, 186, 187, 188, 189, 190, 192, 194, 195, 197, 199, 201, 202, 204, 205, 216, 218, 220, 221, 222, 223, 224, 225, 227, 228, 229, 231, 232, 233, 234, 235, 238, 241, 242, 243, 244, 245, 246, 248, 249, 250, 251, 252, 253, 254, 256, 259, 260, 261, 262, 263, 264, 265, 266, 268, 270, 271, 272, 273, 274, 276, 278, 279, 280, 281, 283, 286, 288, 289, 290, 291, 292, 294, 333, 336, 337, 338, 340, 347, 348, 349, 351, 354, 356, 357, 358, 359, 362, 363, 364, 365, 366, 368, 378, 379, 380, 383, 384, 385, 386, 390, 391, 393, 394, 397, 398, 400, 402, 403, 404, 405, 406, 407, 408, 409, 410, 411, 414, 415, 416, 417, 418, 419, 420, 421, 422, 423, 439, 440, 443, 456, 468, 547, 585, 624, 639, 661, 694, 696, 697, 698, 700, 701, 702, 703, 704, 705], "summary": {"covered_lines": 253, "num_statements": 385, "percent_covered": 65.71428571428571, "percent_covered_display": "66", "missing_lines": 132, "excluded_lines": 20, "percent_statements_covered": 65.71428571428571, "percent_statements_covered_display": "66"}, "missing_lines": [86, 146, 155, 174, 200, 296, 297, 298, 299, 301, 309, 314, 315, 317, 319, 320, 321, 326, 328, 329, 330, 369, 370, 371, 372, 373, 374, 375, 388, 392, 463, 464, 465, 466, 472, 473, 474, 476, 477, 478, 481, 482, 483, 494, 496, 497, 498, 499, 500, 501, 502, 503, 504, 514, 515, 516, 517, 518, 519, 520, 521, 529, 532, 533, 542, 543, 545, 549, 550, 552, 553, 555, 557, 558, 559, 560, 561, 564, 565, 566, 567, 568, 571, 572, 573, 574, 576, 577, 578, 580, 581, 583, 587, 588, 589, 590, 591, 594, 595, 597, 598, 599, 600, 608, 610, 612, 613, 622, 626, 627, 629, 630, 631, 632, 633, 634, 635, 637, 648, 651, 654, 657, 659, 668, 669, 671, 672, 674, 675, 676, 688, 690], "excluded_lines": [18, 19, 22, 23, 30, 31, 327, 708, 710, 717, 718, 719, 720, 721, 722, 723, 724, 725, 726, 727], "functions": {"SemanticChunker.__init__": {"executed_lines": [73, 74, 75], "summary": {"covered_lines": 3, "num_statements": 3, "percent_covered": 100.0, "percent_covered_display": "100", "missing_lines": 0, "excluded_lines": 0, "percent_statements_covered": 100.0, "percent_statements_covered_display": "100"}, "missing_lines": [], "excluded_lines": [], "start_line": 65}, "SemanticChunker._estimate_tokens": {"executed_lines": [79], "summary": {"covered_lines": 1, "num_statements": 1, "percent_covered": 100.0, "percent_covered_display": "100", "missing_lines": 0, "excluded_lines": 0, "percent_statements_covered": 100.0, "percent_statements_covered_display": "100"}, "missing_lines": [], "excluded_lines": [], "start_line": 77}, "SemanticChunker._split_by_headings": {"executed_lines": [85, 87, 88, 89, 90, 91, 92, 94, 95, 96, 97, 99, 100, 101, 102], "summary": {"covered_lines": 15, "num_statements": 16, "percent_covered": 93.75, "percent_covered_display": "94", "missing_lines": 1, "excluded_lines": 0, "percent_statements_covered": 93.75, "percent_statements_covered_display": "94"}, "missing_lines": [86], "excluded_lines": [], "start_line": 81}, "SemanticChunker._split_by_paragraphs": {"executed_lines": [106, 107], "summary": {"covered_lines": 2, "num_statements": 2, "percent_covered": 100.0, "percent_covered_display": "100", "missing_lines": 0, "excluded_lines": 0, "percent_statements_covered": 100.0, "percent_statements_covered_display": "100"}, "missing_lines": [], "excluded_lines": [], "start_line": 104}, "SemanticChunker._merge_short_chunks": {"executed_lines": [111, 112, 113, 114, 115, 116, 117, 121, 122, 123, 125, 126, 127, 129, 130, 131, 132], "summary": {"covered_lines": 17, "num_statements": 17, "percent_covered": 100.0, "percent_covered_display": "100", "missing_lines": 0, "excluded_lines": 0, "percent_statements_covered": 100.0, "percent_statements_covered_display": "100"}, "missing_lines": [], "excluded_lines": [], "start_line": 109}, "SemanticChunker._prepend_context": {"executed_lines": [140, 142, 143, 145, 148, 149, 151, 152, 153], "summary": {"covered_lines": 9, "num_statements": 11, "percent_covered": 81.81818181818181, "percent_covered_display": "82", "missing_lines": 2, "excluded_lines": 0, "percent_statements_covered": 81.81818181818181, "percent_statements_covered_display": "82"}, "missing_lines": [146, 155], "excluded_lines": [], "start_line": 134}, "SemanticChunker.chunk_html": {"executed_lines": [163, 164, 165, 166, 167, 168, 170, 171, 172, 173, 175, 176, 178, 179, 180, 181, 182, 183, 184, 186, 187, 188, 189, 190, 192, 194, 195], "summary": {"covered_lines": 27, "num_statements": 28, "percent_covered": 96.42857142857143, "percent_covered_display": "96", "missing_lines": 1, "excluded_lines": 0, "percent_statements_covered": 96.42857142857143, "percent_statements_covered_display": "96"}, "missing_lines": [174], "excluded_lines": [], "start_line": 157}, "SemanticChunker.chunk_markdown": {"executed_lines": [199, 201, 202], "summary": {"covered_lines": 3, "num_statements": 4, "percent_covered": 75.0, "percent_covered_display": "75", "missing_lines": 1, "excluded_lines": 0, "percent_statements_covered": 75.0, "percent_statements_covered_display": "75"}, "missing_lines": [200], "excluded_lines": [], "start_line": 197}, "SemanticChunker._create_chunk": {"executed_lines": [205, 216], "summary": {"covered_lines": 2, "num_statements": 2, "percent_covered": 100.0, "percent_covered_display": "100", "missing_lines": 0, "excluded_lines": 0, "percent_statements_covered": 100.0, "percent_statements_covered_display": "100"}, "missing_lines": [], "excluded_lines": [], "start_line": 204}, "SemanticChunker._apply_overlap": {"executed_lines": [220, 221, 222, 223, 224, 225, 227, 228, 229, 231, 232, 233, 234, 235], "summary": {"covered_lines": 14, "num_statements": 14, "percent_covered": 100.0, "percent_covered_display": "100", "missing_lines": 0, "excluded_lines": 0, "percent_statements_covered": 100.0, "percent_statements_covered_display": "100"}, "missing_lines": [], "excluded_lines": [], "start_line": 218}, "MetadataEnricher.__init__": {"executed_lines": [242, 243, 244, 245, 246, 248, 249, 250, 251, 252, 253, 254], "summary": {"covered_lines": 12, "num_statements": 12, "percent_covered": 100.0, "percent_covered_display": "100", "missing_lines": 0, "excluded_lines": 0, "percent_statements_covered": 100.0, "percent_statements_covered_display": "100"}, "missing_lines": [], "excluded_lines": [], "start_line": 241}, "MetadataEnricher.extract_keywords_tfidf": {"executed_lines": [259, 260, 261, 262, 263, 264, 265, 266], "summary": {"covered_lines": 8, "num_statements": 8, "percent_covered": 100.0, "percent_covered_display": "100", "missing_lines": 0, "excluded_lines": 0, "percent_statements_covered": 100.0, "percent_statements_covered_display": "100"}, "missing_lines": [], "excluded_lines": [], "start_line": 256}, "MetadataEnricher.extract_entities_spacy": {"executed_lines": [270, 271, 272, 273, 274], "summary": {"covered_lines": 5, "num_statements": 5, "percent_covered": 100.0, "percent_covered_display": "100", "missing_lines": 0, "excluded_lines": 0, "percent_statements_covered": 100.0, "percent_statements_covered_display": "100"}, "missing_lines": [], "excluded_lines": [], "start_line": 268}, "MetadataEnricher.generate_summary": {"executed_lines": [278, 279, 280, 281], "summary": {"covered_lines": 4, "num_statements": 4, "percent_covered": 100.0, "percent_covered_display": "100", "missing_lines": 0, "excluded_lines": 0, "percent_statements_covered": 100.0, "percent_statements_covered_display": "100"}, "missing_lines": [], "excluded_lines": [], "start_line": 276}, "MetadataEnricher.generate_hypothetical_questions": {"executed_lines": [286, 288, 289, 290, 291, 292], "summary": {"covered_lines": 6, "num_statements": 6, "percent_covered": 100.0, "percent_covered_display": "100", "missing_lines": 0, "excluded_lines": 0, "percent_statements_covered": 100.0, "percent_statements_covered_display": "100"}, "missing_lines": [], "excluded_lines": [], "start_line": 283}, "MetadataEnricher.enrich_with_slm": {"executed_lines": [], "summary": {"covered_lines": 0, "num_statements": 16, "percent_covered": 0.0, "percent_covered_display": "0", "missing_lines": 16, "excluded_lines": 1, "percent_statements_covered": 0.0, "percent_statements_covered_display": "0"}, "missing_lines": [296, 297, 298, 299, 301, 309, 314, 315, 317, 319, 320, 321, 326, 328, 329, 330], "excluded_lines": [327], "start_line": 294}, "MDKeyChunker.__init__": {"executed_lines": [337, 338], "summary": {"covered_lines": 2, "num_statements": 2, "percent_covered": 100.0, "percent_covered_display": "100", "missing_lines": 0, "excluded_lines": 0, "percent_statements_covered": 100.0, "percent_statements_covered_display": "100"}, "missing_lines": [], "excluded_lines": [], "start_line": 336}, "MDKeyChunker.process_document": {"executed_lines": [347, 348, 349, 351, 354, 356, 357, 358, 359, 362, 363, 364, 365, 366, 368, 378, 379, 380, 383, 384, 385, 386, 390, 391, 393, 394, 397, 398], "summary": {"covered_lines": 28, "num_statements": 37, "percent_covered": 75.67567567567568, "percent_covered_display": "76", "missing_lines": 9, "excluded_lines": 0, "percent_statements_covered": 75.67567567567568, "percent_statements_covered_display": "76"}, "missing_lines": [369, 370, 371, 372, 373, 374, 375, 388, 392], "excluded_lines": [], "start_line": 340}, "MDKeyChunker._pack_by_semantic_key": {"executed_lines": [402, 403, 404, 405, 406, 407, 408, 409, 410, 411, 414, 415, 416, 417, 418, 419, 420, 421, 422, 423, 439, 440], "summary": {"covered_lines": 22, "num_statements": 22, "percent_covered": 100.0, "percent_covered_display": "100", "missing_lines": 0, "excluded_lines": 0, "percent_statements_covered": 100.0, "percent_statements_covered_display": "100"}, "missing_lines": [], "excluded_lines": [], "start_line": 400}, "AdaptiveChunker.__init__": {"executed_lines": [], "summary": {"covered_lines": 0, "num_statements": 4, "percent_covered": 0.0, "percent_covered_display": "0", "missing_lines": 4, "excluded_lines": 0, "percent_statements_covered": 0.0, "percent_statements_covered_display": "0"}, "missing_lines": [463, 464, 465, 466], "excluded_lines": [], "start_line": 456}, "AdaptiveChunker._detect_structure": {"executed_lines": [], "summary": {"covered_lines": 0, "num_statements": 33, "percent_covered": 0.0, "percent_covered_display": "0", "missing_lines": 33, "excluded_lines": 0, "percent_statements_covered": 0.0, "percent_statements_covered_display": "0"}, "missing_lines": [472, 473, 474, 476, 477, 478, 481, 482, 483, 494, 496, 497, 498, 499, 500, 501, 502, 503, 504, 514, 515, 516, 517, 518, 519, 520, 521, 529, 532, 533, 542, 543, 545], "excluded_lines": [], "start_line": 468}, "AdaptiveChunker._merge_small_elements": {"executed_lines": [], "summary": {"covered_lines": 0, "num_statements": 25, "percent_covered": 0.0, "percent_covered_display": "0", "missing_lines": 25, "excluded_lines": 0, "percent_statements_covered": 0.0, "percent_statements_covered_display": "0"}, "missing_lines": [549, 550, 552, 553, 555, 557, 558, 559, 560, 561, 564, 565, 566, 567, 568, 571, 572, 573, 574, 576, 577, 578, 580, 581, 583], "excluded_lines": [], "start_line": 547}, "AdaptiveChunker._split_large_chunks": {"executed_lines": [], "summary": {"covered_lines": 0, "num_statements": 16, "percent_covered": 0.0, "percent_covered_display": "0", "missing_lines": 16, "excluded_lines": 0, "percent_statements_covered": 0.0, "percent_statements_covered_display": "0"}, "missing_lines": [587, 588, 589, 590, 591, 594, 595, 597, 598, 599, 600, 608, 610, 612, 613, 622], "excluded_lines": [], "start_line": 585}, "AdaptiveChunker._apply_overlap": {"executed_lines": [], "summary": {"covered_lines": 0, "num_statements": 10, "percent_covered": 0.0, "percent_covered_display": "0", "missing_lines": 10, "excluded_lines": 0, "percent_statements_covered": 0.0, "percent_statements_covered_display": "0"}, "missing_lines": [626, 627, 629, 630, 631, 632, 633, 634, 635, 637], "excluded_lines": [], "start_line": 624}, "AdaptiveChunker.chunk": {"executed_lines": [], "summary": {"covered_lines": 0, "num_statements": 5, "percent_covered": 0.0, "percent_covered_display": "0", "missing_lines": 5, "excluded_lines": 0, "percent_statements_covered": 0.0, "percent_statements_covered_display": "0"}, "missing_lines": [648, 651, 654, 657, 659], "excluded_lines": [], "start_line": 639}, "AdaptiveChunker.chunk_markdown": {"executed_lines": [], "summary": {"covered_lines": 0, "num_statements": 9, "percent_covered": 0.0, "percent_covered_display": "0", "missing_lines": 9, "excluded_lines": 0, "percent_statements_covered": 0.0, "percent_statements_covered_display": "0"}, "missing_lines": [668, 669, 671, 672, 674, 675, 676, 688, 690], "excluded_lines": [], "start_line": 661}, "save_chunks_to_json": {"executed_lines": [696, 697, 698, 700, 701, 702, 703, 704, 705], "summary": {"covered_lines": 9, "num_statements": 9, "percent_covered": 100.0, "percent_covered_display": "100", "missing_lines": 0, "excluded_lines": 0, "percent_statements_covered": 100.0, "percent_statements_covered_display": "100"}, "missing_lines": [], "excluded_lines": [], "start_line": 694}, "": {"executed_lines": [7, 8, 9, 10, 11, 12, 13, 16, 17, 20, 21, 26, 27, 29, 33, 34, 37, 38, 43, 44, 45, 46, 47, 48, 49, 50, 51, 52, 53, 54, 55, 56, 57, 60, 65, 77, 81, 104, 109, 134, 157, 197, 204, 218, 238, 241, 256, 268, 276, 283, 294, 333, 336, 340, 400, 443, 456, 468, 547, 585, 624, 639, 661, 694], "summary": {"covered_lines": 64, "num_statements": 64, "percent_covered": 100.0, "percent_covered_display": "100", "missing_lines": 0, "excluded_lines": 19, "percent_statements_covered": 100.0, "percent_statements_covered_display": "100"}, "missing_lines": [], "excluded_lines": [18, 19, 22, 23, 30, 31, 708, 710, 717, 718, 719, 720, 721, 722, 723, 724, 725, 726, 727], "start_line": 1}}, "classes": {"Chunk": {"executed_lines": [], "summary": {"covered_lines": 0, "num_statements": 0, "percent_covered": 100.0, "percent_covered_display": "100", "missing_lines": 0, "excluded_lines": 0, "percent_statements_covered": 100.0, "percent_statements_covered_display": "100"}, "missing_lines": [], "excluded_lines": [], "start_line": 38}, "SemanticChunker": {"executed_lines": [73, 74, 75, 79, 85, 87, 88, 89, 90, 91, 92, 94, 95, 96, 97, 99, 100, 101, 102, 106, 107, 111, 112, 113, 114, 115, 116, 117, 121, 122, 123, 125, 126, 127, 129, 130, 131, 132, 140, 142, 143, 145, 148, 149, 151, 152, 153, 163, 164, 165, 166, 167, 168, 170, 171, 172, 173, 175, 176, 178, 179, 180, 181, 182, 183, 184, 186, 187, 188, 189, 190, 192, 194, 195, 199, 201, 202, 205, 216, 220, 221, 222, 223, 224, 225, 227, 228, 229, 231, 232, 233, 234, 235], "summary": {"covered_lines": 93, "num_statements": 98, "percent_covered": 94.89795918367346, "percent_covered_display": "95", "missing_lines": 5, "excluded_lines": 0, "percent_statements_covered": 94.89795918367346, "percent_statements_covered_display": "95"}, "missing_lines": [86, 146, 155, 174, 200], "excluded_lines": [], "start_line": 60}, "MetadataEnricher": {"executed_lines": [242, 243, 244, 245, 246, 248, 249, 250, 251, 252, 253, 254, 259, 260, 261, 262, 263, 264, 265, 266, 270, 271, 272, 273, 274, 278, 279, 280, 281, 286, 288, 289, 290, 291, 292], "summary": {"covered_lines": 35, "num_statements": 51, "percent_covered": 68.62745098039215, "percent_covered_display": "69", "missing_lines": 16, "excluded_lines": 1, "percent_statements_covered": 68.62745098039215, "percent_statements_covered_display": "69"}, "missing_lines": [296, 297, 298, 299, 301, 309, 314, 315, 317, 319, 320, 321, 326, 328, 329, 330], "excluded_lines": [327], "start_line": 238}, "MDKeyChunker": {"executed_lines": [337, 338, 347, 348, 349, 351, 354, 356, 357, 358, 359, 362, 363, 364, 365, 366, 368, 378, 379, 380, 383, 384, 385, 386, 390, 391, 393, 394, 397, 398, 402, 403, 404, 405, 406, 407, 408, 409, 410, 411, 414, 415, 416, 417, 418, 419, 420, 421, 422, 423, 439, 440], "summary": {"covered_lines": 52, "num_statements": 61, "percent_covered": 85.24590163934427, "percent_covered_display": "85", "missing_lines": 9, "excluded_lines": 0, "percent_statements_covered": 85.24590163934427, "percent_statements_covered_display": "85"}, "missing_lines": [369, 370, 371, 372, 373, 374, 375, 388, 392], "excluded_lines": [], "start_line": 333}, "AdaptiveChunker": {"executed_lines": [], "summary": {"covered_lines": 0, "num_statements": 102, "percent_covered": 0.0, "percent_covered_display": "0", "missing_lines": 102, "excluded_lines": 0, "percent_statements_covered": 0.0, "percent_statements_covered_display": "0"}, "missing_lines": [463, 464, 465, 466, 472, 473, 474, 476, 477, 478, 481, 482, 483, 494, 496, 497, 498, 499, 500, 501, 502, 503, 504, 514, 515, 516, 517, 518, 519, 520, 521, 529, 532, 533, 542, 543, 545, 549, 550, 552, 553, 555, 557, 558, 559, 560, 561, 564, 565, 566, 567, 568, 571, 572, 573, 574, 576, 577, 578, 580, 581, 583, 587, 588, 589, 590, 591, 594, 595, 597, 598, 599, 600, 608, 610, 612, 613, 622, 626, 627, 629, 630, 631, 632, 633, 634, 635, 637, 648, 651, 654, 657, 659, 668, 669, 671, 672, 674, 675, 676, 688, 690], "excluded_lines": [], "start_line": 443}, "": {"executed_lines": [7, 8, 9, 10, 11, 12, 13, 16, 17, 20, 21, 26, 27, 29, 33, 34, 37, 38, 43, 44, 45, 46, 47, 48, 49, 50, 51, 52, 53, 54, 55, 56, 57, 60, 65, 77, 81, 104, 109, 134, 157, 197, 204, 218, 238, 241, 256, 268, 276, 283, 294, 333, 336, 340, 400, 443, 456, 468, 547, 585, 624, 639, 661, 694, 696, 697, 698, 700, 701, 702, 703, 704, 705], "summary": {"covered_lines": 73, "num_statements": 73, "percent_covered": 100.0, "percent_covered_display": "100", "missing_lines": 0, "excluded_lines": 19, "percent_statements_covered": 100.0, "percent_statements_covered_display": "100"}, "missing_lines": [], "excluded_lines": [18, 19, 22, 23, 30, 31, 708, 710, 717, 718, 719, 720, 721, 722, 723, 724, 725, 726, 727], "start_line": 1}}}, "etl/chunker/table_extractor.py": {"executed_lines": [4, 5, 6, 8, 9, 11, 16, 18, 21, 22, 25, 28, 33, 34, 36, 37, 42, 43, 44, 45, 46, 47, 49, 50, 52, 53, 54, 55, 56, 58, 59, 60, 61, 63, 64, 65, 66, 67, 68, 70, 71, 73, 75, 78, 80, 81, 83, 84, 86, 89, 90, 91, 93, 94, 96, 97, 98, 100, 102, 104, 105, 106, 108, 111, 116, 123, 124, 125, 126, 127, 128, 129, 130, 131, 133], "summary": {"covered_lines": 75, "num_statements": 80, "percent_covered": 93.75, "percent_covered_display": "94", "missing_lines": 5, "excluded_lines": 3, "percent_statements_covered": 93.75, "percent_statements_covered_display": "94"}, "missing_lines": [38, 39, 40, 62, 87], "excluded_lines": [12, 13, 14], "functions": {"extract_tables_from_html": {"executed_lines": [33, 34, 36, 37, 42, 43, 44, 45, 46, 47, 49, 50, 52, 53, 54, 55, 56, 58, 59, 60, 61, 63, 64, 65, 66, 67, 68, 70, 71, 73, 75], "summary": {"covered_lines": 31, "num_statements": 35, "percent_covered": 88.57142857142857, "percent_covered_display": "89", "missing_lines": 4, "excluded_lines": 0, "percent_statements_covered": 88.57142857142857, "percent_statements_covered_display": "89"}, "missing_lines": [38, 39, 40, 62], "excluded_lines": [], "start_line": 28}, "table_to_markdown": {"executed_lines": [80, 81, 83, 84, 86, 89, 90, 91, 93, 96, 97, 98, 100, 102, 104, 105, 106, 108], "summary": {"covered_lines": 18, "num_statements": 19, "percent_covered": 94.73684210526316, "percent_covered_display": "95", "missing_lines": 1, "excluded_lines": 0, "percent_statements_covered": 94.73684210526316, "percent_statements_covered_display": "95"}, "missing_lines": [87], "excluded_lines": [], "start_line": 78}, "table_to_markdown._clean_cell": {"executed_lines": [94], "summary": {"covered_lines": 1, "num_statements": 1, "percent_covered": 100.0, "percent_covered_display": "100", "missing_lines": 0, "excluded_lines": 0, "percent_statements_covered": 100.0, "percent_statements_covered_display": "100"}, "missing_lines": [], "excluded_lines": [], "start_line": 93}, "table_to_json": {"executed_lines": [116, 123, 124, 125, 126, 127, 128, 129, 130, 131, 133], "summary": {"covered_lines": 11, "num_statements": 11, "percent_covered": 100.0, "percent_covered_display": "100", "missing_lines": 0, "excluded_lines": 0, "percent_statements_covered": 100.0, "percent_statements_covered_display": "100"}, "missing_lines": [], "excluded_lines": [], "start_line": 111}, "": {"executed_lines": [4, 5, 6, 8, 9, 11, 16, 18, 21, 22, 25, 28, 78, 111], "summary": {"covered_lines": 14, "num_statements": 14, "percent_covered": 100.0, "percent_covered_display": "100", "missing_lines": 0, "excluded_lines": 3, "percent_statements_covered": 100.0, "percent_statements_covered_display": "100"}, "missing_lines": [], "excluded_lines": [12, 13, 14], "start_line": 1}}, "classes": {"TableData": {"executed_lines": [], "summary": {"covered_lines": 0, "num_statements": 0, "percent_covered": 100.0, "percent_covered_display": "100", "missing_lines": 0, "excluded_lines": 0, "percent_statements_covered": 100.0, "percent_statements_covered_display": "100"}, "missing_lines": [], "excluded_lines": [], "start_line": 22}, "": {"executed_lines": [4, 5, 6, 8, 9, 11, 16, 18, 21, 22, 25, 28, 33, 34, 36, 37, 42, 43, 44, 45, 46, 47, 49, 50, 52, 53, 54, 55, 56, 58, 59, 60, 61, 63, 64, 65, 66, 67, 68, 70, 71, 73, 75, 78, 80, 81, 83, 84, 86, 89, 90, 91, 93, 94, 96, 97, 98, 100, 102, 104, 105, 106, 108, 111, 116, 123, 124, 125, 126, 127, 128, 129, 130, 131, 133], "summary": {"covered_lines": 75, "num_statements": 80, "percent_covered": 93.75, "percent_covered_display": "94", "missing_lines": 5, "excluded_lines": 3, "percent_statements_covered": 93.75, "percent_statements_covered_display": "94"}, "missing_lines": [38, 39, 40, 62, 87], "excluded_lines": [12, 13, 14], "start_line": 1}}}, "etl/config/__init__.py": {"executed_lines": [], "summary": {"covered_lines": 0, "num_statements": 0, "percent_covered": 100.0, "percent_covered_display": "100", "missing_lines": 0, "excluded_lines": 0, "percent_statements_covered": 100.0, "percent_statements_covered_display": "100"}, "missing_lines": [], "excluded_lines": [], "functions": {"": {"executed_lines": [], "summary": {"covered_lines": 0, "num_statements": 0, "percent_covered": 100.0, "percent_covered_display": "100", "missing_lines": 0, "excluded_lines": 0, "percent_statements_covered": 100.0, "percent_statements_covered_display": "100"}, "missing_lines": [], "excluded_lines": [], "start_line": 1}}, "classes": {"": {"executed_lines": [], "summary": {"covered_lines": 0, "num_statements": 0, "percent_covered": 100.0, "percent_covered_display": "100", "missing_lines": 0, "excluded_lines": 0, "percent_statements_covered": 100.0, "percent_statements_covered_display": "100"}, "missing_lines": [], "excluded_lines": [], "start_line": 1}}}, "etl/extractors/__init__.py": {"executed_lines": [4, 6], "summary": {"covered_lines": 2, "num_statements": 2, "percent_covered": 100.0, "percent_covered_display": "100", "missing_lines": 0, "excluded_lines": 0, "percent_statements_covered": 100.0, "percent_statements_covered_display": "100"}, "missing_lines": [], "excluded_lines": [], "functions": {"": {"executed_lines": [4, 6], "summary": {"covered_lines": 2, "num_statements": 2, "percent_covered": 100.0, "percent_covered_display": "100", "missing_lines": 0, "excluded_lines": 0, "percent_statements_covered": 100.0, "percent_statements_covered_display": "100"}, "missing_lines": [], "excluded_lines": [], "start_line": 1}}, "classes": {"": {"executed_lines": [4, 6], "summary": {"covered_lines": 2, "num_statements": 2, "percent_covered": 100.0, "percent_covered_display": "100", "missing_lines": 0, "excluded_lines": 0, "percent_statements_covered": 100.0, "percent_statements_covered_display": "100"}, "missing_lines": [], "excluded_lines": [], "start_line": 1}}}, "etl/extractors/base.py": {"executed_lines": [], "summary": {"covered_lines": 0, "num_statements": 2, "percent_covered": 0.0, "percent_covered_display": "0", "missing_lines": 2, "excluded_lines": 0, "percent_statements_covered": 0.0, "percent_statements_covered_display": "0"}, "missing_lines": [4, 6], "excluded_lines": [], "functions": {"": {"executed_lines": [], "summary": {"covered_lines": 0, "num_statements": 2, "percent_covered": 0.0, "percent_covered_display": "0", "missing_lines": 2, "excluded_lines": 0, "percent_statements_covered": 0.0, "percent_statements_covered_display": "0"}, "missing_lines": [4, 6], "excluded_lines": [], "start_line": 1}}, "classes": {"": {"executed_lines": [], "summary": {"covered_lines": 0, "num_statements": 2, "percent_covered": 0.0, "percent_covered_display": "0", "missing_lines": 2, "excluded_lines": 0, "percent_statements_covered": 0.0, "percent_statements_covered_display": "0"}, "missing_lines": [4, 6], "excluded_lines": [], "start_line": 1}}}, "etl/extractors/base_extractor.py": {"executed_lines": [3, 4, 5, 6, 7, 8, 11, 12, 16, 17, 18, 19, 20, 23, 24, 30, 31, 32, 33, 34, 36, 37, 38, 41, 44, 45, 47, 48, 51, 52, 55, 56, 59, 61, 63, 65, 66, 67], "summary": {"covered_lines": 38, "num_statements": 38, "percent_covered": 100.0, "percent_covered_display": "100", "missing_lines": 0, "excluded_lines": 0, "percent_statements_covered": 100.0, "percent_statements_covered_display": "100"}, "missing_lines": [], "excluded_lines": [], "functions": {"ExtractedDocument.__post_init__": {"executed_lines": [37, 38], "summary": {"covered_lines": 2, "num_statements": 2, "percent_covered": 100.0, "percent_covered_display": "100", "missing_lines": 0, "excluded_lines": 0, "percent_statements_covered": 100.0, "percent_statements_covered_display": "100"}, "missing_lines": [], "excluded_lines": [], "start_line": 36}, "BaseExtractor.__init__": {"executed_lines": [45], "summary": {"covered_lines": 1, "num_statements": 1, "percent_covered": 100.0, "percent_covered_display": "100", "missing_lines": 0, "excluded_lines": 0, "percent_statements_covered": 100.0, "percent_statements_covered_display": "100"}, "missing_lines": [], "excluded_lines": [], "start_line": 44}, "BaseExtractor.extract": {"executed_lines": [], "summary": {"covered_lines": 0, "num_statements": 0, "percent_covered": 100.0, "percent_covered_display": "100", "missing_lines": 0, "excluded_lines": 0, "percent_statements_covered": 100.0, "percent_statements_covered_display": "100"}, "missing_lines": [], "excluded_lines": [], "start_line": 48}, "BaseExtractor.validate_connection": {"executed_lines": [], "summary": {"covered_lines": 0, "num_statements": 0, "percent_covered": 100.0, "percent_covered_display": "100", "missing_lines": 0, "excluded_lines": 0, "percent_statements_covered": 100.0, "percent_statements_covered_display": "100"}, "missing_lines": [], "excluded_lines": [], "start_line": 52}, "BaseExtractor.should_process": {"executed_lines": [], "summary": {"covered_lines": 0, "num_statements": 0, "percent_covered": 100.0, "percent_covered_display": "100", "missing_lines": 0, "excluded_lines": 0, "percent_statements_covered": 100.0, "percent_statements_covered_display": "100"}, "missing_lines": [], "excluded_lines": [], "start_line": 56}, "BaseExtractor.compute_hash": {"executed_lines": [61], "summary": {"covered_lines": 1, "num_statements": 1, "percent_covered": 100.0, "percent_covered_display": "100", "missing_lines": 0, "excluded_lines": 0, "percent_statements_covered": 100.0, "percent_statements_covered_display": "100"}, "missing_lines": [], "excluded_lines": [], "start_line": 59}, "BaseExtractor._truncate_text": {"executed_lines": [65, 66, 67], "summary": {"covered_lines": 3, "num_statements": 3, "percent_covered": 100.0, "percent_covered_display": "100", "missing_lines": 0, "excluded_lines": 0, "percent_statements_covered": 100.0, "percent_statements_covered_display": "100"}, "missing_lines": [], "excluded_lines": [], "start_line": 63}, "": {"executed_lines": [3, 4, 5, 6, 7, 8, 11, 12, 16, 17, 18, 19, 20, 23, 24, 30, 31, 32, 33, 34, 36, 41, 44, 47, 48, 51, 52, 55, 56, 59, 63], "summary": {"covered_lines": 31, "num_statements": 31, "percent_covered": 100.0, "percent_covered_display": "100", "missing_lines": 0, "excluded_lines": 0, "percent_statements_covered": 100.0, "percent_statements_covered_display": "100"}, "missing_lines": [], "excluded_lines": [], "start_line": 1}}, "classes": {"ExtractorConfig": {"executed_lines": [], "summary": {"covered_lines": 0, "num_statements": 0, "percent_covered": 100.0, "percent_covered_display": "100", "missing_lines": 0, "excluded_lines": 0, "percent_statements_covered": 100.0, "percent_statements_covered_display": "100"}, "missing_lines": [], "excluded_lines": [], "start_line": 12}, "ExtractedDocument": {"executed_lines": [37, 38], "summary": {"covered_lines": 2, "num_statements": 2, "percent_covered": 100.0, "percent_covered_display": "100", "missing_lines": 0, "excluded_lines": 0, "percent_statements_covered": 100.0, "percent_statements_covered_display": "100"}, "missing_lines": [], "excluded_lines": [], "start_line": 24}, "BaseExtractor": {"executed_lines": [45, 61, 65, 66, 67], "summary": {"covered_lines": 5, "num_statements": 5, "percent_covered": 100.0, "percent_covered_display": "100", "missing_lines": 0, "excluded_lines": 0, "percent_statements_covered": 100.0, "percent_statements_covered_display": "100"}, "missing_lines": [], "excluded_lines": [], "start_line": 41}, "": {"executed_lines": [3, 4, 5, 6, 7, 8, 11, 12, 16, 17, 18, 19, 20, 23, 24, 30, 31, 32, 33, 34, 36, 41, 44, 47, 48, 51, 52, 55, 56, 59, 63], "summary": {"covered_lines": 31, "num_statements": 31, "percent_covered": 100.0, "percent_covered_display": "100", "missing_lines": 0, "excluded_lines": 0, "percent_statements_covered": 100.0, "percent_statements_covered_display": "100"}, "missing_lines": [], "excluded_lines": [], "start_line": 1}}}, "etl/extractors/book_extractor.py": {"executed_lines": [3, 4, 5, 6, 7, 9, 11, 12, 15, 18, 19, 20, 22, 23, 24, 25, 27, 29, 30, 33, 37, 38, 39, 40, 41, 43, 44, 48, 49, 50, 52, 53, 55, 57, 60, 61, 62, 63, 64, 72, 73, 77, 79, 80, 85, 86, 87, 88, 90, 91, 92, 94, 95, 96, 100, 101, 103, 116, 117, 126, 127, 145, 147, 149, 151, 152, 157, 158, 159, 160, 162, 163, 164, 165, 167, 169, 170, 171, 172, 188, 190, 192, 194, 195, 200, 201, 202, 204, 205, 206, 208, 209, 210, 211, 213, 214, 215, 218, 220, 223, 225, 226, 228, 229, 231, 232, 234, 237, 238, 239, 254, 256, 258, 260, 261, 262, 264, 265, 266, 267, 268, 271, 273, 274, 275, 276, 277, 278, 279, 282, 284, 285, 287, 288, 290, 291, 292, 293, 303, 304, 306, 307, 309, 310, 312, 313, 315, 316, 317, 318, 319, 320, 321, 322, 324, 326, 327, 329, 337, 338, 340, 341, 342, 344, 345, 346, 347, 348, 349, 350, 352], "summary": {"covered_lines": 171, "num_statements": 194, "percent_covered": 88.14432989690722, "percent_covered_display": "88", "missing_lines": 23, "excluded_lines": 19, "percent_statements_covered": 88.14432989690722, "percent_statements_covered_display": "88"}, "missing_lines": [31, 32, 34, 35, 58, 65, 66, 67, 68, 70, 74, 75, 97, 98, 104, 105, 106, 107, 216, 224, 235, 269, 280], "excluded_lines": [81, 82, 83, 153, 154, 155, 196, 197, 198, 270, 281, 294, 295, 296, 297, 298, 299, 300, 301], "functions": {"BookExtractor.__init__": {"executed_lines": [23, 24, 25], "summary": {"covered_lines": 3, "num_statements": 3, "percent_covered": 100.0, "percent_covered_display": "100", "missing_lines": 0, "excluded_lines": 0, "percent_statements_covered": 100.0, "percent_statements_covered_display": "100"}, "missing_lines": [], "excluded_lines": [], "start_line": 22}, "BookExtractor.validate_connection": {"executed_lines": [29, 30, 33, 37, 38, 39, 40, 41, 43, 44, 48, 49, 50, 52, 53], "summary": {"covered_lines": 15, "num_statements": 19, "percent_covered": 78.94736842105263, "percent_covered_display": "79", "missing_lines": 4, "excluded_lines": 0, "percent_statements_covered": 78.94736842105263, "percent_statements_covered_display": "79"}, "missing_lines": [31, 32, 34, 35], "excluded_lines": [], "start_line": 27}, "BookExtractor.extract": {"executed_lines": [57, 60, 61, 62, 63, 64, 72, 73], "summary": {"covered_lines": 8, "num_statements": 16, "percent_covered": 50.0, "percent_covered_display": "50", "missing_lines": 8, "excluded_lines": 0, "percent_statements_covered": 50.0, "percent_statements_covered_display": "50"}, "missing_lines": [58, 65, 66, 67, 68, 70, 74, 75], "excluded_lines": [], "start_line": 55}, "BookExtractor._extract_epub": {"executed_lines": [79, 80, 85, 86, 87, 88, 90, 91, 92, 94, 95, 96, 100, 101, 103, 116, 117, 126, 127, 145, 147], "summary": {"covered_lines": 21, "num_statements": 27, "percent_covered": 77.77777777777777, "percent_covered_display": "78", "missing_lines": 6, "excluded_lines": 3, "percent_statements_covered": 77.77777777777777, "percent_statements_covered_display": "78"}, "missing_lines": [97, 98, 104, 105, 106, 107], "excluded_lines": [81, 82, 83], "start_line": 77}, "BookExtractor._extract_pdf": {"executed_lines": [151, 152, 157, 158, 159, 160, 162, 163, 164, 165, 167, 169, 170, 171, 172, 188, 190], "summary": {"covered_lines": 17, "num_statements": 17, "percent_covered": 100.0, "percent_covered_display": "100", "missing_lines": 0, "excluded_lines": 3, "percent_statements_covered": 100.0, "percent_statements_covered_display": "100"}, "missing_lines": [], "excluded_lines": [153, 154, 155], "start_line": 149}, "BookExtractor._extract_docx": {"executed_lines": [194, 195, 200, 201, 202, 204, 205, 206, 208, 209, 210, 211, 213, 214, 215, 218, 220, 223, 225, 226, 228, 229, 231, 232, 234, 237, 238, 239, 254, 256], "summary": {"covered_lines": 30, "num_statements": 33, "percent_covered": 90.9090909090909, "percent_covered_display": "91", "missing_lines": 3, "excluded_lines": 3, "percent_statements_covered": 90.9090909090909, "percent_statements_covered_display": "91"}, "missing_lines": [216, 224, 235], "excluded_lines": [196, 197, 198], "start_line": 192}, "BookExtractor.should_process": {"executed_lines": [260, 261, 262], "summary": {"covered_lines": 3, "num_statements": 3, "percent_covered": 100.0, "percent_covered_display": "100", "missing_lines": 0, "excluded_lines": 0, "percent_statements_covered": 100.0, "percent_statements_covered_display": "100"}, "missing_lines": [], "excluded_lines": [], "start_line": 258}, "BookExtractor._get_epub_metadata": {"executed_lines": [266, 267, 268, 271], "summary": {"covered_lines": 4, "num_statements": 5, "percent_covered": 80.0, "percent_covered_display": "80", "missing_lines": 1, "excluded_lines": 1, "percent_statements_covered": 80.0, "percent_statements_covered_display": "80"}, "missing_lines": [269], "excluded_lines": [270], "start_line": 265}, "BookExtractor._get_epub_identifier": {"executed_lines": [275, 276, 277, 278, 279, 282], "summary": {"covered_lines": 6, "num_statements": 7, "percent_covered": 85.71428571428571, "percent_covered_display": "86", "missing_lines": 1, "excluded_lines": 1, "percent_statements_covered": 85.71428571428571, "percent_statements_covered_display": "86"}, "missing_lines": [280], "excluded_lines": [281], "start_line": 274}, "BookExtractor._clean_html": {"executed_lines": [287, 288, 290, 291, 292, 293, 303, 304], "summary": {"covered_lines": 8, "num_statements": 8, "percent_covered": 100.0, "percent_covered_display": "100", "missing_lines": 0, "excluded_lines": 8, "percent_statements_covered": 100.0, "percent_statements_covered_display": "100"}, "missing_lines": [], "excluded_lines": [294, 295, 296, 297, 298, 299, 300, 301], "start_line": 285}, "BookExtractor._extract_headings": {"executed_lines": [309, 310, 312, 313, 315, 316, 317, 318, 319, 320, 321, 322, 324], "summary": {"covered_lines": 13, "num_statements": 13, "percent_covered": 100.0, "percent_covered_display": "100", "missing_lines": 0, "excluded_lines": 0, "percent_statements_covered": 100.0, "percent_statements_covered_display": "100"}, "missing_lines": [], "excluded_lines": [], "start_line": 307}, "BookExtractor._split_into_sections": {"executed_lines": [329, 337, 338, 340, 341, 342, 344, 345, 346, 347, 348, 349, 350, 352], "summary": {"covered_lines": 14, "num_statements": 14, "percent_covered": 100.0, "percent_covered_display": "100", "missing_lines": 0, "excluded_lines": 0, "percent_statements_covered": 100.0, "percent_statements_covered_display": "100"}, "missing_lines": [], "excluded_lines": [], "start_line": 327}, "": {"executed_lines": [3, 4, 5, 6, 7, 9, 11, 12, 15, 18, 19, 20, 22, 27, 55, 77, 149, 192, 258, 264, 265, 273, 274, 284, 285, 306, 307, 326, 327], "summary": {"covered_lines": 29, "num_statements": 29, "percent_covered": 100.0, "percent_covered_display": "100", "missing_lines": 0, "excluded_lines": 0, "percent_statements_covered": 100.0, "percent_statements_covered_display": "100"}, "missing_lines": [], "excluded_lines": [], "start_line": 1}}, "classes": {"BookExtractor": {"executed_lines": [23, 24, 25, 29, 30, 33, 37, 38, 39, 40, 41, 43, 44, 48, 49, 50, 52, 53, 57, 60, 61, 62, 63, 64, 72, 73, 79, 80, 85, 86, 87, 88, 90, 91, 92, 94, 95, 96, 100, 101, 103, 116, 117, 126, 127, 145, 147, 151, 152, 157, 158, 159, 160, 162, 163, 164, 165, 167, 169, 170, 171, 172, 188, 190, 194, 195, 200, 201, 202, 204, 205, 206, 208, 209, 210, 211, 213, 214, 215, 218, 220, 223, 225, 226, 228, 229, 231, 232, 234, 237, 238, 239, 254, 256, 260, 261, 262, 266, 267, 268, 271, 275, 276, 277, 278, 279, 282, 287, 288, 290, 291, 292, 293, 303, 304, 309, 310, 312, 313, 315, 316, 317, 318, 319, 320, 321, 322, 324, 329, 337, 338, 340, 341, 342, 344, 345, 346, 347, 348, 349, 350, 352], "summary": {"covered_lines": 142, "num_statements": 165, "percent_covered": 86.06060606060606, "percent_covered_display": "86", "missing_lines": 23, "excluded_lines": 19, "percent_statements_covered": 86.06060606060606, "percent_statements_covered_display": "86"}, "missing_lines": [31, 32, 34, 35, 58, 65, 66, 67, 68, 70, 74, 75, 97, 98, 104, 105, 106, 107, 216, 224, 235, 269, 280], "excluded_lines": [81, 82, 83, 153, 154, 155, 196, 197, 198, 270, 281, 294, 295, 296, 297, 298, 299, 300, 301], "start_line": 15}, "": {"executed_lines": [3, 4, 5, 6, 7, 9, 11, 12, 15, 18, 19, 20, 22, 27, 55, 77, 149, 192, 258, 264, 265, 273, 274, 284, 285, 306, 307, 326, 327], "summary": {"covered_lines": 29, "num_statements": 29, "percent_covered": 100.0, "percent_covered_display": "100", "missing_lines": 0, "excluded_lines": 0, "percent_statements_covered": 100.0, "percent_statements_covered_display": "100"}, "missing_lines": [], "excluded_lines": [], "start_line": 1}}}, "etl/extractors/chat_extractor.py": {"executed_lines": [3, 4, 5, 6, 7, 8, 10, 12, 13, 16, 19, 20, 21, 22, 24, 25, 26, 27, 29, 31, 32, 35, 39, 40, 41, 43, 44, 48, 49, 50, 52, 53, 55, 57, 60, 61, 62, 63, 65, 66, 67, 68, 72, 74, 75, 77, 78, 79, 93, 95, 96, 98, 99, 100, 101, 102, 103, 104, 105, 106, 107, 108, 109, 114, 116, 118, 119, 121, 122, 125, 126, 127, 128, 129, 131, 133, 134, 136, 137, 140, 141, 142, 143, 144, 146, 153, 155, 156, 157, 158, 160, 161, 162, 163, 164, 167, 169, 171, 176, 178, 179, 180, 181, 182, 183, 208, 210, 213, 214, 215, 216, 218, 219, 221, 222, 223, 224, 225, 227, 228, 234, 235, 237, 243, 252, 261, 271, 278, 279, 280, 281, 283, 284, 285, 287, 307, 309, 310, 311, 327, 329, 330, 332, 333, 335, 336, 337, 339, 340, 341, 342, 343, 345, 347, 348, 350, 351, 352, 353, 354, 355, 356, 358, 360, 361, 362, 364, 365, 367, 368, 369, 371, 372, 373, 374, 375, 380, 381, 383, 385, 386, 388], "summary": {"covered_lines": 182, "num_statements": 250, "percent_covered": 72.8, "percent_covered_display": "73", "missing_lines": 68, "excluded_lines": 2, "percent_statements_covered": 72.8, "percent_statements_covered_display": "73"}, "missing_lines": [33, 34, 36, 37, 58, 69, 70, 80, 81, 82, 83, 84, 85, 86, 89, 90, 91, 111, 112, 113, 123, 138, 148, 149, 150, 151, 159, 165, 166, 185, 186, 187, 188, 190, 191, 192, 193, 194, 195, 196, 197, 198, 199, 201, 203, 204, 206, 211, 217, 226, 229, 230, 231, 233, 238, 239, 241, 263, 264, 265, 266, 267, 268, 269, 376, 377, 382, 384], "excluded_lines": [87, 378], "functions": {"ChatExtractor.__init__": {"executed_lines": [25, 26, 27], "summary": {"covered_lines": 3, "num_statements": 3, "percent_covered": 100.0, "percent_covered_display": "100", "missing_lines": 0, "excluded_lines": 0, "percent_statements_covered": 100.0, "percent_statements_covered_display": "100"}, "missing_lines": [], "excluded_lines": [], "start_line": 24}, "ChatExtractor.validate_connection": {"executed_lines": [31, 32, 35, 39, 40, 41, 43, 44, 48, 49, 50, 52, 53], "summary": {"covered_lines": 13, "num_statements": 17, "percent_covered": 76.47058823529412, "percent_covered_display": "76", "missing_lines": 4, "excluded_lines": 0, "percent_statements_covered": 76.47058823529412, "percent_statements_covered_display": "76"}, "missing_lines": [33, 34, 36, 37], "excluded_lines": [], "start_line": 29}, "ChatExtractor.extract": {"executed_lines": [57, 60, 61, 62, 63, 65, 66, 67, 68], "summary": {"covered_lines": 9, "num_statements": 12, "percent_covered": 75.0, "percent_covered_display": "75", "missing_lines": 3, "excluded_lines": 0, "percent_statements_covered": 75.0, "percent_statements_covered_display": "75"}, "missing_lines": [58, 69, 70], "excluded_lines": [], "start_line": 55}, "ChatExtractor._parse_file": {"executed_lines": [74, 75, 77, 78, 79], "summary": {"covered_lines": 5, "num_statements": 15, "percent_covered": 33.333333333333336, "percent_covered_display": "33", "missing_lines": 10, "excluded_lines": 1, "percent_statements_covered": 33.333333333333336, "percent_statements_covered_display": "33"}, "missing_lines": [80, 81, 82, 83, 84, 85, 86, 89, 90, 91], "excluded_lines": [87], "start_line": 72}, "ChatExtractor._parse_deepseek": {"executed_lines": [95, 96, 98, 99, 100, 101, 102, 103, 104, 105, 106, 107, 108, 109, 114], "summary": {"covered_lines": 15, "num_statements": 18, "percent_covered": 83.33333333333333, "percent_covered_display": "83", "missing_lines": 3, "excluded_lines": 0, "percent_statements_covered": 83.33333333333333, "percent_statements_covered_display": "83"}, "missing_lines": [111, 112, 113], "excluded_lines": [], "start_line": 93}, "ChatExtractor._parse_chatgpt": {"executed_lines": [118, 119, 121, 122, 125, 126, 127, 128, 129], "summary": {"covered_lines": 9, "num_statements": 10, "percent_covered": 90.0, "percent_covered_display": "90", "missing_lines": 1, "excluded_lines": 0, "percent_statements_covered": 90.0, "percent_statements_covered_display": "90"}, "missing_lines": [123], "excluded_lines": [], "start_line": 116}, "ChatExtractor._parse_claude": {"executed_lines": [133, 134, 136, 137, 140, 141, 142, 143, 144], "summary": {"covered_lines": 9, "num_statements": 10, "percent_covered": 90.0, "percent_covered_display": "90", "missing_lines": 1, "excluded_lines": 0, "percent_statements_covered": 90.0, "percent_statements_covered_display": "90"}, "missing_lines": [138], "excluded_lines": [], "start_line": 131}, "ChatExtractor._parse_generic_json": {"executed_lines": [], "summary": {"covered_lines": 0, "num_statements": 4, "percent_covered": 0.0, "percent_covered_display": "0", "missing_lines": 4, "excluded_lines": 0, "percent_statements_covered": 0.0, "percent_statements_covered_display": "0"}, "missing_lines": [148, 149, 150, 151], "excluded_lines": [], "start_line": 146}, "ChatExtractor._parse_jsonl": {"executed_lines": [155, 156, 157, 158, 160, 161, 162, 163, 164, 167], "summary": {"covered_lines": 10, "num_statements": 13, "percent_covered": 76.92307692307692, "percent_covered_display": "77", "missing_lines": 3, "excluded_lines": 0, "percent_statements_covered": 76.92307692307692, "percent_statements_covered_display": "77"}, "missing_lines": [159, 165, 166], "excluded_lines": [], "start_line": 153}, "ChatExtractor._parse_generic_text": {"executed_lines": [171, 176, 178, 179, 180, 181, 182, 183], "summary": {"covered_lines": 8, "num_statements": 26, "percent_covered": 30.76923076923077, "percent_covered_display": "31", "missing_lines": 18, "excluded_lines": 0, "percent_statements_covered": 30.76923076923077, "percent_statements_covered_display": "31"}, "missing_lines": [185, 186, 187, 188, 190, 191, 192, 193, 194, 195, 196, 197, 198, 199, 201, 203, 204, 206], "excluded_lines": [], "start_line": 169}, "ChatExtractor._normalize_conversation": {"executed_lines": [210, 213, 214, 215, 216, 218, 219, 221, 222, 223, 224, 225, 227, 228, 234, 235, 237, 243, 252], "summary": {"covered_lines": 19, "num_statements": 29, "percent_covered": 65.51724137931035, "percent_covered_display": "66", "missing_lines": 10, "excluded_lines": 0, "percent_statements_covered": 65.51724137931035, "percent_statements_covered_display": "66"}, "missing_lines": [211, 217, 226, 229, 230, 231, 233, 238, 239, 241], "excluded_lines": [], "start_line": 208}, "ChatExtractor._extract_from_mapping": {"executed_lines": [], "summary": {"covered_lines": 0, "num_statements": 7, "percent_covered": 0.0, "percent_covered_display": "0", "missing_lines": 7, "excluded_lines": 0, "percent_statements_covered": 0.0, "percent_statements_covered_display": "0"}, "missing_lines": [263, 264, 265, 266, 267, 268, 269], "excluded_lines": [], "start_line": 261}, "ChatExtractor._conversation_to_documents": {"executed_lines": [278, 279, 280, 281, 283, 284, 285, 287, 307, 309, 310, 311, 327], "summary": {"covered_lines": 13, "num_statements": 13, "percent_covered": 100.0, "percent_covered_display": "100", "missing_lines": 0, "excluded_lines": 0, "percent_statements_covered": 100.0, "percent_statements_covered_display": "100"}, "missing_lines": [], "excluded_lines": [], "start_line": 271}, "ChatExtractor._extract_qa_pairs": {"executed_lines": [332, 333, 335, 336, 337, 339, 340, 341, 342, 343, 345], "summary": {"covered_lines": 11, "num_statements": 11, "percent_covered": 100.0, "percent_covered_display": "100", "missing_lines": 0, "excluded_lines": 0, "percent_statements_covered": 100.0, "percent_statements_covered_display": "100"}, "missing_lines": [], "excluded_lines": [], "start_line": 330}, "ChatExtractor._extract_code_blocks": {"executed_lines": [350, 351, 352, 353, 354, 355, 356], "summary": {"covered_lines": 7, "num_statements": 7, "percent_covered": 100.0, "percent_covered_display": "100", "missing_lines": 0, "excluded_lines": 0, "percent_statements_covered": 100.0, "percent_statements_covered_display": "100"}, "missing_lines": [], "excluded_lines": [], "start_line": 348}, "ChatExtractor.should_process": {"executed_lines": [360, 361, 362], "summary": {"covered_lines": 3, "num_statements": 3, "percent_covered": 100.0, "percent_covered_display": "100", "missing_lines": 0, "excluded_lines": 0, "percent_statements_covered": 100.0, "percent_statements_covered_display": "100"}, "missing_lines": [], "excluded_lines": [], "start_line": 358}, "ChatExtractor._detect_format": {"executed_lines": [367, 368, 369, 371, 372, 373, 374, 375, 380, 381, 383, 385, 386, 388], "summary": {"covered_lines": 14, "num_statements": 18, "percent_covered": 77.77777777777777, "percent_covered_display": "78", "missing_lines": 4, "excluded_lines": 1, "percent_statements_covered": 77.77777777777777, "percent_statements_covered_display": "78"}, "missing_lines": [376, 377, 382, 384], "excluded_lines": [378], "start_line": 365}, "": {"executed_lines": [3, 4, 5, 6, 7, 8, 10, 12, 13, 16, 19, 20, 21, 22, 24, 29, 55, 72, 93, 116, 131, 146, 153, 169, 208, 261, 271, 329, 330, 347, 348, 358, 364, 365], "summary": {"covered_lines": 34, "num_statements": 34, "percent_covered": 100.0, "percent_covered_display": "100", "missing_lines": 0, "excluded_lines": 0, "percent_statements_covered": 100.0, "percent_statements_covered_display": "100"}, "missing_lines": [], "excluded_lines": [], "start_line": 1}}, "classes": {"ChatExtractor": {"executed_lines": [25, 26, 27, 31, 32, 35, 39, 40, 41, 43, 44, 48, 49, 50, 52, 53, 57, 60, 61, 62, 63, 65, 66, 67, 68, 74, 75, 77, 78, 79, 95, 96, 98, 99, 100, 101, 102, 103, 104, 105, 106, 107, 108, 109, 114, 118, 119, 121, 122, 125, 126, 127, 128, 129, 133, 134, 136, 137, 140, 141, 142, 143, 144, 155, 156, 157, 158, 160, 161, 162, 163, 164, 167, 171, 176, 178, 179, 180, 181, 182, 183, 210, 213, 214, 215, 216, 218, 219, 221, 222, 223, 224, 225, 227, 228, 234, 235, 237, 243, 252, 278, 279, 280, 281, 283, 284, 285, 287, 307, 309, 310, 311, 327, 332, 333, 335, 336, 337, 339, 340, 341, 342, 343, 345, 350, 351, 352, 353, 354, 355, 356, 360, 361, 362, 367, 368, 369, 371, 372, 373, 374, 375, 380, 381, 383, 385, 386, 388], "summary": {"covered_lines": 148, "num_statements": 216, "percent_covered": 68.51851851851852, "percent_covered_display": "69", "missing_lines": 68, "excluded_lines": 2, "percent_statements_covered": 68.51851851851852, "percent_statements_covered_display": "69"}, "missing_lines": [33, 34, 36, 37, 58, 69, 70, 80, 81, 82, 83, 84, 85, 86, 89, 90, 91, 111, 112, 113, 123, 138, 148, 149, 150, 151, 159, 165, 166, 185, 186, 187, 188, 190, 191, 192, 193, 194, 195, 196, 197, 198, 199, 201, 203, 204, 206, 211, 217, 226, 229, 230, 231, 233, 238, 239, 241, 263, 264, 265, 266, 267, 268, 269, 376, 377, 382, 384], "excluded_lines": [87, 378], "start_line": 16}, "": {"executed_lines": [3, 4, 5, 6, 7, 8, 10, 12, 13, 16, 19, 20, 21, 22, 24, 29, 55, 72, 93, 116, 131, 146, 153, 169, 208, 261, 271, 329, 330, 347, 348, 358, 364, 365], "summary": {"covered_lines": 34, "num_statements": 34, "percent_covered": 100.0, "percent_covered_display": "100", "missing_lines": 0, "excluded_lines": 0, "percent_statements_covered": 100.0, "percent_statements_covered_display": "100"}, "missing_lines": [], "excluded_lines": [], "start_line": 1}}}, "etl/extractors/confluence.py": {"executed_lines": [13, 14, 15, 16, 17, 18, 19, 20, 21, 23, 24, 25, 26, 29, 32, 33, 36, 37, 54, 55, 56, 57, 58, 59, 60, 61, 63, 64, 65, 66, 67, 68, 69, 70, 71, 74, 75, 76, 78, 81, 82, 83, 86, 89, 90, 91, 92, 94, 96, 98, 99, 101, 103, 124, 126, 127, 128, 129, 130, 131, 132, 133, 135, 136, 137, 139, 175, 200, 202, 203, 204, 205, 206, 207, 209, 215, 221, 259, 261, 262, 263, 264, 265, 266, 267, 269, 270, 272, 275, 276, 277, 278, 279, 281, 283, 284, 285, 286, 288, 301, 425, 427, 428, 429, 430, 431, 432, 433, 434, 435, 436, 437, 438, 439, 440, 442, 443, 444, 450], "summary": {"covered_lines": 119, "num_statements": 276, "percent_covered": 43.11594202898551, "percent_covered_display": "43", "missing_lines": 157, "excluded_lines": 4, "percent_statements_covered": 43.11594202898551, "percent_statements_covered_display": "43"}, "missing_lines": [84, 105, 106, 107, 108, 109, 114, 115, 116, 117, 118, 119, 120, 121, 122, 141, 142, 143, 145, 146, 147, 148, 149, 150, 151, 152, 153, 154, 155, 156, 157, 158, 159, 160, 161, 163, 164, 165, 166, 167, 168, 169, 170, 172, 173, 179, 180, 181, 186, 187, 188, 189, 190, 191, 194, 195, 196, 198, 211, 212, 213, 217, 218, 219, 223, 224, 225, 226, 227, 228, 229, 230, 231, 232, 233, 234, 235, 236, 237, 238, 239, 240, 241, 242, 244, 245, 246, 247, 248, 249, 250, 251, 253, 254, 255, 256, 257, 290, 291, 293, 294, 296, 297, 298, 299, 309, 310, 311, 312, 313, 314, 317, 318, 324, 327, 328, 329, 330, 340, 341, 342, 343, 344, 354, 355, 356, 357, 358, 359, 360, 361, 362, 370, 371, 372, 373, 377, 378, 379, 380, 381, 382, 383, 384, 385, 386, 387, 388, 392, 393, 396, 399, 400, 402, 423, 445, 446], "excluded_lines": [453, 455, 467, 468], "functions": {"ConfluenceExtractor.__init__": {"executed_lines": [54, 55, 56, 57, 58, 59, 60, 61, 63, 64, 65, 66, 67, 68, 69, 70, 71, 74, 75, 76, 78, 81, 82, 83, 86, 89, 90, 91, 92, 94, 96, 98, 99, 101], "summary": {"covered_lines": 34, "num_statements": 35, "percent_covered": 97.14285714285714, "percent_covered_display": "97", "missing_lines": 1, "excluded_lines": 0, "percent_statements_covered": 97.14285714285714, "percent_statements_covered_display": "97"}, "missing_lines": [84], "excluded_lines": [], "start_line": 37}, "ConfluenceExtractor.test_connection": {"executed_lines": [], "summary": {"covered_lines": 0, "num_statements": 14, "percent_covered": 0.0, "percent_covered_display": "0", "missing_lines": 14, "excluded_lines": 0, "percent_statements_covered": 0.0, "percent_statements_covered_display": "0"}, "missing_lines": [105, 106, 107, 108, 109, 114, 115, 116, 117, 118, 119, 120, 121, 122], "excluded_lines": [], "start_line": 103}, "ConfluenceExtractor._load_wal": {"executed_lines": [126, 127, 128, 129, 130, 131, 132, 133], "summary": {"covered_lines": 8, "num_statements": 8, "percent_covered": 100.0, "percent_covered_display": "100", "missing_lines": 0, "excluded_lines": 0, "percent_statements_covered": 100.0, "percent_statements_covered_display": "100"}, "missing_lines": [], "excluded_lines": [], "start_line": 124}, "ConfluenceExtractor._save_wal": {"executed_lines": [136, 137], "summary": {"covered_lines": 2, "num_statements": 2, "percent_covered": 100.0, "percent_covered_display": "100", "missing_lines": 0, "excluded_lines": 0, "percent_statements_covered": 100.0, "percent_statements_covered_display": "100"}, "missing_lines": [], "excluded_lines": [], "start_line": 135}, "ConfluenceExtractor._request": {"executed_lines": [], "summary": {"covered_lines": 0, "num_statements": 30, "percent_covered": 0.0, "percent_covered_display": "0", "missing_lines": 30, "excluded_lines": 0, "percent_statements_covered": 0.0, "percent_statements_covered_display": "0"}, "missing_lines": [141, 142, 143, 145, 146, 147, 148, 149, 150, 151, 152, 153, 154, 155, 156, 157, 158, 159, 160, 161, 163, 164, 165, 166, 167, 168, 169, 170, 172, 173], "excluded_lines": [], "start_line": 139}, "ConfluenceExtractor._get_all_pages": {"executed_lines": [], "summary": {"covered_lines": 0, "num_statements": 13, "percent_covered": 0.0, "percent_covered_display": "0", "missing_lines": 13, "excluded_lines": 0, "percent_statements_covered": 0.0, "percent_statements_covered_display": "0"}, "missing_lines": [179, 180, 181, 186, 187, 188, 189, 190, 191, 194, 195, 196, 198], "excluded_lines": [], "start_line": 175}, "ConfluenceExtractor._get_page_versions": {"executed_lines": [202, 203, 204, 205, 206, 207], "summary": {"covered_lines": 6, "num_statements": 6, "percent_covered": 100.0, "percent_covered_display": "100", "missing_lines": 0, "excluded_lines": 0, "percent_statements_covered": 100.0, "percent_statements_covered_display": "100"}, "missing_lines": [], "excluded_lines": [], "start_line": 200}, "ConfluenceExtractor._get_comments": {"executed_lines": [], "summary": {"covered_lines": 0, "num_statements": 3, "percent_covered": 0.0, "percent_covered_display": "0", "missing_lines": 3, "excluded_lines": 0, "percent_statements_covered": 0.0, "percent_statements_covered_display": "0"}, "missing_lines": [211, 212, 213], "excluded_lines": [], "start_line": 209}, "ConfluenceExtractor._get_attachments_metadata": {"executed_lines": [], "summary": {"covered_lines": 0, "num_statements": 3, "percent_covered": 0.0, "percent_covered_display": "0", "missing_lines": 3, "excluded_lines": 0, "percent_statements_covered": 0.0, "percent_statements_covered_display": "0"}, "missing_lines": [217, 218, 219], "excluded_lines": [], "start_line": 215}, "ConfluenceExtractor._download_attachment": {"executed_lines": [], "summary": {"covered_lines": 0, "num_statements": 33, "percent_covered": 0.0, "percent_covered_display": "0", "missing_lines": 33, "excluded_lines": 0, "percent_statements_covered": 0.0, "percent_statements_covered_display": "0"}, "missing_lines": [223, 224, 225, 226, 227, 228, 229, 230, 231, 232, 233, 234, 235, 236, 237, 238, 239, 240, 241, 242, 244, 245, 246, 247, 248, 249, 250, 251, 253, 254, 255, 256, 257], "excluded_lines": [], "start_line": 221}, "ConfluenceExtractor._extract_links_from_html": {"executed_lines": [261, 262, 263, 264, 265, 266, 267, 269, 270], "summary": {"covered_lines": 9, "num_statements": 9, "percent_covered": 100.0, "percent_covered_display": "100", "missing_lines": 0, "excluded_lines": 0, "percent_statements_covered": 100.0, "percent_statements_covered_display": "100"}, "missing_lines": [], "excluded_lines": [], "start_line": 259}, "ConfluenceExtractor._calculate_page_hash": {"executed_lines": [275, 276, 277, 278, 279], "summary": {"covered_lines": 5, "num_statements": 5, "percent_covered": 100.0, "percent_covered_display": "100", "missing_lines": 0, "excluded_lines": 0, "percent_statements_covered": 100.0, "percent_statements_covered_display": "100"}, "missing_lines": [], "excluded_lines": [], "start_line": 272}, "ConfluenceExtractor._should_process_page": {"executed_lines": [283, 284, 285, 286], "summary": {"covered_lines": 4, "num_statements": 4, "percent_covered": 100.0, "percent_covered_display": "100", "missing_lines": 0, "excluded_lines": 0, "percent_statements_covered": 100.0, "percent_statements_covered_display": "100"}, "missing_lines": [], "excluded_lines": [], "start_line": 281}, "ConfluenceExtractor._save_page_data": {"executed_lines": [], "summary": {"covered_lines": 0, "num_statements": 8, "percent_covered": 0.0, "percent_covered_display": "0", "missing_lines": 8, "excluded_lines": 0, "percent_statements_covered": 0.0, "percent_statements_covered_display": "0"}, "missing_lines": [290, 291, 293, 294, 296, 297, 298, 299], "excluded_lines": [], "start_line": 288}, "ConfluenceExtractor.extract_page": {"executed_lines": [], "summary": {"covered_lines": 0, "num_statements": 50, "percent_covered": 0.0, "percent_covered_display": "0", "missing_lines": 50, "excluded_lines": 0, "percent_statements_covered": 0.0, "percent_statements_covered_display": "0"}, "missing_lines": [309, 310, 311, 312, 313, 314, 317, 318, 324, 327, 328, 329, 330, 340, 341, 342, 343, 344, 354, 355, 356, 357, 358, 359, 360, 361, 362, 370, 371, 372, 373, 377, 378, 379, 380, 381, 382, 383, 384, 385, 386, 387, 388, 392, 393, 396, 399, 400, 402, 423], "excluded_lines": [], "start_line": 301}, "ConfluenceExtractor.run": {"executed_lines": [427, 428, 429, 430, 431, 432, 433, 434, 435, 436, 437, 438, 439, 440, 442, 443, 444, 450], "summary": {"covered_lines": 18, "num_statements": 20, "percent_covered": 90.0, "percent_covered_display": "90", "missing_lines": 2, "excluded_lines": 0, "percent_statements_covered": 90.0, "percent_statements_covered_display": "90"}, "missing_lines": [445, 446], "excluded_lines": [], "start_line": 425}, "": {"executed_lines": [13, 14, 15, 16, 17, 18, 19, 20, 21, 23, 24, 25, 26, 29, 32, 33, 36, 37, 103, 124, 135, 139, 175, 200, 209, 215, 221, 259, 272, 281, 288, 301, 425], "summary": {"covered_lines": 33, "num_statements": 33, "percent_covered": 100.0, "percent_covered_display": "100", "missing_lines": 0, "excluded_lines": 4, "percent_statements_covered": 100.0, "percent_statements_covered_display": "100"}, "missing_lines": [], "excluded_lines": [453, 455, 467, 468], "start_line": 1}}, "classes": {"ConfluenceExtractor": {"executed_lines": [54, 55, 56, 57, 58, 59, 60, 61, 63, 64, 65, 66, 67, 68, 69, 70, 71, 74, 75, 76, 78, 81, 82, 83, 86, 89, 90, 91, 92, 94, 96, 98, 99, 101, 126, 127, 128, 129, 130, 131, 132, 133, 136, 137, 202, 203, 204, 205, 206, 207, 261, 262, 263, 264, 265, 266, 267, 269, 270, 275, 276, 277, 278, 279, 283, 284, 285, 286, 427, 428, 429, 430, 431, 432, 433, 434, 435, 436, 437, 438, 439, 440, 442, 443, 444, 450], "summary": {"covered_lines": 86, "num_statements": 243, "percent_covered": 35.390946502057616, "percent_covered_display": "35", "missing_lines": 157, "excluded_lines": 0, "percent_statements_covered": 35.390946502057616, "percent_statements_covered_display": "35"}, "missing_lines": [84, 105, 106, 107, 108, 109, 114, 115, 116, 117, 118, 119, 120, 121, 122, 141, 142, 143, 145, 146, 147, 148, 149, 150, 151, 152, 153, 154, 155, 156, 157, 158, 159, 160, 161, 163, 164, 165, 166, 167, 168, 169, 170, 172, 173, 179, 180, 181, 186, 187, 188, 189, 190, 191, 194, 195, 196, 198, 211, 212, 213, 217, 218, 219, 223, 224, 225, 226, 227, 228, 229, 230, 231, 232, 233, 234, 235, 236, 237, 238, 239, 240, 241, 242, 244, 245, 246, 247, 248, 249, 250, 251, 253, 254, 255, 256, 257, 290, 291, 293, 294, 296, 297, 298, 299, 309, 310, 311, 312, 313, 314, 317, 318, 324, 327, 328, 329, 330, 340, 341, 342, 343, 344, 354, 355, 356, 357, 358, 359, 360, 361, 362, 370, 371, 372, 373, 377, 378, 379, 380, 381, 382, 383, 384, 385, 386, 387, 388, 392, 393, 396, 399, 400, 402, 423, 445, 446], "excluded_lines": [], "start_line": 36}, "": {"executed_lines": [13, 14, 15, 16, 17, 18, 19, 20, 21, 23, 24, 25, 26, 29, 32, 33, 36, 37, 103, 124, 135, 139, 175, 200, 209, 215, 221, 259, 272, 281, 288, 301, 425], "summary": {"covered_lines": 33, "num_statements": 33, "percent_covered": 100.0, "percent_covered_display": "100", "missing_lines": 0, "excluded_lines": 4, "percent_statements_covered": 100.0, "percent_statements_covered_display": "100"}, "missing_lines": [], "excluded_lines": [453, 455, 467, 468], "start_line": 1}}}, "etl/extractors/doc_extractor.py": {"executed_lines": [3, 4, 5, 6, 8, 10, 11, 14, 17, 18, 19, 21, 23, 24, 25, 26, 28, 30, 31, 32, 33, 34, 35, 36, 38, 39, 40, 42, 43, 47, 48, 49, 51, 52, 54, 56, 59, 60, 61, 62, 63, 64, 65, 66, 69, 71, 72, 76, 78, 79, 81, 82, 83, 85, 86, 87, 88, 90, 91, 93, 94, 95, 97, 98, 100, 121, 123, 125, 127, 128, 130, 131, 132, 134, 135, 136, 138, 141, 142, 143, 145, 163, 165, 167, 169, 170, 172, 173, 174, 176, 177, 178, 180, 183, 184, 185, 187, 205, 207, 209, 211, 212, 214, 226, 246, 247, 249, 250, 251, 252, 253, 254, 255, 256, 258, 259, 261, 262, 263, 264, 265, 266, 267, 268, 269, 270, 271, 272, 273, 274, 275, 277, 278, 284, 286, 287, 289, 290, 291, 293, 294, 296, 297, 299, 302, 303, 304, 306, 307, 309, 310, 311, 312, 314, 315, 316, 318, 319, 321, 322, 323, 324, 326, 328, 329, 330, 332, 333, 335, 336, 337, 341, 343, 344, 346, 347, 348, 349, 350, 351, 357, 361, 363, 365, 366, 368, 369, 371, 372, 374, 375, 376, 379, 381, 382, 384, 385, 386, 389, 391, 392, 394, 395, 396, 397, 398, 399, 400, 401, 402, 404, 405, 407, 408, 409, 410, 411, 412, 413, 414, 415, 416, 417, 418, 419, 421], "summary": {"covered_lines": 226, "num_statements": 258, "percent_covered": 87.59689922480621, "percent_covered_display": "88", "missing_lines": 32, "excluded_lines": 0, "percent_statements_covered": 87.59689922480621, "percent_statements_covered_display": "88"}, "missing_lines": [57, 67, 73, 74, 139, 181, 279, 280, 281, 282, 300, 313, 325, 327, 338, 339, 340, 352, 353, 354, 356, 358, 359, 360, 362, 377, 378, 387, 388, 423, 424, 425], "excluded_lines": [], "functions": {"DocExtractor.__init__": {"executed_lines": [24, 25, 26], "summary": {"covered_lines": 3, "num_statements": 3, "percent_covered": 100.0, "percent_covered_display": "100", "missing_lines": 0, "excluded_lines": 0, "percent_statements_covered": 100.0, "percent_statements_covered_display": "100"}, "missing_lines": [], "excluded_lines": [], "start_line": 23}, "DocExtractor.validate_connection": {"executed_lines": [30, 31, 32, 33, 34, 35, 36, 38, 39, 40, 42, 43, 47, 48, 49, 51, 52], "summary": {"covered_lines": 17, "num_statements": 17, "percent_covered": 100.0, "percent_covered_display": "100", "missing_lines": 0, "excluded_lines": 0, "percent_statements_covered": 100.0, "percent_statements_covered_display": "100"}, "missing_lines": [], "excluded_li
[...]
5, 118, 119, 122, 131, 149, 151, 153, 154, 160, 166, 175, 186, 190, 194, 198, 204, 229, 235, 290, 353, 367, 383, 405, 414, 427, 431, 454, 533, 535], "summary": {"covered_lines": 62, "num_statements": 62, "percent_covered": 100.0, "percent_covered_display": "100", "missing_lines": 0, "excluded_lines": 0, "percent_statements_covered": 100.0, "percent_statements_covered_display": "100"}, "missing_lines": [], "excluded_lines": [], "start_line": 1}}}, "proxy/app/tools/sdk.py": {"executed_lines": [9, 11, 12, 13, 14, 15, 16, 18, 26, 35, 38, 40, 41, 42, 43, 44, 45, 48, 54, 55, 58, 59, 60, 61, 63, 64, 65, 69, 72, 74, 75, 76, 77, 78, 79, 80, 81, 84, 86, 87, 88, 89, 90, 94, 96, 97, 98, 99, 100, 103, 105, 106, 111, 124, 125, 126, 130, 131, 133, 134, 137, 139, 140, 142, 143, 144, 146, 148, 149, 150, 152, 153, 155, 156, 157, 158, 159, 161, 163, 164, 166, 173, 174, 180, 181, 182, 183, 185, 186, 188, 189, 191, 192, 194, 195, 197, 198, 201, 228, 229, 230, 231, 232, 234, 236, 237, 238, 239, 244, 245, 248, 250, 253, 254, 255, 257, 258, 261, 268, 270, 286, 288, 290, 293, 312, 313, 314, 315, 316, 317, 318, 319, 320, 321, 322, 324, 325, 326, 328, 338, 339, 350, 352, 353, 354, 356, 357, 358, 360, 361, 362, 364, 365, 366, 368, 369, 370, 372, 376, 377, 378, 380, 381], "summary": {"covered_lines": 163, "num_statements": 180, "percent_covered": 90.55555555555556, "percent_covered_display": "91", "missing_lines": 17, "excluded_lines": 0, "percent_statements_covered": 90.55555555555556, "percent_statements_covered_display": "91"}, "missing_lines": [66, 67, 68, 91, 107, 108, 127, 128, 135, 240, 241, 242, 246, 251, 259, 373, 374], "excluded_lines": [], "functions": {"_unwrap_annotated": {"executed_lines": [40, 41, 42, 43, 44, 45], "summary": {"covered_lines": 6, "num_statements": 6, "percent_covered": 100.0, "percent_covered_display": "100", "missing_lines": 0, "excluded_lines": 0, "percent_statements_covered": 100.0, "percent_statements_covered_display": "100"}, "missing_lines": [], "excluded_lines": [], "start_line": 38}, "_resolve_type": {"executed_lines": [54, 55, 58, 59, 60, 61, 63, 64, 65, 69], "summary": {"covered_lines": 10, "num_statements": 13, "percent_covered": 76.92307692307692, "percent_covered_display": "77", "missing_lines": 3, "excluded_lines": 0, "percent_statements_covered": 76.92307692307692, "percent_statements_covered_display": "77"}, "missing_lines": [66, 67, 68], "excluded_lines": [], "start_line": 48}, "_extract_annotated_description": {"executed_lines": [74, 75, 76, 77, 78, 79, 80, 81], "summary": {"covered_lines": 8, "num_statements": 8, "percent_covered": 100.0, "percent_covered_display": "100", "missing_lines": 0, "excluded_lines": 0, "percent_statements_covered": 100.0, "percent_statements_covered_display": "100"}, "missing_lines": [], "excluded_lines": [], "start_line": 72}, "_extract_items_type": {"executed_lines": [86, 87, 88, 89, 90], "summary": {"covered_lines": 5, "num_statements": 6, "percent_covered": 83.33333333333333, "percent_covered_display": "83", "missing_lines": 1, "excluded_lines": 0, "percent_statements_covered": 83.33333333333333, "percent_statements_covered_display": "83"}, "missing_lines": [91], "excluded_lines": [], "start_line": 84}, "_is_optional": {"executed_lines": [96, 97, 98, 99, 100], "summary": {"covered_lines": 5, "num_statements": 5, "percent_covered": 100.0, "percent_covered_display": "100", "missing_lines": 0, "excluded_lines": 0, "percent_statements_covered": 100.0, "percent_statements_covered_display": "100"}, "missing_lines": [], "excluded_lines": [], "start_line": 94}, "_is_tool_context": {"executed_lines": [105, 106], "summary": {"covered_lines": 2, "num_statements": 4, "percent_covered": 50.0, "percent_covered_display": "50", "missing_lines": 2, "excluded_lines": 0, "percent_statements_covered": 50.0, "percent_statements_covered_display": "50"}, "missing_lines": [107, 108], "excluded_lines": [], "start_line": 103}, "json_schema_from_func": {"executed_lines": [124, 125, 126, 130, 131, 133, 134, 137, 139, 140, 142, 143, 144, 146, 148, 149, 150, 152, 153, 155, 156, 157, 158, 159, 161, 163, 164, 166], "summary": {"covered_lines": 28, "num_statements": 31, "percent_covered": 90.3225806451613, "percent_covered_display": "90", "missing_lines": 3, "excluded_lines": 0, "percent_statements_covered": 90.3225806451613, "percent_statements_covered_display": "90"}, "missing_lines": [127, 128, 135], "excluded_lines": [], "start_line": 111}, "ToolContext.get_state": {"executed_lines": [189], "summary": {"covered_lines": 1, "num_statements": 1, "percent_covered": 100.0, "percent_covered_display": "100", "missing_lines": 0, "excluded_lines": 0, "percent_statements_covered": 100.0, "percent_statements_covered_display": "100"}, "missing_lines": [], "excluded_lines": [], "start_line": 188}, "ToolContext.set_state": {"executed_lines": [192], "summary": {"covered_lines": 1, "num_statements": 1, "percent_covered": 100.0, "percent_covered_display": "100", "missing_lines": 0, "excluded_lines": 0, "percent_statements_covered": 100.0, "percent_statements_covered_display": "100"}, "missing_lines": [], "excluded_lines": [], "start_line": 191}, "ToolContext.stream_partial": {"executed_lines": [195], "summary": {"covered_lines": 1, "num_statements": 1, "percent_covered": 100.0, "percent_covered_display": "100", "missing_lines": 0, "excluded_lines": 0, "percent_statements_covered": 100.0, "percent_statements_covered_display": "100"}, "missing_lines": [], "excluded_lines": [], "start_line": 194}, "ToolContext.get_stream_parts": {"executed_lines": [198], "summary": {"covered_lines": 1, "num_statements": 1, "percent_covered": 100.0, "percent_covered_display": "100", "missing_lines": 0, "excluded_lines": 0, "percent_statements_covered": 100.0, "percent_statements_covered_display": "100"}, "missing_lines": [], "excluded_lines": [], "start_line": 197}, "tool": {"executed_lines": [228, 290], "summary": {"covered_lines": 2, "num_statements": 2, "percent_covered": 100.0, "percent_covered_display": "100", "missing_lines": 0, "excluded_lines": 0, "percent_statements_covered": 100.0, "percent_statements_covered_display": "100"}, "missing_lines": [], "excluded_lines": [], "start_line": 201}, "tool.decorator": {"executed_lines": [229, 230, 231, 232, 234, 236, 237, 238, 239, 244, 245, 248, 250, 253, 254, 255, 257, 258, 261, 268, 270, 286, 288], "summary": {"covered_lines": 23, "num_statements": 29, "percent_covered": 79.3103448275862, "percent_covered_display": "79", "missing_lines": 6, "excluded_lines": 0, "percent_statements_covered": 79.3103448275862, "percent_statements_covered_display": "79"}, "missing_lines": [240, 241, 242, 246, 251, 259], "excluded_lines": [], "start_line": 228}, "ToolBuilder.__init__": {"executed_lines": [313, 314, 315, 316, 317, 318, 319, 320, 321, 322], "summary": {"covered_lines": 10, "num_statements": 10, "percent_covered": 100.0, "percent_covered_display": "100", "missing_lines": 0, "excluded_lines": 0, "percent_statements_covered": 100.0, "percent_statements_covered_display": "100"}, "missing_lines": [], "excluded_lines": [], "start_line": 312}, "ToolBuilder.with_description": {"executed_lines": [325, 326], "summary": {"covered_lines": 2, "num_statements": 2, "percent_covered": 100.0, "percent_covered_display": "100", "missing_lines": 0, "excluded_lines": 0, "percent_statements_covered": 100.0, "percent_statements_covered_display": "100"}, "missing_lines": [], "excluded_lines": [], "start_line": 324}, "ToolBuilder.with_param": {"executed_lines": [338, 339, 350], "summary": {"covered_lines": 3, "num_statements": 3, "percent_covered": 100.0, "percent_covered_display": "100", "missing_lines": 0, "excluded_lines": 0, "percent_statements_covered": 100.0, "percent_statements_covered_display": "100"}, "missing_lines": [], "excluded_lines": [], "start_line": 328}, "ToolBuilder.with_handler": {"executed_lines": [353, 354], "summary": {"covered_lines": 2, "num_statements": 2, "percent_covered": 100.0, "percent_covered_display": "100", "missing_lines": 0, "excluded_lines": 0, "percent_statements_covered": 100.0, "percent_statements_covered_display": "100"}, "missing_lines": [], "excluded_lines": [], "start_line": 352}, "ToolBuilder.with_async_handler": {"executed_lines": [357, 358], "summary": {"covered_lines": 2, "num_statements": 2, "percent_covered": 100.0, "percent_covered_display": "100", "missing_lines": 0, "excluded_lines": 0, "percent_statements_covered": 100.0, "percent_statements_covered_display": "100"}, "missing_lines": [], "excluded_lines": [], "start_line": 356}, "ToolBuilder.with_category": {"executed_lines": [361, 362], "summary": {"covered_lines": 2, "num_statements": 2, "percent_covered": 100.0, "percent_covered_display": "100", "missing_lines": 0, "excluded_lines": 0, "percent_statements_covered": 100.0, "percent_statements_covered_display": "100"}, "missing_lines": [], "excluded_lines": [], "start_line": 360}, "ToolBuilder.with_tags": {"executed_lines": [365, 366], "summary": {"covered_lines": 2, "num_statements": 2, "percent_covered": 100.0, "percent_covered_display": "100", "missing_lines": 0, "excluded_lines": 0, "percent_statements_covered": 100.0, "percent_statements_covered_display": "100"}, "missing_lines": [], "excluded_lines": [], "start_line": 364}, "ToolBuilder.with_timeout": {"executed_lines": [369, 370], "summary": {"covered_lines": 2, "num_statements": 2, "percent_covered": 100.0, "percent_covered_display": "100", "missing_lines": 0, "excluded_lines": 0, "percent_statements_covered": 100.0, "percent_statements_covered_display": "100"}, "missing_lines": [], "excluded_lines": [], "start_line": 368}, "ToolBuilder.with_retry_policy": {"executed_lines": [], "summary": {"covered_lines": 0, "num_statements": 2, "percent_covered": 0.0, "percent_covered_display": "0", "missing_lines": 2, "excluded_lines": 0, "percent_statements_covered": 0.0, "percent_statements_covered_display": "0"}, "missing_lines": [373, 374], "excluded_lines": [], "start_line": 372}, "ToolBuilder.with_visibility": {"executed_lines": [377, 378], "summary": {"covered_lines": 2, "num_statements": 2, "percent_covered": 100.0, "percent_covered_display": "100", "missing_lines": 0, "excluded_lines": 0, "percent_statements_covered": 100.0, "percent_statements_covered_display": "100"}, "missing_lines": [], "excluded_lines": [], "start_line": 376}, "ToolBuilder.build": {"executed_lines": [381], "summary": {"covered_lines": 1, "num_statements": 1, "percent_covered": 100.0, "percent_covered_display": "100", "missing_lines": 0, "excluded_lines": 0, "percent_statements_covered": 100.0, "percent_statements_covered_display": "100"}, "missing_lines": [], "excluded_lines": [], "start_line": 380}, "": {"executed_lines": [9, 11, 12, 13, 14, 15, 16, 18, 26, 35, 38, 48, 72, 84, 94, 103, 111, 173, 174, 180, 181, 182, 183, 185, 186, 188, 191, 194, 197, 201, 293, 312, 324, 328, 352, 356, 360, 364, 368, 372, 376, 380], "summary": {"covered_lines": 42, "num_statements": 42, "percent_covered": 100.0, "percent_covered_display": "100", "missing_lines": 0, "excluded_lines": 0, "percent_statements_covered": 100.0, "percent_statements_covered_display": "100"}, "missing_lines": [], "excluded_lines": [], "start_line": 1}}, "classes": {"ToolContext": {"executed_lines": [189, 192, 195, 198], "summary": {"covered_lines": 4, "num_statements": 4, "percent_covered": 100.0, "percent_covered_display": "100", "missing_lines": 0, "excluded_lines": 0, "percent_statements_covered": 100.0, "percent_statements_covered_display": "100"}, "missing_lines": [], "excluded_lines": [], "start_line": 174}, "ToolBuilder": {"executed_lines": [313, 314, 315, 316, 317, 318, 319, 320, 321, 322, 325, 326, 338, 339, 350, 353, 354, 357, 358, 361, 362, 365, 366, 369, 370, 377, 378, 381], "summary": {"covered_lines": 28, "num_statements": 30, "percent_covered": 93.33333333333333, "percent_covered_display": "93", "missing_lines": 2, "excluded_lines": 0, "percent_statements_covered": 93.33333333333333, "percent_statements_covered_display": "93"}, "missing_lines": [373, 374], "excluded_lines": [], "start_line": 293}, "": {"executed_lines": [9, 11, 12, 13, 14, 15, 16, 18, 26, 35, 38, 40, 41, 42, 43, 44, 45, 48, 54, 55, 58, 59, 60, 61, 63, 64, 65, 69, 72, 74, 75, 76, 77, 78, 79, 80, 81, 84, 86, 87, 88, 89, 90, 94, 96, 97, 98, 99, 100, 103, 105, 106, 111, 124, 125, 126, 130, 131, 133, 134, 137, 139, 140, 142, 143, 144, 146, 148, 149, 150, 152, 153, 155, 156, 157, 158, 159, 161, 163, 164, 166, 173, 174, 180, 181, 182, 183, 185, 186, 188, 191, 194, 197, 201, 228, 229, 230, 231, 232, 234, 236, 237, 238, 239, 244, 245, 248, 250, 253, 254, 255, 257, 258, 261, 268, 270, 286, 288, 290, 293, 312, 324, 328, 352, 356, 360, 364, 368, 372, 376, 380], "summary": {"covered_lines": 131, "num_statements": 146, "percent_covered": 89.72602739726027, "percent_covered_display": "90", "missing_lines": 15, "excluded_lines": 0, "percent_statements_covered": 89.72602739726027, "percent_statements_covered_display": "90"}, "missing_lines": [66, 67, 68, 91, 107, 108, 127, 128, 135, 240, 241, 242, 246, 251, 259], "excluded_lines": [], "start_line": 1}}}, "proxy/app/tools/security.py": {"executed_lines": [12, 14, 15, 16, 18, 19, 21, 27, 30, 31, 39, 56, 58, 70, 77, 78, 79, 81, 88, 90, 98, 99, 100, 101, 102, 103, 111, 125, 127, 128, 129, 131, 132, 133, 134, 135, 137, 138, 139, 140, 141, 142, 143, 144, 150, 159, 161, 162, 164, 165, 166, 168, 169, 171, 173, 179, 180, 182, 183, 186, 187, 189, 190, 192, 193, 194, 196, 200, 204, 205, 207, 208, 209, 211, 212, 213, 214, 220, 228], "summary": {"covered_lines": 79, "num_statements": 91, "percent_covered": 86.81318681318682, "percent_covered_display": "87", "missing_lines": 12, "excluded_lines": 0, "percent_statements_covered": 86.81318681318682, "percent_statements_covered_display": "87"}, "missing_lines": [184, 188, 197, 198, 201, 202, 206, 210, 215, 217, 218, 229], "excluded_lines": [], "functions": {"_strip_control": {"executed_lines": [31], "summary": {"covered_lines": 1, "num_statements": 1, "percent_covered": 100.0, "percent_covered_display": "100", "missing_lines": 0, "excluded_lines": 0, "percent_statements_covered": 100.0, "percent_statements_covered_display": "100"}, "missing_lines": [], "excluded_lines": [], "start_line": 30}, "ToolVisibilityFilter.check_visibility": {"executed_lines": [77, 78, 79], "summary": {"covered_lines": 3, "num_statements": 3, "percent_covered": 100.0, "percent_covered_display": "100", "missing_lines": 0, "excluded_lines": 0, "percent_statements_covered": 100.0, "percent_statements_covered_display": "100"}, "missing_lines": [], "excluded_lines": [], "start_line": 70}, "ToolVisibilityFilter.filter": {"executed_lines": [88], "summary": {"covered_lines": 1, "num_statements": 1, "percent_covered": 100.0, "percent_covered_display": "100", "missing_lines": 0, "excluded_lines": 0, "percent_statements_covered": 100.0, "percent_statements_covered_display": "100"}, "missing_lines": [], "excluded_lines": [], "start_line": 81}, "ToolVisibilityFilter.filter_by_name": {"executed_lines": [98, 99, 100, 101, 102, 103], "summary": {"covered_lines": 6, "num_statements": 6, "percent_covered": 100.0, "percent_covered_display": "100", "missing_lines": 0, "excluded_lines": 0, "percent_statements_covered": 100.0, "percent_statements_covered_display": "100"}, "missing_lines": [], "excluded_lines": [], "start_line": 90}, "ToolInputSanitizer.sanitize": {"executed_lines": [127, 128, 129], "summary": {"covered_lines": 3, "num_statements": 3, "percent_covered": 100.0, "percent_covered_display": "100", "missing_lines": 0, "excluded_lines": 0, "percent_statements_covered": 100.0, "percent_statements_covered_display": "100"}, "missing_lines": [], "excluded_lines": [], "start_line": 125}, "ToolInputSanitizer._sanitize_dict": {"executed_lines": [132, 133, 134, 135], "summary": {"covered_lines": 4, "num_statements": 4, "percent_covered": 100.0, "percent_covered_display": "100", "missing_lines": 0, "excluded_lines": 0, "percent_statements_covered": 100.0, "percent_statements_covered_display": "100"}, "missing_lines": [], "excluded_lines": [], "start_line": 131}, "ToolInputSanitizer._sanitize_value": {"executed_lines": [138, 139, 140, 141, 142, 143, 144], "summary": {"covered_lines": 7, "num_statements": 7, "percent_covered": 100.0, "percent_covered_display": "100", "missing_lines": 0, "excluded_lines": 0, "percent_statements_covered": 100.0, "percent_statements_covered_display": "100"}, "missing_lines": [], "excluded_lines": [], "start_line": 137}, "ToolInputSanitizer.validate": {"executed_lines": [159, 161, 162, 164, 165, 166, 168, 169, 171, 173], "summary": {"covered_lines": 10, "num_statements": 10, "percent_covered": 100.0, "percent_covered_display": "100", "missing_lines": 0, "excluded_lines": 0, "percent_statements_covered": 100.0, "percent_statements_covered_display": "100"}, "missing_lines": [], "excluded_lines": [], "start_line": 150}, "ToolInputSanitizer._validate_type": {"executed_lines": [180, 182, 183, 186, 187, 189, 190, 192, 193, 194, 196, 200, 204, 205, 207, 208, 209, 211, 212, 213, 214, 220], "summary": {"covered_lines": 22, "num_statements": 33, "percent_covered": 66.66666666666667, "percent_covered_display": "67", "missing_lines": 11, "excluded_lines": 0, "percent_statements_covered": 66.66666666666667, "percent_statements_covered_display": "67"}, "missing_lines": [184, 188, 197, 198, 201, 202, 206, 210, 215, 217, 218], "excluded_lines": [], "start_line": 179}, "_resolve_string_type": {"executed_lines": [], "summary": {"covered_lines": 0, "num_statements": 1, "percent_covered": 0.0, "percent_covered_display": "0", "missing_lines": 1, "excluded_lines": 0, "percent_statements_covered": 0.0, "percent_statements_covered_display": "0"}, "missing_lines": [229], "excluded_lines": [], "start_line": 228}, "": {"executed_lines": [12, 14, 15, 16, 18, 19, 21, 27, 30, 39, 56, 58, 70, 81, 90, 111, 125, 131, 137, 150, 179, 228], "summary": {"covered_lines": 22, "num_statements": 22, "percent_covered": 100.0, "percent_covered_display": "100", "missing_lines": 0, "excluded_lines": 0, "percent_statements_covered": 100.0, "percent_statements_covered_display": "100"}, "missing_lines": [], "excluded_lines": [], "start_line": 1}}, "classes": {"ToolVisibilityFilter": {"executed_lines": [77, 78, 79, 88, 98, 99, 100, 101, 102, 103], "summary": {"covered_lines": 10, "num_statements": 10, "percent_covered": 100.0, "percent_covered_display": "100", "missing_lines": 0, "excluded_lines": 0, "percent_statements_covered": 100.0, "percent_statements_covered_display": "100"}, "missing_lines": [], "excluded_lines": [], "start_line": 39}, "ToolInputSanitizer": {"executed_lines": [127, 128, 129, 132, 133, 134, 135, 138, 139, 140, 141, 142, 143, 144, 159, 161, 162, 164, 165, 166, 168, 169, 171, 173, 180, 182, 183, 186, 187, 189, 190, 192, 193, 194, 196, 200, 204, 205, 207, 208, 209, 211, 212, 213, 214, 220], "summary": {"covered_lines": 46, "num_statements": 57, "percent_covered": 80.70175438596492, "percent_covered_display": "81", "missing_lines": 11, "excluded_lines": 0, "percent_statements_covered": 80.70175438596492, "percent_statements_covered_display": "81"}, "missing_lines": [184, 188, 197, 198, 201, 202, 206, 210, 215, 217, 218], "excluded_lines": [], "start_line": 111}, "": {"executed_lines": [12, 14, 15, 16, 18, 19, 21, 27, 30, 31, 39, 56, 58, 70, 81, 90, 111, 125, 131, 137, 150, 179, 228], "summary": {"covered_lines": 23, "num_statements": 24, "percent_covered": 95.83333333333333, "percent_covered_display": "96", "missing_lines": 1, "excluded_lines": 0, "percent_statements_covered": 95.83333333333333, "percent_statements_covered_display": "96"}, "missing_lines": [229], "excluded_lines": [], "start_line": 1}}}}, "totals": {"covered_lines": 13139, "num_statements": 16229, "percent_covered": 80.96000985889457, "percent_covered_display": "81", "missing_lines": 3090, "excluded_lines": 648, "percent_statements_covered": 80.96000985889457, "percent_statements_covered_display": "81"}}